c:\share\nipponpaint\3.pg\serialdll\serialdll\serialdll\serialdll\x64\release\serialdll.pch
c:\share\nipponpaint\3.pg\serialdll\serialdll\serialdll\serialdll\x64\release\vc143.pdb
c:\share\nipponpaint\3.pg\serialdll\serialdll\serialdll\serialdll\x64\release\pch.obj
c:\share\nipponpaint\3.pg\serialdll\serialdll\serialdll\serialdll\x64\release\winec.obj
c:\share\nipponpaint\3.pg\serialdll\serialdll\serialdll\serialdll\x64\release\util_strtok.obj
c:\share\nipponpaint\3.pg\serialdll\serialdll\serialdll\serialdll\x64\release\serialparams.obj
c:\share\nipponpaint\3.pg\serialdll\serialdll\serialdll\serialdll\x64\release\params.obj
c:\share\nipponpaint\3.pg\serialdll\serialdll\serialdll\serialdll\x64\release\ecode.obj
c:\share\nipponpaint\3.pg\serialdll\serialdll\serialdll\serialdll\x64\release\dllmain.obj
c:\share\nipponpaint\3.pg\serialdll\serialdll\serialdll\serialdll\x64\release\dbglog.obj
c:\share\nipponpaint\3.pg\serialdll\serialdll\serialdll\serialdll\x64\release\comport.obj
c:\share\nipponpaint\3.pg\serialdll\serialdll\serialdll\serialdll\x64\release\ccmmsg.obj
c:\share\nipponpaint\3.pg\serialdll\serialdll\serialdll\x64\release\serialdll.dll
c:\share\nipponpaint\3.pg\serialdll\serialdll\serialdll\serialdll\x64\release\serialdll.ipdb
c:\share\nipponpaint\3.pg\serialdll\serialdll\serialdll\x64\release\serialdll.pdb
c:\share\nipponpaint\3.pg\serialdll\serialdll\serialdll\serialdll\x64\release\serialdll.iobj
c:\share\nipponpaint\3.pg\serialdll\serialdll\serialdll\x64\release\serialdll.lib
c:\share\nipponpaint\3.pg\serialdll\serialdll\serialdll\x64\release\serialdll.exp
c:\share\share\nipponpaint\3.repo\20220506\serialdll\serialdll\serialdll\serialdll\x64\release\ccmmsg.obj
c:\share\share\nipponpaint\3.repo\20220506\serialdll\serialdll\serialdll\serialdll\x64\release\comport.obj
c:\share\share\nipponpaint\3.repo\20220506\serialdll\serialdll\serialdll\serialdll\x64\release\dbglog.obj
c:\share\share\nipponpaint\3.repo\20220506\serialdll\serialdll\serialdll\serialdll\x64\release\dllmain.obj
c:\share\share\nipponpaint\3.repo\20220506\serialdll\serialdll\serialdll\serialdll\x64\release\ecode.obj
c:\share\share\nipponpaint\3.repo\20220506\serialdll\serialdll\serialdll\serialdll\x64\release\params.obj
c:\share\share\nipponpaint\3.repo\20220506\serialdll\serialdll\serialdll\serialdll\x64\release\pch.obj
c:\share\share\nipponpaint\3.repo\20220506\serialdll\serialdll\serialdll\serialdll\x64\release\serialparams.obj
c:\share\share\nipponpaint\3.repo\20220506\serialdll\serialdll\serialdll\serialdll\x64\release\util_strtok.obj
c:\share\share\nipponpaint\3.repo\20220506\serialdll\serialdll\serialdll\serialdll\x64\release\winec.obj
c:\share\share\nipponpaint\3.repo\20220506\serialdll\serialdll\serialdll\serialdll\x64\release\serialdll.ipdb
c:\share\share\nipponpaint\3.repo\20220506\serialdll\serialdll\serialdll\serialdll\x64\release\serialdll.iobj
c:\share\share\nipponpaint\3.repo\20220506\serialdll\serialdll\serialdll\serialdll\x64\release\serialdll.pch
c:\share\share\nipponpaint\3.repo\20220506\serialdll\serialdll\serialdll\serialdll\x64\release\vc143.pdb
c:\share\share\nipponpaint\3.repo\20220506\serialdll\serialdll\serialdll\x64\release\serialdll.pdb
c:\share\share\nipponpaint\3.repo\20220506\serialdll\serialdll\serialdll\x64\release\serialdll.dll
c:\share\share\nipponpaint\3.repo\20220506\serialdll\serialdll\serialdll\serialdll\x64\release\serialdll.tlog\cl.command.1.tlog
c:\share\share\nipponpaint\3.repo\20220506\serialdll\serialdll\serialdll\serialdll\x64\release\serialdll.tlog\cl.read.1.tlog
c:\share\share\nipponpaint\3.repo\20220506\serialdll\serialdll\serialdll\serialdll\x64\release\serialdll.tlog\cl.write.1.tlog
c:\share\share\nipponpaint\3.repo\20220506\serialdll\serialdll\serialdll\serialdll\x64\release\serialdll.tlog\link.command.1.tlog
c:\share\share\nipponpaint\3.repo\20220506\serialdll\serialdll\serialdll\serialdll\x64\release\serialdll.tlog\link.read.1.tlog
c:\share\share\nipponpaint\3.repo\20220506\serialdll\serialdll\serialdll\serialdll\x64\release\serialdll.tlog\link.write.1.tlog
c:\share\share\nipponpaint\3.repo\20220506\serialdll\serialdll\serialdll\serialdll\x64\release\serialdll.tlog\serialdll.write.1u.tlog
