2022/05/26 18:39:53.019	OrderManager	情報	主画面を閉じました
2022/05/26 18:40:17.678	OrderManager	情報	一覧を更新しました
2022/05/26 18:40:17.681	OrderManager	情報	一覧を更新しました
2022/05/26 18:40:17.697	OrderManager	情報	一覧を更新しました
2022/05/26 18:40:17.712	OrderManager	情報	一覧を更新しました
2022/05/26 18:40:17.734	OrderManager	情報	一覧を更新しました
2022/05/26 18:40:17.741	OrderManager	情報	主画面の初期化を完了しました
2022/05/26 18:40:17.752	OrderManager	情報	一覧の行を選択しました
2022/05/26 18:40:17.754	OrderManager	情報	一覧の行を選択しました
2022/05/26 18:40:17.770	OrderManager	情報	一覧の行を選択しました
2022/05/26 18:40:17.773	OrderManager	情報	一覧を更新しました
2022/05/26 18:40:17.787	OrderManager	情報	一覧の行を選択しました
2022/05/26 18:40:17.800	OrderManager	情報	一覧の行を選択しました
2022/05/26 18:40:21.140	OrderManager	情報	一覧を更新しました
2022/05/26 18:40:21.142	OrderManager	情報	一覧を更新しました
2022/05/26 18:40:21.144	OrderManager	情報	一覧を更新しました
2022/05/26 18:40:21.149	OrderManager	情報	一覧を更新しました
2022/05/26 18:40:21.185	OrderManager	情報	主画面を開きました
2022/05/26 18:40:23.076	OrderManager	情報	主画面を閉じました
2022/05/26 18:42:01.220	OrderManager	情報	一覧を更新しました
2022/05/26 18:42:01.221	OrderManager	情報	一覧を更新しました
2022/05/26 18:42:01.246	OrderManager	情報	一覧を更新しました
2022/05/26 18:42:01.259	OrderManager	情報	一覧を更新しました
2022/05/26 18:42:01.278	OrderManager	情報	一覧を更新しました
2022/05/26 18:42:01.286	OrderManager	情報	主画面の初期化を完了しました
2022/05/26 18:42:01.300	OrderManager	情報	一覧の行を選択しました
2022/05/26 18:42:01.307	OrderManager	情報	一覧の行を選択しました
2022/05/26 18:42:01.331	OrderManager	情報	一覧の行を選択しました
2022/05/26 18:42:01.336	OrderManager	情報	一覧を更新しました
2022/05/26 18:42:01.363	OrderManager	情報	一覧の行を選択しました
2022/05/26 18:42:01.384	OrderManager	情報	一覧の行を選択しました
2022/05/26 18:42:04.518	OrderManager	情報	一覧を更新しました
2022/05/26 18:42:04.519	OrderManager	情報	一覧を更新しました
2022/05/26 18:42:04.521	OrderManager	情報	一覧を更新しました
2022/05/26 18:42:04.524	OrderManager	情報	一覧を更新しました
2022/05/26 18:42:04.556	OrderManager	情報	主画面を開きました
2022/05/26 18:42:08.796	OrderManager	情報	一覧の行を選択しました
2022/05/26 18:42:08.933	OrderManager	情報	一覧の行を選択しました
2022/05/26 18:42:08.939	OrderManager	情報	一覧の行を選択しました
2022/05/26 18:42:09.033	OrderManager	情報	一覧の行を選択しました
2022/05/26 18:42:09.035	OrderManager	情報	一覧の行を選択しました
2022/05/26 18:42:09.148	OrderManager	情報	一覧の行を選択しました
2022/05/26 18:42:09.251	OrderManager	情報	一覧の行を選択しました
2022/05/26 18:42:09.253	OrderManager	情報	一覧の行を選択しました
2022/05/26 18:42:09.261	OrderManager	情報	一覧を更新しました
2022/05/26 18:42:14.695	OrderManager	情報	一覧の行を選択しました
2022/05/26 18:42:14.793	OrderManager	情報	一覧の行を選択しました
2022/05/26 18:42:14.796	OrderManager	情報	一覧の行を選択しました
2022/05/26 18:42:15.849	OrderManager	情報	一覧の行を選択しました
2022/05/26 18:42:15.949	OrderManager	情報	一覧の行を選択しました
2022/05/26 18:42:15.951	OrderManager	情報	一覧の行を選択しました
2022/05/26 18:42:16.771	OrderManager	情報	一覧の行を選択しました
2022/05/26 18:42:16.874	OrderManager	情報	一覧の行を選択しました
2022/05/26 18:42:16.875	OrderManager	情報	一覧の行を選択しました
2022/05/26 18:42:17.302	OrderManager	情報	一覧の行を選択しました
2022/05/26 18:42:17.399	OrderManager	情報	一覧の行を選択しました
2022/05/26 18:42:17.400	OrderManager	情報	一覧の行を選択しました
2022/05/26 18:42:17.726	OrderManager	情報	一覧の行を選択しました
2022/05/26 18:42:17.825	OrderManager	情報	一覧の行を選択しました
2022/05/26 18:42:17.826	OrderManager	情報	一覧の行を選択しました
2022/05/26 18:42:18.299	OrderManager	情報	一覧の行を選択しました
2022/05/26 18:42:18.408	OrderManager	情報	一覧の行を選択しました
2022/05/26 18:42:18.409	OrderManager	情報	一覧の行を選択しました
2022/05/26 18:42:19.947	OrderManager	情報	主画面を閉じました
