2022/06/14 09:22:12.401	OrderManager	情報	一覧を更新しました
2022/06/14 09:22:12.402	OrderManager	情報	一覧を更新しました
2022/06/14 09:22:12.526	OrderManager	情報	一覧を更新しました
2022/06/14 09:22:12.669	OrderManager	情報	一覧を更新しました
2022/06/14 09:22:13.705	OrderManager	情報	一覧を更新しました
2022/06/14 09:22:13.714	OrderManager	情報	主画面の初期化を完了しました
2022/06/14 09:22:13.732	OrderManager	情報	一覧の行を選択しました
2022/06/14 09:22:13.742	OrderManager	情報	一覧の行を選択しました
2022/06/14 09:22:13.757	OrderManager	情報	一覧の行を選択しました
2022/06/14 09:22:13.758	OrderManager	情報	一覧を更新しました
2022/06/14 09:22:13.776	OrderManager	情報	一覧の行を選択しました
2022/06/14 09:22:13.799	OrderManager	情報	一覧の行を選択しました
2022/06/14 09:22:16.789	OrderManager	情報	一覧を更新しました
2022/06/14 09:22:16.790	OrderManager	情報	一覧を更新しました
2022/06/14 09:22:16.791	OrderManager	情報	一覧を更新しました
2022/06/14 09:22:16.792	OrderManager	情報	一覧を更新しました
2022/06/14 09:22:16.883	OrderManager	情報	主画面を開きました
2022/06/14 09:22:31.682	OrderManager	情報	一覧の行を選択しました
2022/06/14 09:22:31.791	OrderManager	情報	一覧の行を選択しました
2022/06/14 09:22:51.893	OrderManager	情報	ボタンをクリックしました（機能：作業指示書の印刷(F5)）
2022/06/14 09:22:56.088	OrderManager	情報	主画面を閉じました
2022/06/14 13:45:45.803	OrderManager	情報	一覧を更新しました
2022/06/14 13:45:45.804	OrderManager	情報	一覧を更新しました
2022/06/14 13:45:45.851	OrderManager	情報	一覧を更新しました
2022/06/14 13:45:45.886	OrderManager	情報	一覧を更新しました
2022/06/14 13:45:45.936	OrderManager	情報	一覧を更新しました
2022/06/14 13:45:45.944	OrderManager	情報	主画面の初期化を完了しました
2022/06/14 13:45:45.961	OrderManager	情報	一覧の行を選択しました
2022/06/14 13:45:45.970	OrderManager	情報	一覧の行を選択しました
2022/06/14 13:45:45.982	OrderManager	情報	一覧の行を選択しました
2022/06/14 13:45:45.982	OrderManager	情報	一覧を更新しました
2022/06/14 13:45:45.992	OrderManager	情報	一覧の行を選択しました
2022/06/14 13:45:46.002	OrderManager	情報	一覧の行を選択しました
2022/06/14 13:45:48.597	OrderManager	情報	一覧を更新しました
2022/06/14 13:45:48.598	OrderManager	情報	一覧を更新しました
2022/06/14 13:45:48.599	OrderManager	情報	一覧を更新しました
2022/06/14 13:45:48.600	OrderManager	情報	一覧を更新しました
2022/06/14 13:45:48.649	OrderManager	情報	主画面を開きました
2022/06/14 13:45:50.798	OrderManager	情報	一覧の行を選択しました
2022/06/14 13:45:50.880	OrderManager	情報	一覧の行を選択しました
2022/06/14 13:45:53.649	OrderManager	クリティカル	例外が発生しました（内容：ローカル レポートの処理中にエラーが発生しました。）
2022/06/14 13:46:04.613	OrderManager	情報	主画面を閉じました
2022/06/14 13:47:04.791	OrderManager	情報	一覧を更新しました
2022/06/14 13:47:04.793	OrderManager	情報	一覧を更新しました
2022/06/14 13:47:04.826	OrderManager	情報	一覧を更新しました
2022/06/14 13:47:04.855	OrderManager	情報	一覧を更新しました
2022/06/14 13:47:04.900	OrderManager	情報	一覧を更新しました
2022/06/14 13:47:04.909	OrderManager	情報	主画面の初期化を完了しました
2022/06/14 13:47:04.920	OrderManager	情報	一覧の行を選択しました
2022/06/14 13:47:04.922	OrderManager	情報	一覧の行を選択しました
2022/06/14 13:47:04.934	OrderManager	情報	一覧の行を選択しました
2022/06/14 13:47:04.935	OrderManager	情報	一覧を更新しました
2022/06/14 13:47:04.949	OrderManager	情報	一覧の行を選択しました
2022/06/14 13:47:04.962	OrderManager	情報	一覧の行を選択しました
2022/06/14 13:47:07.608	OrderManager	情報	一覧を更新しました
2022/06/14 13:47:07.609	OrderManager	情報	一覧を更新しました
2022/06/14 13:47:07.610	OrderManager	情報	一覧を更新しました
2022/06/14 13:47:07.611	OrderManager	情報	一覧を更新しました
2022/06/14 13:47:07.686	OrderManager	情報	主画面を開きました
2022/06/14 13:47:09.475	OrderManager	情報	一覧の行を選択しました
2022/06/14 13:47:09.579	OrderManager	情報	一覧の行を選択しました
2022/06/14 13:47:26.127	OrderManager	情報	ボタンをクリックしました（機能：作業指示書の印刷(F5)）
2022/06/14 13:47:29.211	OrderManager	情報	主画面を閉じました
2022/06/14 14:12:15.404	OrderManager	情報	一覧を更新しました
2022/06/14 14:12:15.405	OrderManager	情報	一覧を更新しました
2022/06/14 14:12:15.445	OrderManager	情報	一覧を更新しました
2022/06/14 14:12:15.475	OrderManager	情報	一覧を更新しました
2022/06/14 14:12:15.525	OrderManager	情報	一覧を更新しました
2022/06/14 14:12:15.536	OrderManager	情報	主画面の初期化を完了しました
2022/06/14 14:12:15.548	OrderManager	情報	一覧の行を選択しました
2022/06/14 14:12:15.552	OrderManager	情報	一覧の行を選択しました
2022/06/14 14:12:15.563	OrderManager	情報	一覧の行を選択しました
2022/06/14 14:12:15.564	OrderManager	情報	一覧を更新しました
2022/06/14 14:12:15.575	OrderManager	情報	一覧の行を選択しました
2022/06/14 14:12:15.587	OrderManager	情報	一覧の行を選択しました
2022/06/14 14:12:18.202	OrderManager	情報	一覧を更新しました
2022/06/14 14:12:18.203	OrderManager	情報	一覧を更新しました
2022/06/14 14:12:18.204	OrderManager	情報	一覧を更新しました
2022/06/14 14:12:18.205	OrderManager	情報	一覧を更新しました
2022/06/14 14:12:18.274	OrderManager	情報	主画面を開きました
2022/06/14 14:12:20.551	OrderManager	情報	一覧の行を選択しました
2022/06/14 14:12:20.677	OrderManager	情報	一覧の行を選択しました
2022/06/14 14:12:42.991	OrderManager	情報	ボタンをクリックしました（機能：作業指示書の印刷(F5)）
2022/06/14 14:12:44.444	OrderManager	情報	主画面を閉じました
2022/06/14 14:14:44.168	OrderManager	情報	一覧を更新しました
2022/06/14 14:14:44.169	OrderManager	情報	一覧を更新しました
2022/06/14 14:14:45.234	OrderManager	情報	一覧を更新しました
2022/06/14 14:14:46.455	OrderManager	情報	一覧を更新しました
2022/06/14 14:14:47.981	OrderManager	情報	一覧を更新しました
2022/06/14 14:14:47.987	OrderManager	情報	主画面の初期化を完了しました
2022/06/14 14:14:47.995	OrderManager	情報	一覧の行を選択しました
2022/06/14 14:14:47.997	OrderManager	情報	一覧の行を選択しました
2022/06/14 14:14:48.007	OrderManager	情報	一覧の行を選択しました
2022/06/14 14:14:48.009	OrderManager	情報	一覧を更新しました
2022/06/14 14:14:48.019	OrderManager	情報	一覧の行を選択しました
2022/06/14 14:14:48.029	OrderManager	情報	一覧の行を選択しました
2022/06/14 14:14:50.609	OrderManager	情報	一覧を更新しました
2022/06/14 14:14:50.609	OrderManager	情報	一覧を更新しました
2022/06/14 14:14:50.610	OrderManager	情報	一覧を更新しました
2022/06/14 14:14:50.612	OrderManager	情報	一覧を更新しました
2022/06/14 14:14:50.655	OrderManager	情報	主画面を開きました
2022/06/14 14:14:52.180	OrderManager	情報	一覧の行を選択しました
2022/06/14 14:14:52.285	OrderManager	情報	一覧の行を選択しました
2022/06/14 14:15:13.400	OrderManager	情報	ボタンをクリックしました（機能：作業指示書の印刷(F5)）
2022/06/14 14:15:14.373	OrderManager	情報	主画面を閉じました
2022/06/14 14:19:33.666	OrderManager	情報	一覧を更新しました
2022/06/14 14:19:33.668	OrderManager	情報	一覧を更新しました
2022/06/14 14:19:33.912	OrderManager	情報	一覧を更新しました
2022/06/14 14:19:34.040	OrderManager	情報	一覧を更新しました
2022/06/14 14:19:34.344	OrderManager	情報	一覧を更新しました
2022/06/14 14:19:34.354	OrderManager	情報	主画面の初期化を完了しました
2022/06/14 14:19:34.369	OrderManager	情報	一覧の行を選択しました
2022/06/14 14:19:34.371	OrderManager	情報	一覧の行を選択しました
2022/06/14 14:19:34.394	OrderManager	情報	一覧の行を選択しました
2022/06/14 14:19:34.397	OrderManager	情報	一覧を更新しました
2022/06/14 14:19:34.417	OrderManager	情報	一覧の行を選択しました
2022/06/14 14:19:34.428	OrderManager	情報	一覧の行を選択しました
2022/06/14 14:19:37.834	OrderManager	情報	一覧を更新しました
2022/06/14 14:19:37.835	OrderManager	情報	一覧を更新しました
2022/06/14 14:19:37.836	OrderManager	情報	一覧を更新しました
2022/06/14 14:19:37.838	OrderManager	情報	一覧を更新しました
2022/06/14 14:19:37.977	OrderManager	情報	主画面を開きました
2022/06/14 14:19:39.508	OrderManager	情報	一覧の行を選択しました
2022/06/14 14:19:39.621	OrderManager	情報	一覧の行を選択しました
2022/06/14 14:19:48.281	OrderManager	情報	ボタンをクリックしました（機能：作業指示書の印刷(F5)）
2022/06/14 14:19:49.557	OrderManager	情報	主画面を閉じました
2022/06/14 14:20:46.427	OrderManager	情報	一覧を更新しました
2022/06/14 14:20:46.428	OrderManager	情報	一覧を更新しました
2022/06/14 14:20:46.572	OrderManager	情報	一覧を更新しました
2022/06/14 14:20:47.156	OrderManager	情報	一覧を更新しました
2022/06/14 14:20:48.313	OrderManager	情報	一覧を更新しました
2022/06/14 14:20:48.323	OrderManager	情報	主画面の初期化を完了しました
2022/06/14 14:20:48.334	OrderManager	情報	一覧の行を選択しました
2022/06/14 14:20:48.336	OrderManager	情報	一覧の行を選択しました
2022/06/14 14:20:48.347	OrderManager	情報	一覧の行を選択しました
2022/06/14 14:20:48.348	OrderManager	情報	一覧を更新しました
2022/06/14 14:20:48.357	OrderManager	情報	一覧の行を選択しました
2022/06/14 14:20:48.367	OrderManager	情報	一覧の行を選択しました
2022/06/14 14:20:51.015	OrderManager	情報	一覧を更新しました
2022/06/14 14:20:51.015	OrderManager	情報	一覧を更新しました
2022/06/14 14:20:51.016	OrderManager	情報	一覧を更新しました
2022/06/14 14:20:51.018	OrderManager	情報	一覧を更新しました
2022/06/14 14:20:51.075	OrderManager	情報	主画面を開きました
2022/06/14 14:20:52.827	OrderManager	情報	一覧の行を選択しました
2022/06/14 14:20:52.942	OrderManager	情報	一覧の行を選択しました
2022/06/14 14:21:09.350	OrderManager	情報	ボタンをクリックしました（機能：作業指示書の印刷(F5)）
2022/06/14 14:21:10.509	OrderManager	情報	主画面を閉じました
2022/06/14 14:23:56.894	OrderManager	情報	一覧を更新しました
2022/06/14 14:23:56.896	OrderManager	情報	一覧を更新しました
2022/06/14 14:23:56.977	OrderManager	情報	一覧を更新しました
2022/06/14 14:23:57.111	OrderManager	情報	一覧を更新しました
2022/06/14 14:23:57.297	OrderManager	情報	一覧を更新しました
2022/06/14 14:23:57.304	OrderManager	情報	主画面の初期化を完了しました
2022/06/14 14:23:57.313	OrderManager	情報	一覧の行を選択しました
2022/06/14 14:23:57.315	OrderManager	情報	一覧の行を選択しました
2022/06/14 14:23:57.330	OrderManager	情報	一覧の行を選択しました
2022/06/14 14:23:57.331	OrderManager	情報	一覧を更新しました
2022/06/14 14:23:57.340	OrderManager	情報	一覧の行を選択しました
2022/06/14 14:23:57.350	OrderManager	情報	一覧の行を選択しました
2022/06/14 14:23:59.997	OrderManager	情報	一覧を更新しました
2022/06/14 14:23:59.997	OrderManager	情報	一覧を更新しました
2022/06/14 14:23:59.998	OrderManager	情報	一覧を更新しました
2022/06/14 14:23:59.999	OrderManager	情報	一覧を更新しました
2022/06/14 14:24:00.368	OrderManager	情報	主画面を開きました
2022/06/14 14:24:15.893	OrderManager	情報	一覧の行を選択しました
2022/06/14 14:24:16.037	OrderManager	情報	一覧の行を選択しました
2022/06/14 14:24:25.784	OrderManager	情報	ボタンをクリックしました（機能：作業指示書の印刷(F5)）
2022/06/14 14:24:26.578	OrderManager	情報	一覧の行を選択しました
2022/06/14 14:24:26.695	OrderManager	情報	一覧の行を選択しました
2022/06/14 14:25:17.914	OrderManager	情報	ボタンをクリックしました（機能：作業指示書の印刷(F5)）
2022/06/14 14:25:19.254	OrderManager	情報	主画面を閉じました
2022/06/14 14:58:42.494	OrderManager	情報	一覧を更新しました
2022/06/14 14:58:42.496	OrderManager	情報	一覧を更新しました
2022/06/14 14:58:42.695	OrderManager	情報	一覧を更新しました
2022/06/14 14:58:42.889	OrderManager	情報	一覧を更新しました
2022/06/14 14:58:43.362	OrderManager	情報	一覧を更新しました
2022/06/14 14:58:43.373	OrderManager	情報	主画面の初期化を完了しました
2022/06/14 14:58:43.392	OrderManager	情報	一覧の行を選択しました
2022/06/14 14:58:43.400	OrderManager	情報	一覧の行を選択しました
2022/06/14 14:58:43.413	OrderManager	情報	一覧の行を選択しました
2022/06/14 14:58:43.414	OrderManager	情報	一覧を更新しました
2022/06/14 14:58:43.424	OrderManager	情報	一覧の行を選択しました
2022/06/14 14:58:43.435	OrderManager	情報	一覧の行を選択しました
2022/06/14 14:58:46.044	OrderManager	情報	一覧を更新しました
2022/06/14 14:58:46.044	OrderManager	情報	一覧を更新しました
2022/06/14 14:58:46.045	OrderManager	情報	一覧を更新しました
2022/06/14 14:58:46.046	OrderManager	情報	一覧を更新しました
2022/06/14 14:58:46.150	OrderManager	情報	主画面を開きました
2022/06/14 14:58:47.910	OrderManager	情報	一覧の行を選択しました
2022/06/14 14:58:48.036	OrderManager	情報	一覧の行を選択しました
2022/06/14 14:58:56.492	OrderManager	情報	ボタンをクリックしました（機能：作業指示書の印刷(F5)）
2022/06/14 14:58:57.604	OrderManager	情報	主画面を閉じました
2022/06/14 16:22:53.530	OrderManager	情報	一覧を更新しました
2022/06/14 16:22:53.532	OrderManager	情報	一覧を更新しました
2022/06/14 16:22:53.630	OrderManager	情報	一覧を更新しました
2022/06/14 16:22:53.720	OrderManager	情報	一覧を更新しました
2022/06/14 16:22:53.859	OrderManager	情報	一覧を更新しました
2022/06/14 16:22:53.873	OrderManager	情報	主画面の初期化を完了しました
2022/06/14 16:22:53.887	OrderManager	情報	一覧の行を選択しました
2022/06/14 16:22:53.889	OrderManager	情報	一覧の行を選択しました
2022/06/14 16:22:53.901	OrderManager	情報	一覧の行を選択しました
2022/06/14 16:22:53.901	OrderManager	情報	一覧を更新しました
2022/06/14 16:22:53.913	OrderManager	情報	一覧の行を選択しました
2022/06/14 16:22:53.922	OrderManager	情報	一覧の行を選択しました
2022/06/14 16:22:56.505	OrderManager	情報	一覧を更新しました
2022/06/14 16:22:56.506	OrderManager	情報	一覧を更新しました
2022/06/14 16:22:56.507	OrderManager	情報	一覧を更新しました
2022/06/14 16:22:56.508	OrderManager	情報	一覧を更新しました
2022/06/14 16:22:56.620	OrderManager	情報	主画面を開きました
2022/06/14 16:22:58.232	OrderManager	情報	一覧の行を選択しました
2022/06/14 16:22:58.326	OrderManager	情報	一覧の行を選択しました
2022/06/14 16:23:00.707	OrderManager	クリティカル	例外が発生しました（内容：ローカル レポートの処理中にエラーが発生しました。）
2022/06/14 16:23:08.804	OrderManager	情報	一覧の行を選択しました
2022/06/14 16:23:08.909	OrderManager	情報	一覧の行を選択しました
2022/06/14 16:23:10.002	OrderManager	クリティカル	例外が発生しました（内容：ローカル レポートの処理中にエラーが発生しました。）
2022/06/14 16:23:13.578	OrderManager	情報	主画面を閉じました
2022/06/14 16:23:40.868	OrderManager	情報	一覧を更新しました
2022/06/14 16:23:40.869	OrderManager	情報	一覧を更新しました
2022/06/14 16:23:40.947	OrderManager	情報	一覧を更新しました
2022/06/14 16:23:41.024	OrderManager	情報	一覧を更新しました
2022/06/14 16:23:41.148	OrderManager	情報	一覧を更新しました
2022/06/14 16:23:41.154	OrderManager	情報	主画面の初期化を完了しました
2022/06/14 16:23:41.163	OrderManager	情報	一覧の行を選択しました
2022/06/14 16:23:41.164	OrderManager	情報	一覧の行を選択しました
2022/06/14 16:23:41.175	OrderManager	情報	一覧の行を選択しました
2022/06/14 16:23:41.176	OrderManager	情報	一覧を更新しました
2022/06/14 16:23:41.186	OrderManager	情報	一覧の行を選択しました
2022/06/14 16:23:41.196	OrderManager	情報	一覧の行を選択しました
2022/06/14 16:23:43.780	OrderManager	情報	一覧を更新しました
2022/06/14 16:23:43.781	OrderManager	情報	一覧を更新しました
2022/06/14 16:23:43.782	OrderManager	情報	一覧を更新しました
2022/06/14 16:23:43.783	OrderManager	情報	一覧を更新しました
2022/06/14 16:23:43.848	OrderManager	情報	主画面を開きました
2022/06/14 16:23:45.186	OrderManager	情報	一覧の行を選択しました
2022/06/14 16:23:45.314	OrderManager	情報	一覧の行を選択しました
2022/06/14 16:24:56.211	OrderManager	クリティカル	例外が発生しました（内容：ローカル レポートの処理中にエラーが発生しました。）
2022/06/14 16:25:32.761	OrderManager	クリティカル	例外が発生しました（内容：ローカル レポートの処理中にエラーが発生しました。）
2022/06/14 16:32:26.871	OrderManager	情報	一覧を更新しました
2022/06/14 16:32:26.872	OrderManager	情報	一覧を更新しました
2022/06/14 16:32:27.063	OrderManager	情報	一覧を更新しました
2022/06/14 16:32:27.349	OrderManager	情報	一覧を更新しました
2022/06/14 16:32:27.787	OrderManager	情報	一覧を更新しました
2022/06/14 16:32:27.803	OrderManager	情報	主画面の初期化を完了しました
2022/06/14 16:32:27.811	OrderManager	情報	一覧の行を選択しました
2022/06/14 16:32:27.813	OrderManager	情報	一覧の行を選択しました
2022/06/14 16:32:27.824	OrderManager	情報	一覧の行を選択しました
2022/06/14 16:32:27.825	OrderManager	情報	一覧を更新しました
2022/06/14 16:32:27.836	OrderManager	情報	一覧の行を選択しました
2022/06/14 16:32:27.846	OrderManager	情報	一覧の行を選択しました
2022/06/14 16:32:30.444	OrderManager	情報	一覧を更新しました
2022/06/14 16:32:30.444	OrderManager	情報	一覧を更新しました
2022/06/14 16:32:30.445	OrderManager	情報	一覧を更新しました
2022/06/14 16:32:30.446	OrderManager	情報	一覧を更新しました
2022/06/14 16:32:30.509	OrderManager	情報	主画面を開きました
2022/06/14 16:32:46.764	OrderManager	情報	一覧の行を選択しました
2022/06/14 16:32:46.874	OrderManager	情報	一覧の行を選択しました
2022/06/14 16:32:48.720	OrderManager	クリティカル	例外が発生しました（内容：ローカル レポートの処理中にエラーが発生しました。）
2022/06/14 16:32:52.314	OrderManager	情報	主画面を閉じました
2022/06/14 16:57:35.823	OrderManager	情報	一覧を更新しました
2022/06/14 16:57:35.825	OrderManager	情報	一覧を更新しました
2022/06/14 16:57:36.469	OrderManager	情報	一覧を更新しました
2022/06/14 16:57:36.661	OrderManager	情報	一覧を更新しました
2022/06/14 16:57:37.209	OrderManager	情報	一覧を更新しました
2022/06/14 16:57:37.217	OrderManager	情報	主画面の初期化を完了しました
2022/06/14 16:57:37.230	OrderManager	情報	一覧の行を選択しました
2022/06/14 16:57:37.232	OrderManager	情報	一覧の行を選択しました
2022/06/14 16:57:37.242	OrderManager	情報	一覧の行を選択しました
2022/06/14 16:57:37.244	OrderManager	情報	一覧を更新しました
2022/06/14 16:57:37.256	OrderManager	情報	一覧の行を選択しました
2022/06/14 16:57:37.266	OrderManager	情報	一覧の行を選択しました
2022/06/14 16:57:39.861	OrderManager	情報	一覧を更新しました
2022/06/14 16:57:39.861	OrderManager	情報	一覧を更新しました
2022/06/14 16:57:39.862	OrderManager	情報	一覧を更新しました
2022/06/14 16:57:39.863	OrderManager	情報	一覧を更新しました
2022/06/14 16:57:39.990	OrderManager	情報	主画面を開きました
2022/06/14 16:57:41.555	OrderManager	情報	一覧の行を選択しました
2022/06/14 16:57:41.660	OrderManager	情報	一覧の行を選択しました
2022/06/14 16:58:04.754	OrderManager	情報	ボタンをクリックしました（機能：作業指示書の印刷(F5)）
2022/06/14 16:58:18.428	OrderManager	情報	主画面を閉じました
2022/06/14 17:01:47.330	OrderManager	情報	一覧を更新しました
2022/06/14 17:01:47.331	OrderManager	情報	一覧を更新しました
2022/06/14 17:01:47.866	OrderManager	情報	一覧を更新しました
2022/06/14 17:01:48.840	OrderManager	情報	一覧を更新しました
2022/06/14 17:01:48.988	OrderManager	情報	一覧を更新しました
2022/06/14 17:01:48.994	OrderManager	情報	主画面の初期化を完了しました
2022/06/14 17:01:49.001	OrderManager	情報	一覧の行を選択しました
2022/06/14 17:01:49.003	OrderManager	情報	一覧の行を選択しました
2022/06/14 17:01:49.013	OrderManager	情報	一覧の行を選択しました
2022/06/14 17:01:49.014	OrderManager	情報	一覧を更新しました
2022/06/14 17:01:49.026	OrderManager	情報	一覧の行を選択しました
2022/06/14 17:01:49.036	OrderManager	情報	一覧の行を選択しました
2022/06/14 17:01:51.628	OrderManager	情報	一覧を更新しました
2022/06/14 17:01:51.629	OrderManager	情報	一覧を更新しました
2022/06/14 17:01:51.629	OrderManager	情報	一覧を更新しました
2022/06/14 17:01:51.631	OrderManager	情報	一覧を更新しました
2022/06/14 17:01:51.737	OrderManager	情報	主画面を開きました
2022/06/14 17:01:53.090	OrderManager	情報	一覧の行を選択しました
2022/06/14 17:01:53.181	OrderManager	情報	一覧の行を選択しました
2022/06/14 17:03:36.903	OrderManager	情報	ボタンをクリックしました（機能：作業指示書の印刷(F5)）
2022/06/14 17:03:59.054	OrderManager	情報	主画面を閉じました
2022/06/14 17:04:16.072	OrderManager	情報	一覧を更新しました
2022/06/14 17:04:16.073	OrderManager	情報	一覧を更新しました
2022/06/14 17:04:16.512	OrderManager	情報	一覧を更新しました
2022/06/14 17:04:16.675	OrderManager	情報	一覧を更新しました
2022/06/14 17:04:16.809	OrderManager	情報	一覧を更新しました
2022/06/14 17:04:16.815	OrderManager	情報	主画面の初期化を完了しました
2022/06/14 17:04:16.823	OrderManager	情報	一覧の行を選択しました
2022/06/14 17:04:16.825	OrderManager	情報	一覧の行を選択しました
2022/06/14 17:04:16.835	OrderManager	情報	一覧の行を選択しました
2022/06/14 17:04:16.835	OrderManager	情報	一覧を更新しました
2022/06/14 17:04:16.846	OrderManager	情報	一覧の行を選択しました
2022/06/14 17:04:16.856	OrderManager	情報	一覧の行を選択しました
2022/06/14 17:04:19.455	OrderManager	情報	一覧を更新しました
2022/06/14 17:04:19.456	OrderManager	情報	一覧を更新しました
2022/06/14 17:04:19.456	OrderManager	情報	一覧を更新しました
2022/06/14 17:04:19.458	OrderManager	情報	一覧を更新しました
2022/06/14 17:04:19.518	OrderManager	情報	主画面を開きました
2022/06/14 17:04:20.966	OrderManager	情報	一覧の行を選択しました
2022/06/14 17:04:21.069	OrderManager	情報	一覧の行を選択しました
2022/06/14 17:06:07.795	OrderManager	情報	ボタンをクリックしました（機能：作業指示書の印刷(F5)）
2022/06/14 17:08:51.115	OrderManager	情報	ボタンをクリックしました（機能：作業指示書の印刷(F5)）
2022/06/14 17:08:52.445	OrderManager	情報	主画面を閉じました
2022/06/14 17:26:35.182	OrderManager	情報	一覧を更新しました
2022/06/14 17:26:35.185	OrderManager	情報	一覧を更新しました
2022/06/14 17:26:35.291	OrderManager	情報	一覧を更新しました
2022/06/14 17:26:35.445	OrderManager	情報	一覧を更新しました
2022/06/14 17:26:35.619	OrderManager	情報	一覧を更新しました
2022/06/14 17:26:35.627	OrderManager	情報	主画面の初期化を完了しました
2022/06/14 17:26:35.640	OrderManager	情報	一覧の行を選択しました
2022/06/14 17:26:35.650	OrderManager	情報	一覧の行を選択しました
2022/06/14 17:26:35.661	OrderManager	情報	一覧の行を選択しました
2022/06/14 17:26:35.662	OrderManager	情報	一覧を更新しました
2022/06/14 17:26:35.672	OrderManager	情報	一覧の行を選択しました
2022/06/14 17:26:35.682	OrderManager	情報	一覧の行を選択しました
2022/06/14 17:26:38.328	OrderManager	情報	一覧を更新しました
2022/06/14 17:26:38.329	OrderManager	情報	一覧を更新しました
2022/06/14 17:26:38.329	OrderManager	情報	一覧を更新しました
2022/06/14 17:26:38.331	OrderManager	情報	一覧を更新しました
2022/06/14 17:26:38.415	OrderManager	情報	主画面を開きました
2022/06/14 17:26:39.914	OrderManager	情報	一覧の行を選択しました
2022/06/14 17:26:40.024	OrderManager	情報	一覧の行を選択しました
2022/06/14 17:30:56.782	OrderManager	情報	ボタンをクリックしました（機能：作業指示書の印刷(F5)）
2022/06/14 17:30:58.009	OrderManager	情報	主画面を閉じました
2022/06/14 17:31:10.732	OrderManager	情報	一覧を更新しました
2022/06/14 17:31:10.733	OrderManager	情報	一覧を更新しました
2022/06/14 17:31:10.793	OrderManager	情報	一覧を更新しました
2022/06/14 17:31:10.857	OrderManager	情報	一覧を更新しました
2022/06/14 17:31:10.953	OrderManager	情報	一覧を更新しました
2022/06/14 17:31:10.959	OrderManager	情報	主画面の初期化を完了しました
2022/06/14 17:31:10.974	OrderManager	情報	一覧の行を選択しました
2022/06/14 17:31:10.982	OrderManager	情報	一覧の行を選択しました
2022/06/14 17:31:10.992	OrderManager	情報	一覧の行を選択しました
2022/06/14 17:31:10.992	OrderManager	情報	一覧を更新しました
2022/06/14 17:31:11.003	OrderManager	情報	一覧の行を選択しました
2022/06/14 17:31:11.013	OrderManager	情報	一覧の行を選択しました
2022/06/14 17:31:13.593	OrderManager	情報	一覧を更新しました
2022/06/14 17:31:13.593	OrderManager	情報	一覧を更新しました
2022/06/14 17:31:13.594	OrderManager	情報	一覧を更新しました
2022/06/14 17:31:13.595	OrderManager	情報	一覧を更新しました
2022/06/14 17:31:13.664	OrderManager	情報	主画面を開きました
2022/06/14 17:31:15.887	OrderManager	情報	一覧の行を選択しました
2022/06/14 17:31:16.000	OrderManager	情報	一覧の行を選択しました
2022/06/14 17:37:53.695	OrderManager	情報	ボタンをクリックしました（機能：作業指示書の印刷(F5)）
2022/06/14 17:37:54.900	OrderManager	情報	主画面を閉じました
2022/06/14 17:38:07.999	OrderManager	情報	一覧を更新しました
2022/06/14 17:38:08.000	OrderManager	情報	一覧を更新しました
2022/06/14 17:38:08.052	OrderManager	情報	一覧を更新しました
2022/06/14 17:38:08.087	OrderManager	情報	一覧を更新しました
2022/06/14 17:38:08.167	OrderManager	情報	一覧を更新しました
2022/06/14 17:38:08.174	OrderManager	情報	主画面の初期化を完了しました
2022/06/14 17:38:08.182	OrderManager	情報	一覧の行を選択しました
2022/06/14 17:38:08.183	OrderManager	情報	一覧の行を選択しました
2022/06/14 17:38:08.196	OrderManager	情報	一覧の行を選択しました
2022/06/14 17:38:08.196	OrderManager	情報	一覧を更新しました
2022/06/14 17:38:08.209	OrderManager	情報	一覧の行を選択しました
2022/06/14 17:38:08.220	OrderManager	情報	一覧の行を選択しました
2022/06/14 17:38:10.840	OrderManager	情報	一覧を更新しました
2022/06/14 17:38:10.841	OrderManager	情報	一覧を更新しました
2022/06/14 17:38:10.841	OrderManager	情報	一覧を更新しました
2022/06/14 17:38:10.843	OrderManager	情報	一覧を更新しました
2022/06/14 17:38:10.915	OrderManager	情報	主画面を開きました
2022/06/14 17:38:13.388	OrderManager	情報	一覧の行を選択しました
2022/06/14 17:38:13.490	OrderManager	情報	一覧の行を選択しました
2022/06/14 17:38:47.268	OrderManager	情報	ボタンをクリックしました（機能：作業指示書の印刷(F5)）
2022/06/14 17:38:48.386	OrderManager	情報	主画面を閉じました
2022/06/14 17:40:43.635	OrderManager	情報	一覧を更新しました
2022/06/14 17:40:43.636	OrderManager	情報	一覧を更新しました
2022/06/14 17:40:43.731	OrderManager	情報	一覧を更新しました
2022/06/14 17:40:43.848	OrderManager	情報	一覧を更新しました
2022/06/14 17:40:44.137	OrderManager	情報	一覧を更新しました
2022/06/14 17:40:44.144	OrderManager	情報	主画面の初期化を完了しました
2022/06/14 17:40:44.152	OrderManager	情報	一覧の行を選択しました
2022/06/14 17:40:44.154	OrderManager	情報	一覧の行を選択しました
2022/06/14 17:40:44.164	OrderManager	情報	一覧の行を選択しました
2022/06/14 17:40:44.166	OrderManager	情報	一覧を更新しました
2022/06/14 17:40:44.179	OrderManager	情報	一覧の行を選択しました
2022/06/14 17:40:44.189	OrderManager	情報	一覧の行を選択しました
2022/06/14 17:40:46.788	OrderManager	情報	一覧を更新しました
2022/06/14 17:40:46.788	OrderManager	情報	一覧を更新しました
2022/06/14 17:40:46.790	OrderManager	情報	一覧を更新しました
2022/06/14 17:40:46.791	OrderManager	情報	一覧を更新しました
2022/06/14 17:40:46.848	OrderManager	情報	主画面を開きました
2022/06/14 17:40:48.654	OrderManager	情報	一覧の行を選択しました
2022/06/14 17:40:48.769	OrderManager	情報	一覧の行を選択しました
2022/06/14 17:41:03.624	OrderManager	情報	ボタンをクリックしました（機能：作業指示書の印刷(F5)）
2022/06/14 17:41:04.745	OrderManager	情報	主画面を閉じました
2022/06/14 17:41:31.737	OrderManager	情報	一覧を更新しました
2022/06/14 17:41:31.738	OrderManager	情報	一覧を更新しました
2022/06/14 17:41:31.867	OrderManager	情報	一覧を更新しました
2022/06/14 17:41:32.012	OrderManager	情報	一覧を更新しました
2022/06/14 17:41:32.265	OrderManager	情報	一覧を更新しました
2022/06/14 17:41:32.271	OrderManager	情報	主画面の初期化を完了しました
2022/06/14 17:41:32.280	OrderManager	情報	一覧の行を選択しました
2022/06/14 17:41:32.281	OrderManager	情報	一覧の行を選択しました
2022/06/14 17:41:32.291	OrderManager	情報	一覧の行を選択しました
2022/06/14 17:41:32.292	OrderManager	情報	一覧を更新しました
2022/06/14 17:41:32.304	OrderManager	情報	一覧の行を選択しました
2022/06/14 17:41:32.314	OrderManager	情報	一覧の行を選択しました
2022/06/14 17:41:34.918	OrderManager	情報	一覧を更新しました
2022/06/14 17:41:34.918	OrderManager	情報	一覧を更新しました
2022/06/14 17:41:34.919	OrderManager	情報	一覧を更新しました
2022/06/14 17:41:34.920	OrderManager	情報	一覧を更新しました
2022/06/14 17:41:34.982	OrderManager	情報	主画面を開きました
2022/06/14 17:41:37.404	OrderManager	情報	一覧の行を選択しました
2022/06/14 17:41:37.506	OrderManager	情報	一覧の行を選択しました
2022/06/14 17:42:07.131	OrderManager	情報	ボタンをクリックしました（機能：作業指示書の印刷(F5)）
2022/06/14 17:42:08.754	OrderManager	情報	主画面を閉じました
2022/06/14 17:47:42.483	OrderManager	情報	一覧を更新しました
2022/06/14 17:47:42.484	OrderManager	情報	一覧を更新しました
2022/06/14 17:47:42.633	OrderManager	情報	一覧を更新しました
2022/06/14 17:47:42.744	OrderManager	情報	一覧を更新しました
2022/06/14 17:47:43.162	OrderManager	情報	一覧を更新しました
2022/06/14 17:47:43.169	OrderManager	情報	主画面の初期化を完了しました
2022/06/14 17:47:43.177	OrderManager	情報	一覧の行を選択しました
2022/06/14 17:47:43.179	OrderManager	情報	一覧の行を選択しました
2022/06/14 17:47:43.191	OrderManager	情報	一覧の行を選択しました
2022/06/14 17:47:43.192	OrderManager	情報	一覧を更新しました
2022/06/14 17:47:43.202	OrderManager	情報	一覧の行を選択しました
2022/06/14 17:47:43.212	OrderManager	情報	一覧の行を選択しました
2022/06/14 17:47:45.849	OrderManager	情報	一覧を更新しました
2022/06/14 17:47:45.850	OrderManager	情報	一覧を更新しました
2022/06/14 17:47:45.851	OrderManager	情報	一覧を更新しました
2022/06/14 17:47:45.852	OrderManager	情報	一覧を更新しました
2022/06/14 17:47:45.920	OrderManager	情報	主画面を開きました
2022/06/14 17:47:47.657	OrderManager	情報	一覧の行を選択しました
2022/06/14 17:47:47.754	OrderManager	情報	一覧の行を選択しました
2022/06/14 17:48:18.235	OrderManager	情報	ボタンをクリックしました（機能：作業指示書の印刷(F5)）
2022/06/14 17:48:19.962	OrderManager	情報	主画面を閉じました
2022/06/14 17:49:21.100	OrderManager	情報	一覧を更新しました
2022/06/14 17:49:21.101	OrderManager	情報	一覧を更新しました
2022/06/14 17:49:21.711	OrderManager	情報	一覧を更新しました
2022/06/14 17:49:22.988	OrderManager	情報	一覧を更新しました
2022/06/14 17:49:24.524	OrderManager	情報	一覧を更新しました
2022/06/14 17:49:24.536	OrderManager	情報	主画面の初期化を完了しました
2022/06/14 17:49:24.546	OrderManager	情報	一覧の行を選択しました
2022/06/14 17:49:24.548	OrderManager	情報	一覧の行を選択しました
2022/06/14 17:49:24.560	OrderManager	情報	一覧の行を選択しました
2022/06/14 17:49:24.561	OrderManager	情報	一覧を更新しました
2022/06/14 17:49:24.571	OrderManager	情報	一覧の行を選択しました
2022/06/14 17:49:24.582	OrderManager	情報	一覧の行を選択しました
2022/06/14 17:49:27.158	OrderManager	情報	一覧を更新しました
2022/06/14 17:49:27.159	OrderManager	情報	一覧を更新しました
2022/06/14 17:49:27.160	OrderManager	情報	一覧を更新しました
2022/06/14 17:49:27.161	OrderManager	情報	一覧を更新しました
2022/06/14 17:49:27.227	OrderManager	情報	主画面を開きました
2022/06/14 17:49:29.476	OrderManager	情報	一覧の行を選択しました
2022/06/14 17:49:29.570	OrderManager	情報	一覧の行を選択しました
2022/06/14 17:49:40.260	OrderManager	情報	ボタンをクリックしました（機能：作業指示書の印刷(F5)）
2022/06/14 17:49:41.683	OrderManager	情報	主画面を閉じました
2022/06/14 17:50:23.932	OrderManager	情報	一覧を更新しました
2022/06/14 17:50:23.934	OrderManager	情報	一覧を更新しました
2022/06/14 17:50:24.308	OrderManager	情報	一覧を更新しました
2022/06/14 17:50:24.397	OrderManager	情報	一覧を更新しました
2022/06/14 17:50:24.508	OrderManager	情報	一覧を更新しました
2022/06/14 17:50:24.515	OrderManager	情報	主画面の初期化を完了しました
2022/06/14 17:50:24.524	OrderManager	情報	一覧の行を選択しました
2022/06/14 17:50:24.525	OrderManager	情報	一覧の行を選択しました
2022/06/14 17:50:24.535	OrderManager	情報	一覧の行を選択しました
2022/06/14 17:50:24.536	OrderManager	情報	一覧を更新しました
2022/06/14 17:50:24.546	OrderManager	情報	一覧の行を選択しました
2022/06/14 17:50:24.557	OrderManager	情報	一覧の行を選択しました
2022/06/14 17:50:27.158	OrderManager	情報	一覧を更新しました
2022/06/14 17:50:27.158	OrderManager	情報	一覧を更新しました
2022/06/14 17:50:27.160	OrderManager	情報	一覧を更新しました
2022/06/14 17:50:27.162	OrderManager	情報	一覧を更新しました
2022/06/14 17:50:27.236	OrderManager	情報	主画面を開きました
2022/06/14 17:50:28.628	OrderManager	情報	一覧の行を選択しました
2022/06/14 17:50:28.754	OrderManager	情報	一覧の行を選択しました
2022/06/14 17:50:44.753	OrderManager	情報	ボタンをクリックしました（機能：作業指示書の印刷(F5)）
2022/06/14 17:50:45.546	OrderManager	情報	主画面を閉じました
2022/06/14 17:53:02.420	OrderManager	情報	一覧を更新しました
2022/06/14 17:53:02.421	OrderManager	情報	一覧を更新しました
2022/06/14 17:53:02.491	OrderManager	情報	一覧を更新しました
2022/06/14 17:53:02.555	OrderManager	情報	一覧を更新しました
2022/06/14 17:53:02.648	OrderManager	情報	一覧を更新しました
2022/06/14 17:53:02.654	OrderManager	情報	主画面の初期化を完了しました
2022/06/14 17:53:02.665	OrderManager	情報	一覧の行を選択しました
2022/06/14 17:53:02.666	OrderManager	情報	一覧の行を選択しました
2022/06/14 17:53:02.677	OrderManager	情報	一覧の行を選択しました
2022/06/14 17:53:02.678	OrderManager	情報	一覧を更新しました
2022/06/14 17:53:02.688	OrderManager	情報	一覧の行を選択しました
2022/06/14 17:53:02.700	OrderManager	情報	一覧の行を選択しました
2022/06/14 17:53:05.337	OrderManager	情報	一覧を更新しました
2022/06/14 17:53:05.338	OrderManager	情報	一覧を更新しました
2022/06/14 17:53:05.338	OrderManager	情報	一覧を更新しました
2022/06/14 17:53:05.340	OrderManager	情報	一覧を更新しました
2022/06/14 17:53:05.405	OrderManager	情報	主画面を開きました
2022/06/14 17:53:06.674	OrderManager	情報	一覧の行を選択しました
2022/06/14 17:53:06.786	OrderManager	情報	一覧の行を選択しました
2022/06/14 17:53:40.333	OrderManager	情報	ボタンをクリックしました（機能：作業指示書の印刷(F5)）
2022/06/14 17:53:41.923	OrderManager	情報	主画面を閉じました
2022/06/14 17:55:13.480	OrderManager	情報	一覧を更新しました
2022/06/14 17:55:13.480	OrderManager	情報	一覧を更新しました
2022/06/14 17:55:13.653	OrderManager	情報	一覧を更新しました
2022/06/14 17:55:13.915	OrderManager	情報	一覧を更新しました
2022/06/14 17:55:14.832	OrderManager	情報	一覧を更新しました
2022/06/14 17:55:14.837	OrderManager	情報	主画面の初期化を完了しました
2022/06/14 17:55:14.847	OrderManager	情報	一覧の行を選択しました
2022/06/14 17:55:14.849	OrderManager	情報	一覧の行を選択しました
2022/06/14 17:55:14.859	OrderManager	情報	一覧の行を選択しました
2022/06/14 17:55:14.860	OrderManager	情報	一覧を更新しました
2022/06/14 17:55:14.874	OrderManager	情報	一覧の行を選択しました
2022/06/14 17:55:14.884	OrderManager	情報	一覧の行を選択しました
2022/06/14 17:55:17.523	OrderManager	情報	一覧を更新しました
2022/06/14 17:55:17.523	OrderManager	情報	一覧を更新しました
2022/06/14 17:55:17.524	OrderManager	情報	一覧を更新しました
2022/06/14 17:55:17.525	OrderManager	情報	一覧を更新しました
2022/06/14 17:55:17.585	OrderManager	情報	主画面を開きました
2022/06/14 17:55:18.968	OrderManager	情報	一覧の行を選択しました
2022/06/14 17:55:19.075	OrderManager	情報	一覧の行を選択しました
2022/06/14 17:56:19.096	OrderManager	情報	ボタンをクリックしました（機能：作業指示書の印刷(F5)）
2022/06/14 17:56:20.323	OrderManager	情報	主画面を閉じました
2022/06/14 17:56:51.132	OrderManager	情報	一覧を更新しました
2022/06/14 17:56:51.133	OrderManager	情報	一覧を更新しました
2022/06/14 17:56:51.198	OrderManager	情報	一覧を更新しました
2022/06/14 17:56:51.225	OrderManager	情報	一覧を更新しました
2022/06/14 17:56:51.360	OrderManager	情報	一覧を更新しました
2022/06/14 17:56:51.365	OrderManager	情報	主画面の初期化を完了しました
2022/06/14 17:56:51.374	OrderManager	情報	一覧の行を選択しました
2022/06/14 17:56:51.377	OrderManager	情報	一覧の行を選択しました
2022/06/14 17:56:51.389	OrderManager	情報	一覧の行を選択しました
2022/06/14 17:56:51.391	OrderManager	情報	一覧を更新しました
2022/06/14 17:56:51.401	OrderManager	情報	一覧の行を選択しました
2022/06/14 17:56:51.411	OrderManager	情報	一覧の行を選択しました
2022/06/14 17:56:54.022	OrderManager	情報	一覧を更新しました
2022/06/14 17:56:54.022	OrderManager	情報	一覧を更新しました
2022/06/14 17:56:54.023	OrderManager	情報	一覧を更新しました
2022/06/14 17:56:54.025	OrderManager	情報	一覧を更新しました
2022/06/14 17:56:54.083	OrderManager	情報	主画面を開きました
2022/06/14 17:58:22.672	OrderManager	情報	一覧の行を選択しました
2022/06/14 17:58:22.779	OrderManager	情報	一覧の行を選択しました
2022/06/14 17:59:00.931	OrderManager	情報	ボタンをクリックしました（機能：作業指示書の印刷(F5)）
2022/06/14 17:59:02.426	OrderManager	情報	主画面を閉じました
2022/06/14 18:01:10.430	OrderManager	情報	一覧を更新しました
2022/06/14 18:01:10.431	OrderManager	情報	一覧を更新しました
2022/06/14 18:01:10.489	OrderManager	情報	一覧を更新しました
2022/06/14 18:01:10.523	OrderManager	情報	一覧を更新しました
2022/06/14 18:01:10.585	OrderManager	情報	一覧を更新しました
2022/06/14 18:01:10.593	OrderManager	情報	主画面の初期化を完了しました
2022/06/14 18:01:10.606	OrderManager	情報	一覧の行を選択しました
2022/06/14 18:01:10.608	OrderManager	情報	一覧の行を選択しました
2022/06/14 18:01:10.619	OrderManager	情報	一覧の行を選択しました
2022/06/14 18:01:10.620	OrderManager	情報	一覧を更新しました
2022/06/14 18:01:10.631	OrderManager	情報	一覧の行を選択しました
2022/06/14 18:01:10.644	OrderManager	情報	一覧の行を選択しました
2022/06/14 18:01:13.253	OrderManager	情報	一覧を更新しました
2022/06/14 18:01:13.253	OrderManager	情報	一覧を更新しました
2022/06/14 18:01:13.254	OrderManager	情報	一覧を更新しました
2022/06/14 18:01:13.256	OrderManager	情報	一覧を更新しました
2022/06/14 18:01:13.311	OrderManager	情報	主画面を開きました
2022/06/14 18:01:14.951	OrderManager	情報	一覧の行を選択しました
2022/06/14 18:01:15.067	OrderManager	情報	一覧の行を選択しました
2022/06/14 18:01:31.397	OrderManager	情報	ボタンをクリックしました（機能：作業指示書の印刷(F5)）
2022/06/14 18:01:32.570	OrderManager	情報	主画面を閉じました
2022/06/14 18:02:19.791	OrderManager	情報	一覧を更新しました
2022/06/14 18:02:19.793	OrderManager	情報	一覧を更新しました
2022/06/14 18:02:19.820	OrderManager	情報	一覧を更新しました
2022/06/14 18:02:19.844	OrderManager	情報	一覧を更新しました
2022/06/14 18:02:19.892	OrderManager	情報	一覧を更新しました
2022/06/14 18:02:19.899	OrderManager	情報	主画面の初期化を完了しました
2022/06/14 18:02:19.910	OrderManager	情報	一覧の行を選択しました
2022/06/14 18:02:19.912	OrderManager	情報	一覧の行を選択しました
2022/06/14 18:02:19.926	OrderManager	情報	一覧の行を選択しました
2022/06/14 18:02:19.927	OrderManager	情報	一覧を更新しました
2022/06/14 18:02:19.941	OrderManager	情報	一覧の行を選択しました
2022/06/14 18:02:19.952	OrderManager	情報	一覧の行を選択しました
2022/06/14 18:02:22.605	OrderManager	情報	一覧を更新しました
2022/06/14 18:02:22.606	OrderManager	情報	一覧を更新しました
2022/06/14 18:02:22.606	OrderManager	情報	一覧を更新しました
2022/06/14 18:02:22.608	OrderManager	情報	一覧を更新しました
2022/06/14 18:02:22.687	OrderManager	情報	主画面を開きました
2022/06/14 18:02:24.251	OrderManager	情報	一覧の行を選択しました
2022/06/14 18:02:24.371	OrderManager	情報	一覧の行を選択しました
2022/06/14 18:02:32.086	OrderManager	情報	ボタンをクリックしました（機能：作業指示書の印刷(F5)）
2022/06/14 18:02:33.387	OrderManager	情報	主画面を閉じました
2022/06/14 18:02:52.964	OrderManager	情報	一覧を更新しました
2022/06/14 18:02:52.965	OrderManager	情報	一覧を更新しました
2022/06/14 18:02:53.056	OrderManager	情報	一覧を更新しました
2022/06/14 18:02:53.303	OrderManager	情報	一覧を更新しました
2022/06/14 18:02:53.588	OrderManager	情報	一覧を更新しました
2022/06/14 18:02:53.594	OrderManager	情報	主画面の初期化を完了しました
2022/06/14 18:02:53.603	OrderManager	情報	一覧の行を選択しました
2022/06/14 18:02:53.605	OrderManager	情報	一覧の行を選択しました
2022/06/14 18:02:53.618	OrderManager	情報	一覧の行を選択しました
2022/06/14 18:02:53.620	OrderManager	情報	一覧を更新しました
2022/06/14 18:02:53.631	OrderManager	情報	一覧の行を選択しました
2022/06/14 18:02:53.643	OrderManager	情報	一覧の行を選択しました
2022/06/14 18:02:56.264	OrderManager	情報	一覧を更新しました
2022/06/14 18:02:56.265	OrderManager	情報	一覧を更新しました
2022/06/14 18:02:56.265	OrderManager	情報	一覧を更新しました
2022/06/14 18:02:56.267	OrderManager	情報	一覧を更新しました
2022/06/14 18:02:56.324	OrderManager	情報	主画面を開きました
2022/06/14 18:02:58.036	OrderManager	情報	一覧の行を選択しました
2022/06/14 18:02:58.154	OrderManager	情報	一覧の行を選択しました
2022/06/14 18:03:11.335	OrderManager	情報	ボタンをクリックしました（機能：作業指示書の印刷(F5)）
2022/06/14 18:03:13.011	OrderManager	情報	主画面を閉じました
2022/06/14 18:03:35.312	OrderManager	情報	一覧を更新しました
2022/06/14 18:03:35.314	OrderManager	情報	一覧を更新しました
2022/06/14 18:03:35.541	OrderManager	情報	一覧を更新しました
2022/06/14 18:03:35.628	OrderManager	情報	一覧を更新しました
2022/06/14 18:03:35.794	OrderManager	情報	一覧を更新しました
2022/06/14 18:03:35.800	OrderManager	情報	主画面の初期化を完了しました
2022/06/14 18:03:35.809	OrderManager	情報	一覧の行を選択しました
2022/06/14 18:03:35.811	OrderManager	情報	一覧の行を選択しました
2022/06/14 18:03:35.821	OrderManager	情報	一覧の行を選択しました
2022/06/14 18:03:35.822	OrderManager	情報	一覧を更新しました
2022/06/14 18:03:35.833	OrderManager	情報	一覧の行を選択しました
2022/06/14 18:03:35.843	OrderManager	情報	一覧の行を選択しました
2022/06/14 18:03:38.468	OrderManager	情報	一覧を更新しました
2022/06/14 18:03:38.469	OrderManager	情報	一覧を更新しました
2022/06/14 18:03:38.469	OrderManager	情報	一覧を更新しました
2022/06/14 18:03:38.471	OrderManager	情報	一覧を更新しました
2022/06/14 18:03:38.520	OrderManager	情報	主画面を開きました
2022/06/14 18:03:40.078	OrderManager	情報	一覧の行を選択しました
2022/06/14 18:03:40.186	OrderManager	情報	一覧の行を選択しました
2022/06/14 18:03:54.437	OrderManager	情報	ボタンをクリックしました（機能：作業指示書の印刷(F5)）
2022/06/14 18:03:55.812	OrderManager	情報	主画面を閉じました
2022/06/14 18:04:39.838	OrderManager	情報	一覧を更新しました
2022/06/14 18:04:39.839	OrderManager	情報	一覧を更新しました
2022/06/14 18:04:39.960	OrderManager	情報	一覧を更新しました
2022/06/14 18:04:40.027	OrderManager	情報	一覧を更新しました
2022/06/14 18:04:40.159	OrderManager	情報	一覧を更新しました
2022/06/14 18:04:40.165	OrderManager	情報	主画面の初期化を完了しました
2022/06/14 18:04:40.174	OrderManager	情報	一覧の行を選択しました
2022/06/14 18:04:40.176	OrderManager	情報	一覧の行を選択しました
2022/06/14 18:04:40.186	OrderManager	情報	一覧の行を選択しました
2022/06/14 18:04:40.187	OrderManager	情報	一覧を更新しました
2022/06/14 18:04:40.198	OrderManager	情報	一覧の行を選択しました
2022/06/14 18:04:40.209	OrderManager	情報	一覧の行を選択しました
2022/06/14 18:04:42.853	OrderManager	情報	一覧を更新しました
2022/06/14 18:04:42.854	OrderManager	情報	一覧を更新しました
2022/06/14 18:04:42.854	OrderManager	情報	一覧を更新しました
2022/06/14 18:04:42.856	OrderManager	情報	一覧を更新しました
2022/06/14 18:04:42.907	OrderManager	情報	主画面を開きました
2022/06/14 18:04:44.107	OrderManager	情報	一覧の行を選択しました
2022/06/14 18:04:44.219	OrderManager	情報	一覧の行を選択しました
2022/06/14 18:05:06.338	OrderManager	情報	ボタンをクリックしました（機能：作業指示書の印刷(F5)）
2022/06/14 18:05:07.571	OrderManager	情報	主画面を閉じました
2022/06/14 18:05:34.672	OrderManager	情報	一覧を更新しました
2022/06/14 18:05:34.674	OrderManager	情報	一覧を更新しました
2022/06/14 18:05:35.367	OrderManager	情報	一覧を更新しました
2022/06/14 18:05:36.045	OrderManager	情報	一覧を更新しました
2022/06/14 18:05:37.473	OrderManager	情報	一覧を更新しました
2022/06/14 18:05:37.479	OrderManager	情報	主画面の初期化を完了しました
2022/06/14 18:05:37.488	OrderManager	情報	一覧の行を選択しました
2022/06/14 18:05:37.490	OrderManager	情報	一覧の行を選択しました
2022/06/14 18:05:37.499	OrderManager	情報	一覧の行を選択しました
2022/06/14 18:05:37.501	OrderManager	情報	一覧を更新しました
2022/06/14 18:05:37.511	OrderManager	情報	一覧の行を選択しました
2022/06/14 18:05:37.522	OrderManager	情報	一覧の行を選択しました
2022/06/14 18:05:40.099	OrderManager	情報	一覧を更新しました
2022/06/14 18:05:40.100	OrderManager	情報	一覧を更新しました
2022/06/14 18:05:40.101	OrderManager	情報	一覧を更新しました
2022/06/14 18:05:40.102	OrderManager	情報	一覧を更新しました
2022/06/14 18:05:40.155	OrderManager	情報	主画面を開きました
2022/06/14 18:05:41.684	OrderManager	情報	一覧の行を選択しました
2022/06/14 18:05:41.796	OrderManager	情報	一覧の行を選択しました
2022/06/14 18:09:34.966	OrderManager	情報	ボタンをクリックしました（機能：作業指示書の印刷(F5)）
2022/06/14 18:09:36.452	OrderManager	情報	主画面を閉じました
2022/06/14 18:11:55.176	OrderManager	情報	一覧を更新しました
2022/06/14 18:11:55.176	OrderManager	情報	一覧を更新しました
2022/06/14 18:11:55.730	OrderManager	情報	一覧を更新しました
2022/06/14 18:11:56.044	OrderManager	情報	一覧を更新しました
2022/06/14 18:11:56.420	OrderManager	情報	一覧を更新しました
2022/06/14 18:11:56.428	OrderManager	情報	主画面の初期化を完了しました
2022/06/14 18:11:56.439	OrderManager	情報	一覧の行を選択しました
2022/06/14 18:11:56.441	OrderManager	情報	一覧の行を選択しました
2022/06/14 18:11:56.452	OrderManager	情報	一覧の行を選択しました
2022/06/14 18:11:56.452	OrderManager	情報	一覧を更新しました
2022/06/14 18:11:56.465	OrderManager	情報	一覧の行を選択しました
2022/06/14 18:11:56.476	OrderManager	情報	一覧の行を選択しました
2022/06/14 18:11:59.086	OrderManager	情報	一覧を更新しました
2022/06/14 18:11:59.087	OrderManager	情報	一覧を更新しました
2022/06/14 18:11:59.087	OrderManager	情報	一覧を更新しました
2022/06/14 18:11:59.089	OrderManager	情報	一覧を更新しました
2022/06/14 18:11:59.178	OrderManager	情報	主画面を開きました
2022/06/14 18:12:00.741	OrderManager	情報	一覧の行を選択しました
2022/06/14 18:12:00.851	OrderManager	情報	一覧の行を選択しました
2022/06/14 18:12:51.126	OrderManager	情報	ボタンをクリックしました（機能：作業指示書の印刷(F5)）
2022/06/14 18:12:52.580	OrderManager	情報	主画面を閉じました
2022/06/14 18:13:17.516	OrderManager	情報	一覧を更新しました
2022/06/14 18:13:17.518	OrderManager	情報	一覧を更新しました
2022/06/14 18:13:17.675	OrderManager	情報	一覧を更新しました
2022/06/14 18:13:17.817	OrderManager	情報	一覧を更新しました
2022/06/14 18:13:17.917	OrderManager	情報	一覧を更新しました
2022/06/14 18:13:17.923	OrderManager	情報	主画面の初期化を完了しました
2022/06/14 18:13:17.933	OrderManager	情報	一覧の行を選択しました
2022/06/14 18:13:17.935	OrderManager	情報	一覧の行を選択しました
2022/06/14 18:13:17.945	OrderManager	情報	一覧の行を選択しました
2022/06/14 18:13:17.946	OrderManager	情報	一覧を更新しました
2022/06/14 18:13:17.956	OrderManager	情報	一覧の行を選択しました
2022/06/14 18:13:17.967	OrderManager	情報	一覧の行を選択しました
2022/06/14 18:13:20.557	OrderManager	情報	一覧を更新しました
2022/06/14 18:13:20.557	OrderManager	情報	一覧を更新しました
2022/06/14 18:13:20.558	OrderManager	情報	一覧を更新しました
2022/06/14 18:13:20.560	OrderManager	情報	一覧を更新しました
2022/06/14 18:13:20.622	OrderManager	情報	主画面を開きました
2022/06/14 18:13:21.940	OrderManager	情報	一覧の行を選択しました
2022/06/14 18:13:22.027	OrderManager	情報	一覧の行を選択しました
2022/06/14 18:13:50.764	OrderManager	情報	ボタンをクリックしました（機能：作業指示書の印刷(F5)）
2022/06/14 18:13:51.956	OrderManager	情報	主画面を閉じました
2022/06/14 18:16:54.695	OrderManager	情報	一覧を更新しました
2022/06/14 18:16:54.696	OrderManager	情報	一覧を更新しました
2022/06/14 18:16:54.791	OrderManager	情報	一覧を更新しました
2022/06/14 18:17:00.449	OrderManager	情報	一覧を更新しました
2022/06/14 18:17:00.871	OrderManager	情報	一覧を更新しました
2022/06/14 18:17:00.878	OrderManager	情報	主画面の初期化を完了しました
2022/06/14 18:17:00.885	OrderManager	情報	一覧の行を選択しました
2022/06/14 18:17:00.887	OrderManager	情報	一覧の行を選択しました
2022/06/14 18:17:00.897	OrderManager	情報	一覧の行を選択しました
2022/06/14 18:17:00.899	OrderManager	情報	一覧を更新しました
2022/06/14 18:17:00.910	OrderManager	情報	一覧の行を選択しました
2022/06/14 18:17:00.920	OrderManager	情報	一覧の行を選択しました
2022/06/14 18:17:03.512	OrderManager	情報	一覧を更新しました
2022/06/14 18:17:03.513	OrderManager	情報	一覧を更新しました
2022/06/14 18:17:03.513	OrderManager	情報	一覧を更新しました
2022/06/14 18:17:03.515	OrderManager	情報	一覧を更新しました
2022/06/14 18:17:03.569	OrderManager	情報	主画面を開きました
2022/06/14 18:17:06.340	OrderManager	情報	一覧の行を選択しました
2022/06/14 18:17:06.469	OrderManager	情報	一覧の行を選択しました
2022/06/14 18:18:04.840	OrderManager	情報	ボタンをクリックしました（機能：作業指示書の印刷(F5)）
2022/06/14 18:18:05.539	OrderManager	情報	主画面を閉じました
2022/06/14 18:18:21.062	OrderManager	情報	一覧を更新しました
2022/06/14 18:18:21.063	OrderManager	情報	一覧を更新しました
2022/06/14 18:18:21.594	OrderManager	情報	一覧を更新しました
2022/06/14 18:18:21.786	OrderManager	情報	一覧を更新しました
2022/06/14 18:18:22.480	OrderManager	情報	一覧を更新しました
2022/06/14 18:18:22.486	OrderManager	情報	主画面の初期化を完了しました
2022/06/14 18:18:22.495	OrderManager	情報	一覧の行を選択しました
2022/06/14 18:18:22.497	OrderManager	情報	一覧の行を選択しました
2022/06/14 18:18:22.508	OrderManager	情報	一覧の行を選択しました
2022/06/14 18:18:22.510	OrderManager	情報	一覧を更新しました
2022/06/14 18:18:22.521	OrderManager	情報	一覧の行を選択しました
2022/06/14 18:18:22.532	OrderManager	情報	一覧の行を選択しました
2022/06/14 18:18:25.113	OrderManager	情報	一覧を更新しました
2022/06/14 18:18:25.114	OrderManager	情報	一覧を更新しました
2022/06/14 18:18:25.114	OrderManager	情報	一覧を更新しました
2022/06/14 18:18:25.115	OrderManager	情報	一覧を更新しました
2022/06/14 18:18:25.185	OrderManager	情報	主画面を開きました
2022/06/14 18:18:27.261	OrderManager	情報	一覧の行を選択しました
2022/06/14 18:18:27.354	OrderManager	情報	一覧の行を選択しました
2022/06/14 18:18:47.858	OrderManager	情報	ボタンをクリックしました（機能：作業指示書の印刷(F5)）
2022/06/14 18:18:48.365	OrderManager	情報	主画面を閉じました
2022/06/14 18:19:12.900	OrderManager	情報	一覧を更新しました
2022/06/14 18:19:12.901	OrderManager	情報	一覧を更新しました
2022/06/14 18:19:13.398	OrderManager	情報	一覧を更新しました
2022/06/14 18:19:14.398	OrderManager	情報	一覧を更新しました
2022/06/14 18:19:15.223	OrderManager	情報	一覧を更新しました
2022/06/14 18:19:15.229	OrderManager	情報	主画面の初期化を完了しました
2022/06/14 18:19:15.237	OrderManager	情報	一覧の行を選択しました
2022/06/14 18:19:15.239	OrderManager	情報	一覧の行を選択しました
2022/06/14 18:19:15.250	OrderManager	情報	一覧の行を選択しました
2022/06/14 18:19:15.251	OrderManager	情報	一覧を更新しました
2022/06/14 18:19:15.263	OrderManager	情報	一覧の行を選択しました
2022/06/14 18:19:15.273	OrderManager	情報	一覧の行を選択しました
2022/06/14 18:19:17.863	OrderManager	情報	一覧を更新しました
2022/06/14 18:19:17.864	OrderManager	情報	一覧を更新しました
2022/06/14 18:19:17.865	OrderManager	情報	一覧を更新しました
2022/06/14 18:19:17.866	OrderManager	情報	一覧を更新しました
2022/06/14 18:19:17.936	OrderManager	情報	主画面を開きました
2022/06/14 18:19:19.236	OrderManager	情報	一覧の行を選択しました
2022/06/14 18:19:19.340	OrderManager	情報	一覧の行を選択しました
2022/06/14 18:19:37.359	OrderManager	情報	ボタンをクリックしました（機能：作業指示書の印刷(F5)）
2022/06/14 18:19:38.508	OrderManager	情報	主画面を閉じました
2022/06/14 18:20:12.370	OrderManager	情報	一覧を更新しました
2022/06/14 18:20:12.371	OrderManager	情報	一覧を更新しました
2022/06/14 18:20:12.805	OrderManager	情報	一覧を更新しました
2022/06/14 18:20:13.032	OrderManager	情報	一覧を更新しました
2022/06/14 18:20:13.456	OrderManager	情報	一覧を更新しました
2022/06/14 18:20:13.462	OrderManager	情報	主画面の初期化を完了しました
2022/06/14 18:20:13.472	OrderManager	情報	一覧の行を選択しました
2022/06/14 18:20:13.474	OrderManager	情報	一覧の行を選択しました
2022/06/14 18:20:13.485	OrderManager	情報	一覧の行を選択しました
2022/06/14 18:20:13.486	OrderManager	情報	一覧を更新しました
2022/06/14 18:20:13.498	OrderManager	情報	一覧の行を選択しました
2022/06/14 18:20:13.508	OrderManager	情報	一覧の行を選択しました
2022/06/14 18:20:16.130	OrderManager	情報	一覧を更新しました
2022/06/14 18:20:16.131	OrderManager	情報	一覧を更新しました
2022/06/14 18:20:16.132	OrderManager	情報	一覧を更新しました
2022/06/14 18:20:16.133	OrderManager	情報	一覧を更新しました
2022/06/14 18:20:16.225	OrderManager	情報	主画面を開きました
2022/06/14 18:20:17.439	OrderManager	情報	一覧の行を選択しました
2022/06/14 18:20:17.544	OrderManager	情報	一覧の行を選択しました
2022/06/14 18:20:27.411	OrderManager	情報	ボタンをクリックしました（機能：作業指示書の印刷(F5)）
2022/06/14 18:20:28.735	OrderManager	情報	主画面を閉じました
2022/06/14 18:20:40.333	OrderManager	情報	一覧を更新しました
2022/06/14 18:20:40.333	OrderManager	情報	一覧を更新しました
2022/06/14 18:20:40.371	OrderManager	情報	一覧を更新しました
2022/06/14 18:20:40.398	OrderManager	情報	一覧を更新しました
2022/06/14 18:20:40.441	OrderManager	情報	一覧を更新しました
2022/06/14 18:20:40.448	OrderManager	情報	主画面の初期化を完了しました
2022/06/14 18:20:40.457	OrderManager	情報	一覧の行を選択しました
2022/06/14 18:20:40.459	OrderManager	情報	一覧の行を選択しました
2022/06/14 18:20:40.469	OrderManager	情報	一覧の行を選択しました
2022/06/14 18:20:40.470	OrderManager	情報	一覧を更新しました
2022/06/14 18:20:40.482	OrderManager	情報	一覧の行を選択しました
2022/06/14 18:20:40.491	OrderManager	情報	一覧の行を選択しました
2022/06/14 18:20:43.075	OrderManager	情報	一覧を更新しました
2022/06/14 18:20:43.075	OrderManager	情報	一覧を更新しました
2022/06/14 18:20:43.076	OrderManager	情報	一覧を更新しました
2022/06/14 18:20:43.077	OrderManager	情報	一覧を更新しました
2022/06/14 18:20:43.124	OrderManager	情報	主画面を開きました
2022/06/14 18:20:44.545	OrderManager	情報	一覧の行を選択しました
2022/06/14 18:20:44.672	OrderManager	情報	一覧の行を選択しました
2022/06/14 18:21:25.110	OrderManager	情報	ボタンをクリックしました（機能：作業指示書の印刷(F5)）
2022/06/14 18:21:26.379	OrderManager	情報	主画面を閉じました
2022/06/14 18:33:30.720	OrderManager	情報	一覧を更新しました
2022/06/14 18:33:30.722	OrderManager	情報	一覧を更新しました
2022/06/14 18:33:30.996	OrderManager	情報	一覧を更新しました
2022/06/14 18:33:31.969	OrderManager	情報	一覧を更新しました
2022/06/14 18:33:32.431	OrderManager	情報	一覧を更新しました
2022/06/14 18:33:32.447	OrderManager	情報	主画面の初期化を完了しました
2022/06/14 18:33:32.462	OrderManager	情報	一覧の行を選択しました
2022/06/14 18:33:32.472	OrderManager	情報	一覧の行を選択しました
2022/06/14 18:33:32.483	OrderManager	情報	一覧の行を選択しました
2022/06/14 18:33:32.484	OrderManager	情報	一覧を更新しました
2022/06/14 18:33:32.495	OrderManager	情報	一覧の行を選択しました
2022/06/14 18:33:32.505	OrderManager	情報	一覧の行を選択しました
2022/06/14 18:33:35.104	OrderManager	情報	一覧を更新しました
2022/06/14 18:33:35.104	OrderManager	情報	一覧を更新しました
2022/06/14 18:33:35.105	OrderManager	情報	一覧を更新しました
2022/06/14 18:33:35.107	OrderManager	情報	一覧を更新しました
2022/06/14 18:33:35.186	OrderManager	情報	主画面を開きました
2022/06/14 18:33:36.766	OrderManager	情報	一覧の行を選択しました
2022/06/14 18:33:36.871	OrderManager	情報	一覧の行を選択しました
2022/06/14 18:33:45.713	OrderManager	情報	ボタンをクリックしました（機能：作業指示書の印刷(F5)）
2022/06/14 18:33:47.232	OrderManager	情報	主画面を閉じました
2022/06/14 18:34:29.184	OrderManager	情報	一覧を更新しました
2022/06/14 18:34:29.185	OrderManager	情報	一覧を更新しました
2022/06/14 18:34:29.468	OrderManager	情報	一覧を更新しました
2022/06/14 18:34:29.662	OrderManager	情報	一覧を更新しました
2022/06/14 18:34:29.780	OrderManager	情報	一覧を更新しました
2022/06/14 18:34:29.786	OrderManager	情報	主画面の初期化を完了しました
2022/06/14 18:34:29.795	OrderManager	情報	一覧の行を選択しました
2022/06/14 18:34:29.796	OrderManager	情報	一覧の行を選択しました
2022/06/14 18:34:29.807	OrderManager	情報	一覧の行を選択しました
2022/06/14 18:34:29.809	OrderManager	情報	一覧を更新しました
2022/06/14 18:34:29.819	OrderManager	情報	一覧の行を選択しました
2022/06/14 18:34:29.830	OrderManager	情報	一覧の行を選択しました
2022/06/14 18:34:32.426	OrderManager	情報	一覧を更新しました
2022/06/14 18:34:32.427	OrderManager	情報	一覧を更新しました
2022/06/14 18:34:32.427	OrderManager	情報	一覧を更新しました
2022/06/14 18:34:32.429	OrderManager	情報	一覧を更新しました
2022/06/14 18:34:32.509	OrderManager	情報	主画面を開きました
2022/06/14 18:34:33.715	OrderManager	情報	一覧の行を選択しました
2022/06/14 18:34:33.815	OrderManager	情報	一覧の行を選択しました
2022/06/14 18:34:50.843	OrderManager	情報	ボタンをクリックしました（機能：作業指示書の印刷(F5)）
2022/06/14 18:34:51.984	OrderManager	情報	主画面を閉じました
2022/06/14 18:37:13.535	OrderManager	情報	一覧を更新しました
2022/06/14 18:37:13.535	OrderManager	情報	一覧を更新しました
2022/06/14 18:37:13.669	OrderManager	情報	一覧を更新しました
2022/06/14 18:37:13.810	OrderManager	情報	一覧を更新しました
2022/06/14 18:37:13.973	OrderManager	情報	一覧を更新しました
2022/06/14 18:37:13.980	OrderManager	情報	主画面の初期化を完了しました
2022/06/14 18:37:13.987	OrderManager	情報	一覧の行を選択しました
2022/06/14 18:37:13.989	OrderManager	情報	一覧の行を選択しました
2022/06/14 18:37:13.999	OrderManager	情報	一覧の行を選択しました
2022/06/14 18:37:14.000	OrderManager	情報	一覧を更新しました
2022/06/14 18:37:14.011	OrderManager	情報	一覧の行を選択しました
2022/06/14 18:37:14.022	OrderManager	情報	一覧の行を選択しました
2022/06/14 18:37:16.601	OrderManager	情報	一覧を更新しました
2022/06/14 18:37:16.602	OrderManager	情報	一覧を更新しました
2022/06/14 18:37:16.603	OrderManager	情報	一覧を更新しました
2022/06/14 18:37:16.604	OrderManager	情報	一覧を更新しました
2022/06/14 18:37:16.670	OrderManager	情報	主画面を開きました
2022/06/14 18:37:18.205	OrderManager	情報	一覧の行を選択しました
2022/06/14 18:37:18.303	OrderManager	情報	一覧の行を選択しました
2022/06/14 18:38:28.474	OrderManager	情報	ボタンをクリックしました（機能：作業指示書の印刷(F5)）
2022/06/14 18:39:54.544	OrderManager	情報	主画面を閉じました
2022/06/14 18:40:18.321	OrderManager	情報	一覧を更新しました
2022/06/14 18:40:18.322	OrderManager	情報	一覧を更新しました
2022/06/14 18:40:18.481	OrderManager	情報	一覧を更新しました
2022/06/14 18:40:18.580	OrderManager	情報	一覧を更新しました
2022/06/14 18:40:18.814	OrderManager	情報	一覧を更新しました
2022/06/14 18:40:18.835	OrderManager	情報	主画面の初期化を完了しました
2022/06/14 18:40:18.846	OrderManager	情報	一覧の行を選択しました
2022/06/14 18:40:18.848	OrderManager	情報	一覧の行を選択しました
2022/06/14 18:40:18.857	OrderManager	情報	一覧の行を選択しました
2022/06/14 18:40:18.859	OrderManager	情報	一覧を更新しました
2022/06/14 18:40:18.870	OrderManager	情報	一覧の行を選択しました
2022/06/14 18:40:18.879	OrderManager	情報	一覧の行を選択しました
2022/06/14 18:40:21.468	OrderManager	情報	一覧を更新しました
2022/06/14 18:40:21.469	OrderManager	情報	一覧を更新しました
2022/06/14 18:40:21.469	OrderManager	情報	一覧を更新しました
2022/06/14 18:40:21.471	OrderManager	情報	一覧を更新しました
2022/06/14 18:40:21.547	OrderManager	情報	主画面を開きました
2022/06/14 18:40:22.817	OrderManager	情報	一覧の行を選択しました
2022/06/14 18:40:22.927	OrderManager	情報	一覧の行を選択しました
2022/06/14 18:40:48.664	OrderManager	情報	ボタンをクリックしました（機能：作業指示書の印刷(F5)）
2022/06/14 18:40:49.841	OrderManager	情報	主画面を閉じました
2022/06/14 18:54:45.678	OrderManager	情報	一覧を更新しました
2022/06/14 18:54:45.680	OrderManager	情報	一覧を更新しました
2022/06/14 18:54:45.753	OrderManager	情報	一覧を更新しました
2022/06/14 18:54:45.795	OrderManager	情報	一覧を更新しました
2022/06/14 18:54:45.860	OrderManager	情報	一覧を更新しました
2022/06/14 18:54:46.121	OrderManager	情報	主画面の初期化を完了しました
2022/06/14 18:54:46.697	OrderManager	情報	一覧の行を選択しました
2022/06/14 18:54:46.722	OrderManager	情報	一覧の行を選択しました
2022/06/14 18:54:46.788	OrderManager	情報	一覧の行を選択しました
2022/06/14 18:54:46.789	OrderManager	情報	一覧を更新しました
2022/06/14 18:54:46.809	OrderManager	情報	一覧の行を選択しました
2022/06/14 18:54:46.819	OrderManager	情報	一覧の行を選択しました
2022/06/14 18:54:49.858	OrderManager	情報	一覧を更新しました
2022/06/14 18:54:49.859	OrderManager	情報	一覧を更新しました
2022/06/14 18:54:49.860	OrderManager	情報	一覧を更新しました
2022/06/14 18:54:49.862	OrderManager	情報	一覧を更新しました
2022/06/14 18:54:49.950	OrderManager	情報	主画面を開きました
2022/06/14 18:54:51.868	OrderManager	情報	一覧の行を選択しました
2022/06/14 18:54:51.960	OrderManager	情報	一覧の行を選択しました
2022/06/14 18:55:10.593	OrderManager	情報	ボタンをクリックしました（機能：作業指示書の印刷(F5)）
2022/06/14 18:55:12.728	OrderManager	情報	主画面を閉じました
2022/06/14 18:56:15.007	OrderManager	情報	一覧を更新しました
2022/06/14 18:56:15.008	OrderManager	情報	一覧を更新しました
2022/06/14 18:56:15.484	OrderManager	情報	一覧を更新しました
2022/06/14 18:56:15.689	OrderManager	情報	一覧を更新しました
2022/06/14 18:56:16.064	OrderManager	情報	一覧を更新しました
2022/06/14 18:56:16.072	OrderManager	情報	主画面の初期化を完了しました
2022/06/14 18:56:16.079	OrderManager	情報	一覧の行を選択しました
2022/06/14 18:56:16.081	OrderManager	情報	一覧の行を選択しました
2022/06/14 18:56:16.091	OrderManager	情報	一覧の行を選択しました
2022/06/14 18:56:16.092	OrderManager	情報	一覧を更新しました
2022/06/14 18:56:16.103	OrderManager	情報	一覧の行を選択しました
2022/06/14 18:56:16.113	OrderManager	情報	一覧の行を選択しました
2022/06/14 18:56:18.786	OrderManager	情報	一覧を更新しました
2022/06/14 18:56:18.787	OrderManager	情報	一覧を更新しました
2022/06/14 18:56:18.788	OrderManager	情報	一覧を更新しました
2022/06/14 18:56:18.789	OrderManager	情報	一覧を更新しました
2022/06/14 18:56:18.889	OrderManager	情報	主画面を開きました
2022/06/14 18:56:20.218	OrderManager	情報	一覧の行を選択しました
2022/06/14 18:56:20.320	OrderManager	情報	一覧の行を選択しました
2022/06/14 19:05:48.490	OrderManager	情報	ボタンをクリックしました（機能：作業指示書の印刷(F5)）
2022/06/14 19:05:49.555	OrderManager	情報	主画面を閉じました
2022/06/14 19:05:56.005	OrderManager	情報	一覧を更新しました
2022/06/14 19:05:56.006	OrderManager	情報	一覧を更新しました
2022/06/14 19:05:56.150	OrderManager	情報	一覧を更新しました
2022/06/14 19:05:56.231	OrderManager	情報	一覧を更新しました
2022/06/14 19:05:56.347	OrderManager	情報	一覧を更新しました
2022/06/14 19:05:56.354	OrderManager	情報	主画面の初期化を完了しました
2022/06/14 19:05:56.361	OrderManager	情報	一覧の行を選択しました
2022/06/14 19:05:56.363	OrderManager	情報	一覧の行を選択しました
2022/06/14 19:05:56.373	OrderManager	情報	一覧の行を選択しました
2022/06/14 19:05:56.374	OrderManager	情報	一覧を更新しました
2022/06/14 19:05:56.383	OrderManager	情報	一覧の行を選択しました
2022/06/14 19:05:56.393	OrderManager	情報	一覧の行を選択しました
2022/06/14 19:05:59.119	OrderManager	情報	一覧を更新しました
2022/06/14 19:05:59.119	OrderManager	情報	一覧を更新しました
2022/06/14 19:05:59.120	OrderManager	情報	一覧を更新しました
2022/06/14 19:05:59.121	OrderManager	情報	一覧を更新しました
2022/06/14 19:05:59.196	OrderManager	情報	主画面を開きました
2022/06/14 19:05:59.674	OrderManager	情報	一覧の行を選択しました
2022/06/14 19:06:01.273	OrderManager	情報	主画面を閉じました
2022/06/14 19:06:20.786	OrderManager	情報	一覧を更新しました
2022/06/14 19:06:20.788	OrderManager	情報	一覧を更新しました
2022/06/14 19:06:22.093	OrderManager	情報	一覧を更新しました
2022/06/14 19:06:22.794	OrderManager	情報	一覧を更新しました
2022/06/14 19:06:24.131	OrderManager	情報	一覧を更新しました
2022/06/14 19:06:24.139	OrderManager	情報	主画面の初期化を完了しました
2022/06/14 19:06:24.145	OrderManager	情報	一覧の行を選択しました
2022/06/14 19:06:24.147	OrderManager	情報	一覧の行を選択しました
2022/06/14 19:06:24.158	OrderManager	情報	一覧の行を選択しました
2022/06/14 19:06:24.160	OrderManager	情報	一覧を更新しました
2022/06/14 19:06:24.171	OrderManager	情報	一覧の行を選択しました
2022/06/14 19:06:24.181	OrderManager	情報	一覧の行を選択しました
2022/06/14 19:06:26.793	OrderManager	情報	一覧を更新しました
2022/06/14 19:06:26.794	OrderManager	情報	一覧を更新しました
2022/06/14 19:06:26.795	OrderManager	情報	一覧を更新しました
2022/06/14 19:06:26.796	OrderManager	情報	一覧を更新しました
2022/06/14 19:06:26.885	OrderManager	情報	主画面を開きました
2022/06/14 19:06:28.421	OrderManager	情報	一覧の行を選択しました
2022/06/14 19:06:28.529	OrderManager	情報	一覧の行を選択しました
2022/06/14 19:06:58.645	OrderManager	情報	ボタンをクリックしました（機能：作業指示書の印刷(F5)）
2022/06/14 19:07:01.465	OrderManager	情報	主画面を閉じました
2022/06/14 19:08:10.401	OrderManager	情報	一覧を更新しました
2022/06/14 19:08:10.402	OrderManager	情報	一覧を更新しました
2022/06/14 19:08:10.904	OrderManager	情報	一覧を更新しました
2022/06/14 19:08:11.382	OrderManager	情報	一覧を更新しました
2022/06/14 19:08:12.163	OrderManager	情報	一覧を更新しました
2022/06/14 19:08:12.170	OrderManager	情報	主画面の初期化を完了しました
2022/06/14 19:08:12.179	OrderManager	情報	一覧の行を選択しました
2022/06/14 19:08:12.180	OrderManager	情報	一覧の行を選択しました
2022/06/14 19:08:12.191	OrderManager	情報	一覧の行を選択しました
2022/06/14 19:08:12.191	OrderManager	情報	一覧を更新しました
2022/06/14 19:08:12.202	OrderManager	情報	一覧の行を選択しました
2022/06/14 19:08:12.212	OrderManager	情報	一覧の行を選択しました
2022/06/14 19:08:14.813	OrderManager	情報	一覧を更新しました
2022/06/14 19:08:14.813	OrderManager	情報	一覧を更新しました
2022/06/14 19:08:14.814	OrderManager	情報	一覧を更新しました
2022/06/14 19:08:14.815	OrderManager	情報	一覧を更新しました
2022/06/14 19:08:14.885	OrderManager	情報	主画面を開きました
2022/06/14 19:08:16.305	OrderManager	情報	一覧の行を選択しました
2022/06/14 19:08:16.425	OrderManager	情報	一覧の行を選択しました
2022/06/14 19:08:27.648	OrderManager	情報	ボタンをクリックしました（機能：作業指示書の印刷(F5)）
2022/06/14 19:08:28.929	OrderManager	情報	主画面を閉じました
2022/06/14 19:08:42.265	OrderManager	情報	一覧を更新しました
2022/06/14 19:08:42.266	OrderManager	情報	一覧を更新しました
2022/06/14 19:08:42.414	OrderManager	情報	一覧を更新しました
2022/06/14 19:08:42.552	OrderManager	情報	一覧を更新しました
2022/06/14 19:08:42.769	OrderManager	情報	一覧を更新しました
2022/06/14 19:08:42.775	OrderManager	情報	主画面の初期化を完了しました
2022/06/14 19:08:42.784	OrderManager	情報	一覧の行を選択しました
2022/06/14 19:08:42.786	OrderManager	情報	一覧の行を選択しました
2022/06/14 19:08:42.796	OrderManager	情報	一覧の行を選択しました
2022/06/14 19:08:42.798	OrderManager	情報	一覧を更新しました
2022/06/14 19:08:42.810	OrderManager	情報	一覧の行を選択しました
2022/06/14 19:08:42.820	OrderManager	情報	一覧の行を選択しました
2022/06/14 19:08:45.411	OrderManager	情報	一覧を更新しました
2022/06/14 19:08:45.411	OrderManager	情報	一覧を更新しました
2022/06/14 19:08:45.412	OrderManager	情報	一覧を更新しました
2022/06/14 19:08:45.414	OrderManager	情報	一覧を更新しました
2022/06/14 19:08:45.486	OrderManager	情報	主画面を開きました
2022/06/14 19:08:46.841	OrderManager	情報	一覧の行を選択しました
2022/06/14 19:08:46.945	OrderManager	情報	一覧の行を選択しました
2022/06/14 19:09:03.236	OrderManager	情報	ボタンをクリックしました（機能：作業指示書の印刷(F5)）
2022/06/14 19:09:04.290	OrderManager	情報	主画面を閉じました
2022/06/14 19:09:22.113	OrderManager	情報	一覧を更新しました
2022/06/14 19:09:22.114	OrderManager	情報	一覧を更新しました
2022/06/14 19:09:22.343	OrderManager	情報	一覧を更新しました
2022/06/14 19:09:22.698	OrderManager	情報	一覧を更新しました
2022/06/14 19:09:23.232	OrderManager	情報	一覧を更新しました
2022/06/14 19:09:23.238	OrderManager	情報	主画面の初期化を完了しました
2022/06/14 19:09:23.246	OrderManager	情報	一覧の行を選択しました
2022/06/14 19:09:23.248	OrderManager	情報	一覧の行を選択しました
2022/06/14 19:09:23.259	OrderManager	情報	一覧の行を選択しました
2022/06/14 19:09:23.260	OrderManager	情報	一覧を更新しました
2022/06/14 19:09:23.272	OrderManager	情報	一覧の行を選択しました
2022/06/14 19:09:23.281	OrderManager	情報	一覧の行を選択しました
2022/06/14 19:09:25.846	OrderManager	情報	一覧を更新しました
2022/06/14 19:09:25.847	OrderManager	情報	一覧を更新しました
2022/06/14 19:09:25.848	OrderManager	情報	一覧を更新しました
2022/06/14 19:09:25.850	OrderManager	情報	一覧を更新しました
2022/06/14 19:09:25.915	OrderManager	情報	主画面を開きました
2022/06/14 19:09:27.269	OrderManager	情報	一覧の行を選択しました
2022/06/14 19:09:27.385	OrderManager	情報	一覧の行を選択しました
2022/06/14 19:09:40.711	OrderManager	情報	ボタンをクリックしました（機能：作業指示書の印刷(F5)）
2022/06/14 19:09:42.025	OrderManager	情報	主画面を閉じました
2022/06/14 19:14:20.443	OrderManager	情報	一覧を更新しました
2022/06/14 19:14:20.444	OrderManager	情報	一覧を更新しました
2022/06/14 19:14:20.585	OrderManager	情報	一覧を更新しました
2022/06/14 19:14:21.057	OrderManager	情報	一覧を更新しました
2022/06/14 19:14:21.117	OrderManager	情報	一覧を更新しました
2022/06/14 19:14:21.123	OrderManager	情報	主画面の初期化を完了しました
2022/06/14 19:14:21.132	OrderManager	情報	一覧の行を選択しました
2022/06/14 19:14:21.133	OrderManager	情報	一覧の行を選択しました
2022/06/14 19:14:21.144	OrderManager	情報	一覧の行を選択しました
2022/06/14 19:14:21.145	OrderManager	情報	一覧を更新しました
2022/06/14 19:14:21.157	OrderManager	情報	一覧の行を選択しました
2022/06/14 19:14:21.166	OrderManager	情報	一覧の行を選択しました
2022/06/14 19:14:23.772	OrderManager	情報	一覧を更新しました
2022/06/14 19:14:23.773	OrderManager	情報	一覧を更新しました
2022/06/14 19:14:23.773	OrderManager	情報	一覧を更新しました
2022/06/14 19:14:23.775	OrderManager	情報	一覧を更新しました
2022/06/14 19:14:23.838	OrderManager	情報	主画面を開きました
2022/06/14 19:14:25.895	OrderManager	情報	一覧の行を選択しました
2022/06/14 19:14:26.019	OrderManager	情報	一覧の行を選択しました
2022/06/14 19:15:24.189	OrderManager	情報	ボタンをクリックしました（機能：作業指示書の印刷(F5)）
2022/06/14 19:15:25.954	OrderManager	情報	主画面を閉じました
2022/06/14 19:16:29.484	OrderManager	情報	一覧を更新しました
2022/06/14 19:16:29.484	OrderManager	情報	一覧を更新しました
2022/06/14 19:16:29.552	OrderManager	情報	一覧を更新しました
2022/06/14 19:16:29.626	OrderManager	情報	一覧を更新しました
2022/06/14 19:16:29.706	OrderManager	情報	一覧を更新しました
2022/06/14 19:16:29.712	OrderManager	情報	主画面の初期化を完了しました
2022/06/14 19:16:29.720	OrderManager	情報	一覧の行を選択しました
2022/06/14 19:16:29.722	OrderManager	情報	一覧の行を選択しました
2022/06/14 19:16:29.732	OrderManager	情報	一覧の行を選択しました
2022/06/14 19:16:29.733	OrderManager	情報	一覧を更新しました
2022/06/14 19:16:29.743	OrderManager	情報	一覧の行を選択しました
2022/06/14 19:16:29.753	OrderManager	情報	一覧の行を選択しました
2022/06/14 19:16:32.360	OrderManager	情報	一覧を更新しました
2022/06/14 19:16:32.361	OrderManager	情報	一覧を更新しました
2022/06/14 19:16:32.361	OrderManager	情報	一覧を更新しました
2022/06/14 19:16:32.363	OrderManager	情報	一覧を更新しました
2022/06/14 19:16:32.417	OrderManager	情報	主画面を開きました
2022/06/14 19:16:35.648	OrderManager	情報	一覧の行を選択しました
2022/06/14 19:16:35.754	OrderManager	情報	一覧の行を選択しました
2022/06/14 19:16:45.249	OrderManager	情報	ボタンをクリックしました（機能：作業指示書の印刷(F5)）
2022/06/14 19:16:46.402	OrderManager	情報	主画面を閉じました
2022/06/14 19:18:17.480	OrderManager	情報	一覧を更新しました
2022/06/14 19:18:17.481	OrderManager	情報	一覧を更新しました
2022/06/14 19:18:17.776	OrderManager	情報	一覧を更新しました
2022/06/14 19:18:18.372	OrderManager	情報	一覧を更新しました
2022/06/14 19:18:18.734	OrderManager	情報	一覧を更新しました
2022/06/14 19:18:18.740	OrderManager	情報	主画面の初期化を完了しました
2022/06/14 19:18:18.747	OrderManager	情報	一覧の行を選択しました
2022/06/14 19:18:18.749	OrderManager	情報	一覧の行を選択しました
2022/06/14 19:18:18.760	OrderManager	情報	一覧の行を選択しました
2022/06/14 19:18:18.761	OrderManager	情報	一覧を更新しました
2022/06/14 19:18:18.772	OrderManager	情報	一覧の行を選択しました
2022/06/14 19:18:18.783	OrderManager	情報	一覧の行を選択しました
2022/06/14 19:18:21.358	OrderManager	情報	一覧を更新しました
2022/06/14 19:18:21.360	OrderManager	情報	一覧を更新しました
2022/06/14 19:18:21.360	OrderManager	情報	一覧を更新しました
2022/06/14 19:18:21.362	OrderManager	情報	一覧を更新しました
2022/06/14 19:18:21.414	OrderManager	情報	主画面を開きました
2022/06/14 19:18:23.155	OrderManager	情報	一覧の行を選択しました
2022/06/14 19:18:23.258	OrderManager	情報	一覧の行を選択しました
2022/06/14 19:18:30.716	OrderManager	情報	ボタンをクリックしました（機能：作業指示書の印刷(F5)）
2022/06/14 19:18:31.866	OrderManager	情報	主画面を閉じました
2022/06/14 19:18:58.218	OrderManager	情報	一覧を更新しました
2022/06/14 19:18:58.219	OrderManager	情報	一覧を更新しました
2022/06/14 19:18:58.514	OrderManager	情報	一覧を更新しました
2022/06/14 19:18:59.039	OrderManager	情報	一覧を更新しました
2022/06/14 19:18:59.405	OrderManager	情報	一覧を更新しました
2022/06/14 19:18:59.424	OrderManager	情報	主画面の初期化を完了しました
2022/06/14 19:18:59.434	OrderManager	情報	一覧の行を選択しました
2022/06/14 19:18:59.436	OrderManager	情報	一覧の行を選択しました
2022/06/14 19:18:59.446	OrderManager	情報	一覧の行を選択しました
2022/06/14 19:18:59.447	OrderManager	情報	一覧を更新しました
2022/06/14 19:18:59.457	OrderManager	情報	一覧の行を選択しました
2022/06/14 19:18:59.468	OrderManager	情報	一覧の行を選択しました
2022/06/14 19:19:02.031	OrderManager	情報	一覧を更新しました
2022/06/14 19:19:02.032	OrderManager	情報	一覧を更新しました
2022/06/14 19:19:02.032	OrderManager	情報	一覧を更新しました
2022/06/14 19:19:02.034	OrderManager	情報	一覧を更新しました
2022/06/14 19:19:02.104	OrderManager	情報	主画面を開きました
2022/06/14 19:19:03.551	OrderManager	情報	一覧の行を選択しました
2022/06/14 19:19:03.650	OrderManager	情報	一覧の行を選択しました
2022/06/14 19:19:16.442	OrderManager	情報	ボタンをクリックしました（機能：作業指示書の印刷(F5)）
2022/06/14 19:19:17.818	OrderManager	情報	主画面を閉じました
2022/06/14 19:19:48.284	OrderManager	情報	一覧を更新しました
2022/06/14 19:19:48.285	OrderManager	情報	一覧を更新しました
2022/06/14 19:19:48.691	OrderManager	情報	一覧を更新しました
2022/06/14 19:19:48.786	OrderManager	情報	一覧を更新しました
2022/06/14 19:19:48.948	OrderManager	情報	一覧を更新しました
2022/06/14 19:19:48.953	OrderManager	情報	主画面の初期化を完了しました
2022/06/14 19:19:48.961	OrderManager	情報	一覧の行を選択しました
2022/06/14 19:19:48.963	OrderManager	情報	一覧の行を選択しました
2022/06/14 19:19:48.974	OrderManager	情報	一覧の行を選択しました
2022/06/14 19:19:48.975	OrderManager	情報	一覧を更新しました
2022/06/14 19:19:48.986	OrderManager	情報	一覧の行を選択しました
2022/06/14 19:19:48.997	OrderManager	情報	一覧の行を選択しました
2022/06/14 19:19:51.610	OrderManager	情報	一覧を更新しました
2022/06/14 19:19:51.611	OrderManager	情報	一覧を更新しました
2022/06/14 19:19:51.611	OrderManager	情報	一覧を更新しました
2022/06/14 19:19:51.613	OrderManager	情報	一覧を更新しました
2022/06/14 19:19:51.677	OrderManager	情報	主画面を開きました
2022/06/14 19:19:53.109	OrderManager	情報	一覧の行を選択しました
2022/06/14 19:19:53.242	OrderManager	情報	一覧の行を選択しました
2022/06/14 19:20:06.634	OrderManager	情報	ボタンをクリックしました（機能：作業指示書の印刷(F5)）
2022/06/14 19:20:07.746	OrderManager	情報	主画面を閉じました
2022/06/14 19:20:26.716	OrderManager	情報	一覧を更新しました
2022/06/14 19:20:26.717	OrderManager	情報	一覧を更新しました
2022/06/14 19:20:27.197	OrderManager	情報	一覧を更新しました
2022/06/14 19:20:27.734	OrderManager	情報	一覧を更新しました
2022/06/14 19:20:28.888	OrderManager	情報	一覧を更新しました
2022/06/14 19:20:28.899	OrderManager	情報	主画面の初期化を完了しました
2022/06/14 19:20:28.910	OrderManager	情報	一覧の行を選択しました
2022/06/14 19:20:28.911	OrderManager	情報	一覧の行を選択しました
2022/06/14 19:20:28.924	OrderManager	情報	一覧の行を選択しました
2022/06/14 19:20:28.924	OrderManager	情報	一覧を更新しました
2022/06/14 19:20:28.935	OrderManager	情報	一覧の行を選択しました
2022/06/14 19:20:28.945	OrderManager	情報	一覧の行を選択しました
2022/06/14 19:20:31.531	OrderManager	情報	一覧を更新しました
2022/06/14 19:20:31.532	OrderManager	情報	一覧を更新しました
2022/06/14 19:20:31.532	OrderManager	情報	一覧を更新しました
2022/06/14 19:20:31.534	OrderManager	情報	一覧を更新しました
2022/06/14 19:20:31.597	OrderManager	情報	主画面を開きました
2022/06/14 19:20:32.924	OrderManager	情報	一覧の行を選択しました
2022/06/14 19:20:33.042	OrderManager	情報	一覧の行を選択しました
2022/06/14 19:20:49.271	OrderManager	情報	ボタンをクリックしました（機能：作業指示書の印刷(F5)）
2022/06/14 19:20:50.482	OrderManager	情報	主画面を閉じました
2022/06/14 19:21:18.001	OrderManager	情報	一覧を更新しました
2022/06/14 19:21:18.001	OrderManager	情報	一覧を更新しました
2022/06/14 19:21:18.608	OrderManager	情報	一覧を更新しました
2022/06/14 19:21:20.627	OrderManager	情報	一覧を更新しました
2022/06/14 19:21:21.837	OrderManager	情報	一覧を更新しました
2022/06/14 19:21:21.844	OrderManager	情報	主画面の初期化を完了しました
2022/06/14 19:21:21.853	OrderManager	情報	一覧の行を選択しました
2022/06/14 19:21:21.854	OrderManager	情報	一覧の行を選択しました
2022/06/14 19:21:21.865	OrderManager	情報	一覧の行を選択しました
2022/06/14 19:21:21.866	OrderManager	情報	一覧を更新しました
2022/06/14 19:21:21.876	OrderManager	情報	一覧の行を選択しました
2022/06/14 19:21:21.886	OrderManager	情報	一覧の行を選択しました
2022/06/14 19:21:24.500	OrderManager	情報	一覧を更新しました
2022/06/14 19:21:24.500	OrderManager	情報	一覧を更新しました
2022/06/14 19:21:24.501	OrderManager	情報	一覧を更新しました
2022/06/14 19:21:24.502	OrderManager	情報	一覧を更新しました
2022/06/14 19:21:24.563	OrderManager	情報	主画面を開きました
2022/06/14 19:21:25.876	OrderManager	情報	一覧の行を選択しました
2022/06/14 19:21:26.018	OrderManager	情報	一覧の行を選択しました
2022/06/14 19:21:47.613	OrderManager	情報	ボタンをクリックしました（機能：作業指示書の印刷(F5)）
2022/06/14 19:21:48.882	OrderManager	情報	主画面を閉じました
2022/06/14 19:22:17.206	OrderManager	情報	一覧を更新しました
2022/06/14 19:22:17.207	OrderManager	情報	一覧を更新しました
2022/06/14 19:22:17.334	OrderManager	情報	一覧を更新しました
2022/06/14 19:22:17.853	OrderManager	情報	一覧を更新しました
2022/06/14 19:22:18.498	OrderManager	情報	一覧を更新しました
2022/06/14 19:22:18.510	OrderManager	情報	主画面の初期化を完了しました
2022/06/14 19:22:18.517	OrderManager	情報	一覧の行を選択しました
2022/06/14 19:22:18.519	OrderManager	情報	一覧の行を選択しました
2022/06/14 19:22:18.531	OrderManager	情報	一覧の行を選択しました
2022/06/14 19:22:18.532	OrderManager	情報	一覧を更新しました
2022/06/14 19:22:18.542	OrderManager	情報	一覧の行を選択しました
2022/06/14 19:22:18.553	OrderManager	情報	一覧の行を選択しました
2022/06/14 19:22:21.126	OrderManager	情報	一覧を更新しました
2022/06/14 19:22:21.127	OrderManager	情報	一覧を更新しました
2022/06/14 19:22:21.127	OrderManager	情報	一覧を更新しました
2022/06/14 19:22:21.129	OrderManager	情報	一覧を更新しました
2022/06/14 19:22:21.201	OrderManager	情報	主画面を開きました
2022/06/14 19:22:22.460	OrderManager	情報	一覧の行を選択しました
2022/06/14 19:22:22.587	OrderManager	情報	一覧の行を選択しました
2022/06/14 19:22:28.149	OrderManager	情報	ボタンをクリックしました（機能：作業指示書の印刷(F5)）
2022/06/14 19:22:29.227	OrderManager	情報	主画面を閉じました
2022/06/14 19:22:41.768	OrderManager	情報	一覧を更新しました
2022/06/14 19:22:41.769	OrderManager	情報	一覧を更新しました
2022/06/14 19:22:41.844	OrderManager	情報	一覧を更新しました
2022/06/14 19:22:41.907	OrderManager	情報	一覧を更新しました
2022/06/14 19:22:42.107	OrderManager	情報	一覧を更新しました
2022/06/14 19:22:42.113	OrderManager	情報	主画面の初期化を完了しました
2022/06/14 19:22:42.120	OrderManager	情報	一覧の行を選択しました
2022/06/14 19:22:42.122	OrderManager	情報	一覧の行を選択しました
2022/06/14 19:22:42.134	OrderManager	情報	一覧の行を選択しました
2022/06/14 19:22:42.135	OrderManager	情報	一覧を更新しました
2022/06/14 19:22:42.146	OrderManager	情報	一覧の行を選択しました
2022/06/14 19:22:42.156	OrderManager	情報	一覧の行を選択しました
2022/06/14 19:22:44.800	OrderManager	情報	一覧を更新しました
2022/06/14 19:22:44.801	OrderManager	情報	一覧を更新しました
2022/06/14 19:22:44.802	OrderManager	情報	一覧を更新しました
2022/06/14 19:22:44.803	OrderManager	情報	一覧を更新しました
2022/06/14 19:22:44.862	OrderManager	情報	主画面を開きました
2022/06/14 19:22:45.971	OrderManager	情報	一覧の行を選択しました
2022/06/14 19:22:46.082	OrderManager	情報	一覧の行を選択しました
2022/06/14 19:22:53.943	OrderManager	情報	ボタンをクリックしました（機能：作業指示書の印刷(F5)）
2022/06/14 19:22:55.315	OrderManager	情報	主画面を閉じました
2022/06/14 19:23:06.919	OrderManager	情報	一覧を更新しました
2022/06/14 19:23:06.921	OrderManager	情報	一覧を更新しました
2022/06/14 19:23:06.997	OrderManager	情報	一覧を更新しました
2022/06/14 19:23:07.107	OrderManager	情報	一覧を更新しました
2022/06/14 19:23:07.204	OrderManager	情報	一覧を更新しました
2022/06/14 19:23:07.222	OrderManager	情報	主画面の初期化を完了しました
2022/06/14 19:23:07.235	OrderManager	情報	一覧の行を選択しました
2022/06/14 19:23:07.238	OrderManager	情報	一覧の行を選択しました
2022/06/14 19:23:07.252	OrderManager	情報	一覧の行を選択しました
2022/06/14 19:23:07.253	OrderManager	情報	一覧を更新しました
2022/06/14 19:23:07.268	OrderManager	情報	一覧の行を選択しました
2022/06/14 19:23:07.282	OrderManager	情報	一覧の行を選択しました
2022/06/14 19:23:09.865	OrderManager	情報	一覧を更新しました
2022/06/14 19:23:09.866	OrderManager	情報	一覧を更新しました
2022/06/14 19:23:09.866	OrderManager	情報	一覧を更新しました
2022/06/14 19:23:09.868	OrderManager	情報	一覧を更新しました
2022/06/14 19:23:09.924	OrderManager	情報	主画面を開きました
2022/06/14 19:23:11.603	OrderManager	情報	一覧の行を選択しました
2022/06/14 19:23:11.714	OrderManager	情報	一覧の行を選択しました
2022/06/14 19:23:16.325	OrderManager	情報	ボタンをクリックしました（機能：作業指示書の印刷(F5)）
2022/06/14 19:23:17.747	OrderManager	情報	主画面を閉じました
2022/06/14 19:24:03.398	OrderManager	情報	一覧を更新しました
2022/06/14 19:24:03.398	OrderManager	情報	一覧を更新しました
2022/06/14 19:24:03.452	OrderManager	情報	一覧を更新しました
2022/06/14 19:24:03.532	OrderManager	情報	一覧を更新しました
2022/06/14 19:24:03.705	OrderManager	情報	一覧を更新しました
2022/06/14 19:24:03.724	OrderManager	情報	主画面の初期化を完了しました
2022/06/14 19:24:03.730	OrderManager	情報	一覧の行を選択しました
2022/06/14 19:24:03.732	OrderManager	情報	一覧の行を選択しました
2022/06/14 19:24:03.742	OrderManager	情報	一覧の行を選択しました
2022/06/14 19:24:03.742	OrderManager	情報	一覧を更新しました
2022/06/14 19:24:03.753	OrderManager	情報	一覧の行を選択しました
2022/06/14 19:24:03.766	OrderManager	情報	一覧の行を選択しました
2022/06/14 19:24:06.350	OrderManager	情報	一覧を更新しました
2022/06/14 19:24:06.351	OrderManager	情報	一覧を更新しました
2022/06/14 19:24:06.352	OrderManager	情報	一覧を更新しました
2022/06/14 19:24:06.353	OrderManager	情報	一覧を更新しました
2022/06/14 19:24:06.408	OrderManager	情報	主画面を開きました
2022/06/14 19:24:07.759	OrderManager	情報	一覧の行を選択しました
2022/06/14 19:24:07.866	OrderManager	情報	一覧の行を選択しました
2022/06/14 19:24:25.662	OrderManager	情報	ボタンをクリックしました（機能：作業指示書の印刷(F5)）
2022/06/14 19:24:26.867	OrderManager	情報	主画面を閉じました
2022/06/14 19:25:00.893	OrderManager	情報	一覧を更新しました
2022/06/14 19:25:00.894	OrderManager	情報	一覧を更新しました
2022/06/14 19:25:02.314	OrderManager	情報	一覧を更新しました
2022/06/14 19:25:03.215	OrderManager	情報	一覧を更新しました
2022/06/14 19:25:04.254	OrderManager	情報	一覧を更新しました
2022/06/14 19:25:04.275	OrderManager	情報	主画面の初期化を完了しました
2022/06/14 19:25:04.286	OrderManager	情報	一覧の行を選択しました
2022/06/14 19:25:04.288	OrderManager	情報	一覧の行を選択しました
2022/06/14 19:25:04.300	OrderManager	情報	一覧の行を選択しました
2022/06/14 19:25:04.300	OrderManager	情報	一覧を更新しました
2022/06/14 19:25:04.310	OrderManager	情報	一覧の行を選択しました
2022/06/14 19:25:04.320	OrderManager	情報	一覧の行を選択しました
2022/06/14 19:25:06.888	OrderManager	情報	一覧を更新しました
2022/06/14 19:25:06.888	OrderManager	情報	一覧を更新しました
2022/06/14 19:25:06.889	OrderManager	情報	一覧を更新しました
2022/06/14 19:25:06.890	OrderManager	情報	一覧を更新しました
2022/06/14 19:25:06.951	OrderManager	情報	主画面を開きました
2022/06/14 19:25:08.401	OrderManager	情報	一覧の行を選択しました
2022/06/14 19:25:08.523	OrderManager	情報	一覧の行を選択しました
2022/06/14 19:25:29.375	OrderManager	情報	ボタンをクリックしました（機能：作業指示書の印刷(F5)）
2022/06/14 19:25:31.035	OrderManager	情報	主画面を閉じました
2022/06/14 19:26:33.450	OrderManager	情報	一覧を更新しました
2022/06/14 19:26:33.451	OrderManager	情報	一覧を更新しました
2022/06/14 19:26:33.584	OrderManager	情報	一覧を更新しました
2022/06/14 19:26:33.728	OrderManager	情報	一覧を更新しました
2022/06/14 19:26:33.958	OrderManager	情報	一覧を更新しました
2022/06/14 19:26:33.964	OrderManager	情報	主画面の初期化を完了しました
2022/06/14 19:26:33.972	OrderManager	情報	一覧の行を選択しました
2022/06/14 19:26:33.974	OrderManager	情報	一覧の行を選択しました
2022/06/14 19:26:33.985	OrderManager	情報	一覧の行を選択しました
2022/06/14 19:26:33.985	OrderManager	情報	一覧を更新しました
2022/06/14 19:26:33.997	OrderManager	情報	一覧の行を選択しました
2022/06/14 19:26:34.007	OrderManager	情報	一覧の行を選択しました
2022/06/14 19:26:36.624	OrderManager	情報	一覧を更新しました
2022/06/14 19:26:36.624	OrderManager	情報	一覧を更新しました
2022/06/14 19:26:36.625	OrderManager	情報	一覧を更新しました
2022/06/14 19:26:36.626	OrderManager	情報	一覧を更新しました
2022/06/14 19:26:36.703	OrderManager	情報	主画面を開きました
2022/06/14 19:26:38.036	OrderManager	情報	一覧の行を選択しました
2022/06/14 19:26:38.162	OrderManager	情報	一覧の行を選択しました
2022/06/14 19:28:24.177	OrderManager	情報	ボタンをクリックしました（機能：作業指示書の印刷(F5)）
2022/06/14 19:28:25.628	OrderManager	情報	主画面を閉じました
