2022/06/10 09:22:48.414	OrderManager	情報	一覧を更新しました
2022/06/10 09:22:48.416	OrderManager	情報	一覧を更新しました
2022/06/10 09:22:48.438	OrderManager	情報	一覧を更新しました
2022/06/10 09:22:48.452	OrderManager	情報	一覧を更新しました
2022/06/10 09:22:48.463	OrderManager	情報	一覧を更新しました
2022/06/10 09:22:48.470	OrderManager	情報	主画面の初期化を完了しました
2022/06/10 09:22:48.488	OrderManager	情報	一覧の行を選択しました
2022/06/10 09:22:48.497	OrderManager	情報	一覧の行を選択しました
2022/06/10 09:22:48.508	OrderManager	情報	一覧の行を選択しました
2022/06/10 09:22:48.510	OrderManager	情報	一覧を更新しました
2022/06/10 09:22:48.526	OrderManager	情報	一覧の行を選択しました
2022/06/10 09:22:48.536	OrderManager	情報	一覧の行を選択しました
2022/06/10 09:22:51.516	OrderManager	情報	一覧を更新しました
2022/06/10 09:22:51.517	OrderManager	情報	一覧を更新しました
2022/06/10 09:22:51.518	OrderManager	情報	一覧を更新しました
2022/06/10 09:22:51.519	OrderManager	情報	一覧を更新しました
2022/06/10 09:22:51.586	OrderManager	情報	主画面を開きました
2022/06/10 09:22:53.501	OrderManager	情報	一覧の行を選択しました
2022/06/10 09:22:53.681	OrderManager	情報	一覧の行を選択しました
2022/06/10 09:22:55.133	OrderManager	情報	ボタンをクリックしました（機能：注文開始(F7)）
2022/06/10 09:23:10.391	OrderManager	情報	ボタンをクリックしました（機能：閉じる）
2022/06/10 09:23:14.455	OrderManager	情報	一覧の行を選択しました
2022/06/10 09:23:14.673	OrderManager	情報	一覧の行を選択しました
2022/06/10 09:23:16.492	OrderManager	情報	ボタンをクリックしました（機能：注文開始(F7)）
2022/06/10 09:23:18.666	OrderManager	情報	ボタンをクリックしました（機能：閉じる）
2022/06/10 09:23:19.443	OrderManager	情報	一覧の行を選択しました
2022/06/10 09:23:19.658	OrderManager	情報	一覧の行を選択しました
2022/06/10 09:23:20.377	OrderManager	情報	ボタンをクリックしました（機能：注文開始(F7)）
2022/06/10 09:23:22.606	OrderManager	情報	ボタンをクリックしました（機能：閉じる）
2022/06/10 09:23:23.422	OrderManager	情報	一覧の行を選択しました
2022/06/10 09:23:23.637	OrderManager	情報	一覧の行を選択しました
2022/06/10 09:23:24.191	OrderManager	情報	ボタンをクリックしました（機能：注文開始(F7)）
2022/06/10 09:23:26.042	OrderManager	情報	ボタンをクリックしました（機能：閉じる）
2022/06/10 09:23:28.600	OrderManager	情報	一覧の行を選択しました
2022/06/10 09:23:28.818	OrderManager	情報	一覧の行を選択しました
2022/06/10 09:23:29.587	OrderManager	情報	ボタンをクリックしました（機能：注文開始(F7)）
2022/06/10 09:23:30.830	OrderManager	情報	ボタンをクリックしました（機能：閉じる）
2022/06/10 09:23:31.599	OrderManager	情報	一覧の行を選択しました
2022/06/10 09:23:31.829	OrderManager	情報	一覧の行を選択しました
2022/06/10 09:23:32.536	OrderManager	情報	ボタンをクリックしました（機能：注文開始(F7)）
2022/06/10 09:23:46.007	OrderManager	情報	ボタンをクリックしました（機能：閉じる）
2022/06/10 09:23:48.112	OrderManager	情報	ボタンをクリックしました（機能：注文開始(F7)）
2022/06/10 09:23:53.697	OrderManager	情報	ボタンをクリックしました（機能：閉じる）
2022/06/10 09:23:55.414	OrderManager	情報	主画面を閉じました
2022/06/10 09:27:04.519	OrderManager	情報	一覧を更新しました
2022/06/10 09:27:04.521	OrderManager	情報	一覧を更新しました
2022/06/10 09:27:04.535	OrderManager	情報	一覧を更新しました
2022/06/10 09:27:04.571	OrderManager	情報	一覧を更新しました
2022/06/10 09:27:04.585	OrderManager	情報	一覧を更新しました
2022/06/10 09:27:04.596	OrderManager	情報	主画面の初期化を完了しました
2022/06/10 09:27:04.619	OrderManager	情報	一覧の行を選択しました
2022/06/10 09:27:04.624	OrderManager	情報	一覧の行を選択しました
2022/06/10 09:27:04.656	OrderManager	情報	一覧の行を選択しました
2022/06/10 09:27:04.659	OrderManager	情報	一覧を更新しました
2022/06/10 09:27:04.711	OrderManager	情報	一覧の行を選択しました
2022/06/10 09:27:04.759	OrderManager	情報	一覧の行を選択しました
2022/06/10 09:27:07.516	OrderManager	情報	一覧を更新しました
2022/06/10 09:27:07.517	OrderManager	情報	一覧を更新しました
2022/06/10 09:27:07.517	OrderManager	情報	一覧を更新しました
2022/06/10 09:27:07.519	OrderManager	情報	一覧を更新しました
2022/06/10 09:27:07.566	OrderManager	情報	主画面を開きました
2022/06/10 09:27:09.449	OrderManager	情報	一覧の行を選択しました
2022/06/10 09:27:09.641	OrderManager	情報	一覧の行を選択しました
2022/06/10 09:27:11.662	OrderManager	情報	一覧の行を選択しました
2022/06/10 09:27:11.879	OrderManager	情報	一覧の行を選択しました
2022/06/10 09:27:12.224	OrderManager	情報	一覧の行を選択しました
2022/06/10 09:27:12.456	OrderManager	情報	一覧の行を選択しました
2022/06/10 09:27:12.830	OrderManager	情報	一覧の行を選択しました
2022/06/10 09:27:12.958	OrderManager	情報	一覧の行を選択しました
2022/06/10 09:27:13.981	OrderManager	情報	ボタンをクリックしました（機能：注文開始(F7)）
2022/06/10 09:27:23.819	OrderManager	情報	ボタンをクリックしました（機能：閉じる）
2022/06/10 09:27:25.314	OrderManager	情報	主画面を閉じました
