2022/06/16 09:20:48.752	OrderManager	情報	一覧を更新しました
2022/06/16 09:20:48.754	OrderManager	情報	一覧を更新しました
2022/06/16 09:20:48.852	OrderManager	情報	一覧を更新しました
2022/06/16 09:20:49.117	OrderManager	情報	一覧を更新しました
2022/06/16 09:20:49.452	OrderManager	情報	一覧を更新しました
2022/06/16 09:20:49.465	OrderManager	情報	主画面の初期化を完了しました
2022/06/16 09:20:49.481	OrderManager	情報	一覧の行を選択しました
2022/06/16 09:20:49.491	OrderManager	情報	一覧の行を選択しました
2022/06/16 09:20:49.502	OrderManager	情報	一覧の行を選択しました
2022/06/16 09:20:49.503	OrderManager	情報	一覧を更新しました
2022/06/16 09:20:49.512	OrderManager	情報	一覧の行を選択しました
2022/06/16 09:20:49.522	OrderManager	情報	一覧の行を選択しました
2022/06/16 09:20:52.120	OrderManager	情報	一覧を更新しました
2022/06/16 09:20:52.121	OrderManager	情報	一覧を更新しました
2022/06/16 09:20:52.121	OrderManager	情報	一覧を更新しました
2022/06/16 09:20:52.123	OrderManager	情報	一覧を更新しました
2022/06/16 09:20:52.168	OrderManager	情報	主画面を開きました
2022/06/16 09:26:49.178	OrderManager	情報	一覧の行を選択しました
2022/06/16 09:26:49.340	OrderManager	情報	一覧の行を選択しました
2022/06/16 09:30:22.121	OrderManager	情報	ボタンをクリックしました（機能：作業指示書の印刷(F5)）
2022/06/16 09:30:23.549	OrderManager	情報	主画面を閉じました
2022/06/16 09:30:37.992	OrderManager	情報	一覧を更新しました
2022/06/16 09:30:37.994	OrderManager	情報	一覧を更新しました
2022/06/16 09:30:43.770	OrderManager	情報	一覧を更新しました
2022/06/16 09:30:44.628	OrderManager	情報	一覧を更新しました
2022/06/16 09:30:46.038	OrderManager	情報	一覧を更新しました
2022/06/16 09:30:46.048	OrderManager	情報	主画面の初期化を完了しました
2022/06/16 09:30:46.063	OrderManager	情報	一覧の行を選択しました
2022/06/16 09:30:46.073	OrderManager	情報	一覧の行を選択しました
2022/06/16 09:30:46.083	OrderManager	情報	一覧の行を選択しました
2022/06/16 09:30:46.083	OrderManager	情報	一覧を更新しました
2022/06/16 09:30:46.092	OrderManager	情報	一覧の行を選択しました
2022/06/16 09:30:46.102	OrderManager	情報	一覧の行を選択しました
2022/06/16 09:30:48.681	OrderManager	情報	一覧を更新しました
2022/06/16 09:30:48.682	OrderManager	情報	一覧を更新しました
2022/06/16 09:30:48.683	OrderManager	情報	一覧を更新しました
2022/06/16 09:30:48.685	OrderManager	情報	一覧を更新しました
2022/06/16 09:30:48.759	OrderManager	情報	主画面を開きました
2022/06/16 09:30:50.191	OrderManager	情報	一覧の行を選択しました
2022/06/16 09:30:50.332	OrderManager	情報	一覧の行を選択しました
2022/06/16 09:30:59.459	OrderManager	情報	ボタンをクリックしました（機能：作業指示書の印刷(F5)）
2022/06/16 09:31:02.405	OrderManager	情報	主画面を閉じました
2022/06/16 09:32:10.324	OrderManager	情報	一覧を更新しました
2022/06/16 09:32:10.325	OrderManager	情報	一覧を更新しました
2022/06/16 09:32:11.116	OrderManager	情報	一覧を更新しました
2022/06/16 09:32:14.244	OrderManager	情報	一覧を更新しました
2022/06/16 09:32:14.420	OrderManager	情報	一覧を更新しました
2022/06/16 09:32:14.426	OrderManager	情報	主画面の初期化を完了しました
2022/06/16 09:32:14.433	OrderManager	情報	一覧の行を選択しました
2022/06/16 09:32:14.435	OrderManager	情報	一覧の行を選択しました
2022/06/16 09:32:14.447	OrderManager	情報	一覧の行を選択しました
2022/06/16 09:32:14.448	OrderManager	情報	一覧を更新しました
2022/06/16 09:32:14.456	OrderManager	情報	一覧の行を選択しました
2022/06/16 09:32:14.467	OrderManager	情報	一覧の行を選択しました
2022/06/16 09:32:17.058	OrderManager	情報	一覧を更新しました
2022/06/16 09:32:17.059	OrderManager	情報	一覧を更新しました
2022/06/16 09:32:17.059	OrderManager	情報	一覧を更新しました
2022/06/16 09:32:17.061	OrderManager	情報	一覧を更新しました
2022/06/16 09:32:17.114	OrderManager	情報	主画面を開きました
2022/06/16 09:32:19.313	OrderManager	情報	一覧の行を選択しました
2022/06/16 09:32:19.413	OrderManager	情報	一覧の行を選択しました
2022/06/16 09:33:42.979	OrderManager	情報	ボタンをクリックしました（機能：作業指示書の印刷(F5)）
2022/06/16 09:33:43.693	OrderManager	情報	主画面を閉じました
2022/06/16 09:46:43.705	OrderManager	情報	一覧を更新しました
2022/06/16 09:46:43.707	OrderManager	情報	一覧を更新しました
2022/06/16 09:46:44.192	OrderManager	情報	一覧を更新しました
2022/06/16 09:46:45.279	OrderManager	情報	一覧を更新しました
2022/06/16 09:46:45.574	OrderManager	情報	一覧を更新しました
2022/06/16 09:46:45.589	OrderManager	情報	主画面の初期化を完了しました
2022/06/16 09:46:45.599	OrderManager	情報	一覧の行を選択しました
2022/06/16 09:46:45.607	OrderManager	情報	一覧の行を選択しました
2022/06/16 09:46:45.617	OrderManager	情報	一覧の行を選択しました
2022/06/16 09:46:45.618	OrderManager	情報	一覧を更新しました
2022/06/16 09:46:45.628	OrderManager	情報	一覧の行を選択しました
2022/06/16 09:46:45.638	OrderManager	情報	一覧の行を選択しました
2022/06/16 09:46:48.215	OrderManager	情報	一覧を更新しました
2022/06/16 09:46:48.216	OrderManager	情報	一覧を更新しました
2022/06/16 09:46:48.216	OrderManager	情報	一覧を更新しました
2022/06/16 09:46:48.218	OrderManager	情報	一覧を更新しました
2022/06/16 09:46:48.270	OrderManager	情報	主画面を開きました
2022/06/16 09:46:49.533	OrderManager	情報	一覧の行を選択しました
2022/06/16 09:46:49.686	OrderManager	情報	一覧の行を選択しました
2022/06/16 09:50:02.308	OrderManager	情報	ボタンをクリックしました（機能：作業指示書の印刷(F5)）
2022/06/16 09:50:03.407	OrderManager	情報	主画面を閉じました
2022/06/16 09:50:15.971	OrderManager	情報	一覧を更新しました
2022/06/16 09:50:15.972	OrderManager	情報	一覧を更新しました
2022/06/16 09:50:16.117	OrderManager	情報	一覧を更新しました
2022/06/16 09:50:16.265	OrderManager	情報	一覧を更新しました
2022/06/16 09:50:16.521	OrderManager	情報	一覧を更新しました
2022/06/16 09:50:16.539	OrderManager	情報	主画面の初期化を完了しました
2022/06/16 09:50:16.548	OrderManager	情報	一覧の行を選択しました
2022/06/16 09:50:16.552	OrderManager	情報	一覧の行を選択しました
2022/06/16 09:50:16.562	OrderManager	情報	一覧の行を選択しました
2022/06/16 09:50:16.563	OrderManager	情報	一覧を更新しました
2022/06/16 09:50:16.572	OrderManager	情報	一覧の行を選択しました
2022/06/16 09:50:16.583	OrderManager	情報	一覧の行を選択しました
2022/06/16 09:50:19.175	OrderManager	情報	一覧を更新しました
2022/06/16 09:50:19.175	OrderManager	情報	一覧を更新しました
2022/06/16 09:50:19.176	OrderManager	情報	一覧を更新しました
2022/06/16 09:50:19.177	OrderManager	情報	一覧を更新しました
2022/06/16 09:50:19.216	OrderManager	情報	主画面を開きました
2022/06/16 09:50:20.255	OrderManager	情報	一覧の行を選択しました
2022/06/16 09:50:20.358	OrderManager	情報	一覧の行を選択しました
2022/06/16 09:52:20.841	OrderManager	情報	ボタンをクリックしました（機能：作業指示書の印刷(F5)）
2022/06/16 09:52:21.766	OrderManager	情報	主画面を閉じました
