2022/05/25 09:30:25.126	OrderManager	情報	一覧を更新しました
2022/05/25 09:30:25.128	OrderManager	情報	一覧を更新しました
2022/05/25 09:30:25.156	OrderManager	情報	一覧を更新しました
2022/05/25 09:30:25.187	OrderManager	情報	一覧を更新しました
2022/05/25 09:30:25.221	OrderManager	情報	一覧を更新しました
2022/05/25 09:30:25.229	OrderManager	情報	主画面の初期化を完了しました
2022/05/25 09:30:25.249	OrderManager	情報	一覧の行を選択しました
2022/05/25 09:30:25.261	OrderManager	情報	一覧の行を選択しました
2022/05/25 09:30:25.274	OrderManager	情報	一覧の行を選択しました
2022/05/25 09:30:25.276	OrderManager	情報	一覧を更新しました
2022/05/25 09:30:25.291	OrderManager	情報	一覧の行を選択しました
2022/05/25 09:30:25.305	OrderManager	情報	一覧の行を選択しました
2022/05/25 09:30:28.417	OrderManager	情報	一覧を更新しました
2022/05/25 09:30:28.419	OrderManager	情報	一覧を更新しました
2022/05/25 09:30:28.428	OrderManager	情報	一覧を更新しました
2022/05/25 09:30:28.434	OrderManager	情報	一覧を更新しました
2022/05/25 09:30:28.494	OrderManager	情報	主画面を開きました
2022/05/25 09:30:32.609	OrderManager	情報	主画面を閉じました
2022/05/25 09:35:27.830	OrderManager	情報	一覧を更新しました
2022/05/25 09:35:27.832	OrderManager	情報	一覧を更新しました
2022/05/25 09:35:27.846	OrderManager	情報	一覧を更新しました
2022/05/25 09:35:27.860	OrderManager	情報	一覧を更新しました
2022/05/25 09:35:27.872	OrderManager	情報	一覧を更新しました
2022/05/25 09:35:27.878	OrderManager	情報	主画面の初期化を完了しました
2022/05/25 09:35:27.887	OrderManager	情報	一覧の行を選択しました
2022/05/25 09:35:27.890	OrderManager	情報	一覧の行を選択しました
2022/05/25 09:35:27.903	OrderManager	情報	一覧の行を選択しました
2022/05/25 09:35:27.906	OrderManager	情報	一覧を更新しました
2022/05/25 09:35:27.920	OrderManager	情報	一覧の行を選択しました
2022/05/25 09:35:27.936	OrderManager	情報	一覧の行を選択しました
2022/05/25 09:35:30.651	OrderManager	情報	一覧を更新しました
2022/05/25 09:35:30.654	OrderManager	情報	一覧を更新しました
2022/05/25 09:35:30.656	OrderManager	情報	一覧を更新しました
2022/05/25 09:35:30.657	OrderManager	情報	一覧を更新しました
2022/05/25 09:35:30.688	OrderManager	情報	主画面を開きました
2022/05/25 09:37:39.115	OrderManager	情報	一覧の行を選択しました
2022/05/25 09:37:39.117	OrderManager	情報	一覧を更新しました
2022/05/25 09:37:39.121	OrderManager	情報	一覧の行を選択しました
2022/05/25 09:37:39.123	OrderManager	情報	一覧の行を選択しました
2022/05/25 09:37:39.159	OrderManager	情報	一覧の行を選択しました
2022/05/25 09:37:39.161	OrderManager	情報	一覧を更新しました
2022/05/25 09:37:39.162	OrderManager	情報	一覧の行を選択しました
2022/05/25 09:37:39.194	OrderManager	情報	一覧の行を選択しました
2022/05/25 09:37:39.237	OrderManager	情報	一覧の行を選択しました
2022/05/25 09:37:39.238	OrderManager	情報	一覧を更新しました
2022/05/25 09:37:39.238	OrderManager	情報	一覧の行を選択しました
2022/05/25 09:37:39.245	OrderManager	情報	一覧を更新しました
2022/05/25 09:37:41.646	OrderManager	情報	一覧の行を選択しました
2022/05/25 09:55:38.099	OrderManager	情報	一覧を更新しました
2022/05/25 09:55:38.102	OrderManager	情報	一覧を更新しました
2022/05/25 09:55:38.121	OrderManager	情報	一覧を更新しました
2022/05/25 09:55:38.136	OrderManager	情報	一覧を更新しました
2022/05/25 09:55:38.152	OrderManager	情報	一覧を更新しました
2022/05/25 09:55:38.159	OrderManager	情報	主画面の初期化を完了しました
2022/05/25 09:55:38.168	OrderManager	情報	一覧の行を選択しました
2022/05/25 09:55:38.171	OrderManager	情報	一覧の行を選択しました
2022/05/25 09:55:38.185	OrderManager	情報	一覧の行を選択しました
2022/05/25 09:55:38.188	OrderManager	情報	一覧を更新しました
2022/05/25 09:55:38.202	OrderManager	情報	一覧の行を選択しました
2022/05/25 09:55:38.216	OrderManager	情報	一覧の行を選択しました
2022/05/25 09:55:41.047	OrderManager	情報	一覧を更新しました
2022/05/25 09:55:41.049	OrderManager	情報	一覧を更新しました
2022/05/25 09:55:41.051	OrderManager	情報	一覧を更新しました
2022/05/25 09:55:41.053	OrderManager	情報	一覧を更新しました
2022/05/25 09:55:41.104	OrderManager	情報	主画面を開きました
2022/05/25 11:18:49.679	OrderManager	情報	一覧を更新しました
2022/05/25 11:18:49.685	OrderManager	情報	一覧を更新しました
2022/05/25 11:18:49.707	OrderManager	情報	一覧を更新しました
2022/05/25 11:18:49.733	OrderManager	情報	一覧を更新しました
2022/05/25 11:18:49.750	OrderManager	情報	一覧を更新しました
2022/05/25 11:18:49.757	OrderManager	情報	主画面の初期化を完了しました
2022/05/25 11:18:49.794	OrderManager	情報	一覧の行を選択しました
2022/05/25 11:18:50.033	OrderManager	情報	一覧の行を選択しました
2022/05/25 11:18:50.061	OrderManager	情報	一覧の行を選択しました
2022/05/25 11:18:50.065	OrderManager	情報	一覧を更新しました
2022/05/25 11:18:50.091	OrderManager	情報	一覧の行を選択しました
2022/05/25 11:18:50.138	OrderManager	情報	一覧の行を選択しました
2022/05/25 11:18:53.209	OrderManager	情報	一覧を更新しました
2022/05/25 11:18:53.211	OrderManager	情報	一覧を更新しました
2022/05/25 11:18:53.222	OrderManager	情報	一覧を更新しました
2022/05/25 11:18:53.224	OrderManager	情報	一覧を更新しました
2022/05/25 11:18:53.273	OrderManager	情報	主画面を開きました
2022/05/25 11:19:15.903	OrderManager	クリティカル	例外が発生しました（内容：列 'Target_Weight' はテーブル  に属していません。）
2022/05/25 11:19:19.990	OrderManager	情報	一覧を更新しました
2022/05/25 11:19:20.002	OrderManager	情報	一覧の行を選択しました
2022/05/25 11:19:20.004	OrderManager	情報	一覧の行を選択しました
2022/05/25 11:24:31.190	OrderManager	情報	一覧を更新しました
2022/05/25 11:24:31.195	OrderManager	情報	一覧を更新しました
2022/05/25 11:24:31.225	OrderManager	情報	一覧を更新しました
2022/05/25 11:24:31.264	OrderManager	情報	一覧を更新しました
2022/05/25 11:24:31.288	OrderManager	情報	一覧を更新しました
2022/05/25 11:24:31.304	OrderManager	情報	主画面の初期化を完了しました
2022/05/25 11:24:31.347	OrderManager	情報	一覧の行を選択しました
2022/05/25 11:24:31.358	OrderManager	情報	一覧の行を選択しました
2022/05/25 11:24:31.381	OrderManager	情報	一覧の行を選択しました
2022/05/25 11:24:31.386	OrderManager	情報	一覧を更新しました
2022/05/25 11:24:31.414	OrderManager	情報	一覧の行を選択しました
2022/05/25 11:24:31.441	OrderManager	情報	一覧の行を選択しました
2022/05/25 11:24:34.209	OrderManager	情報	一覧を更新しました
2022/05/25 11:24:34.211	OrderManager	情報	一覧を更新しました
2022/05/25 11:24:34.213	OrderManager	情報	一覧を更新しました
2022/05/25 11:24:34.215	OrderManager	情報	一覧を更新しました
2022/05/25 11:24:34.259	OrderManager	情報	主画面を開きました
2022/05/25 11:24:46.777	OrderManager	クリティカル	例外が発生しました（内容：列 'Target_Weight' はテーブル  に属していません。）
2022/05/25 11:24:48.783	OrderManager	情報	一覧を更新しました
2022/05/25 11:24:48.787	OrderManager	情報	一覧の行を選択しました
2022/05/25 11:24:48.789	OrderManager	情報	一覧の行を選択しました
2022/05/25 11:24:48.984	OrderManager	クリティカル	例外が発生しました（内容：列 'Target_Weight' はテーブル  に属していません。）
2022/05/25 11:24:49.614	OrderManager	情報	一覧を更新しました
2022/05/25 11:24:49.614	OrderManager	情報	一覧の行を選択しました
2022/05/25 11:24:49.655	OrderManager	情報	一覧の行を選択しました
2022/05/25 11:24:49.865	OrderManager	クリティカル	例外が発生しました（内容：列 'Target_Weight' はテーブル  に属していません。）
2022/05/25 11:24:50.143	OrderManager	情報	一覧を更新しました
2022/05/25 11:24:50.143	OrderManager	情報	一覧の行を選択しました
2022/05/25 11:24:50.154	OrderManager	情報	一覧を更新しました
2022/05/25 11:24:53.197	OrderManager	クリティカル	例外が発生しました（内容：列 'Target_Weight' はテーブル  に属していません。）
2022/05/25 11:25:31.320	OrderManager	クリティカル	例外が発生しました（内容：列 'Target_Weight' はテーブル  に属していません。）
2022/05/25 11:25:34.641	OrderManager	クリティカル	例外が発生しました（内容：列 'Target_Weight' はテーブル  に属していません。）
2022/05/25 11:25:37.014	OrderManager	クリティカル	例外が発生しました（内容：列 'Target_Weight' はテーブル  に属していません。）
2022/05/25 11:25:39.224	OrderManager	クリティカル	例外が発生しました（内容：列 'Target_Weight' はテーブル  に属していません。）
2022/05/25 11:25:42.701	OrderManager	クリティカル	例外が発生しました（内容：列 'Target_Weight' はテーブル  に属していません。）
2022/05/25 11:39:57.532	OrderManager	情報	一覧を更新しました
2022/05/25 11:39:57.534	OrderManager	情報	一覧を更新しました
2022/05/25 11:39:57.561	OrderManager	情報	一覧を更新しました
2022/05/25 11:39:57.579	OrderManager	情報	一覧を更新しました
2022/05/25 11:39:57.596	OrderManager	情報	一覧を更新しました
2022/05/25 11:39:57.604	OrderManager	情報	主画面の初期化を完了しました
2022/05/25 11:39:57.616	OrderManager	情報	一覧の行を選択しました
2022/05/25 11:39:57.620	OrderManager	情報	一覧の行を選択しました
2022/05/25 11:39:57.640	OrderManager	情報	一覧の行を選択しました
2022/05/25 11:39:57.646	OrderManager	情報	一覧を更新しました
2022/05/25 11:39:57.673	OrderManager	情報	一覧の行を選択しました
2022/05/25 11:39:57.690	OrderManager	情報	一覧の行を選択しました
2022/05/25 11:40:00.406	OrderManager	情報	一覧を更新しました
2022/05/25 11:40:00.408	OrderManager	情報	一覧を更新しました
2022/05/25 11:40:00.412	OrderManager	情報	一覧を更新しました
2022/05/25 11:40:00.414	OrderManager	情報	一覧を更新しました
2022/05/25 11:40:00.447	OrderManager	情報	主画面を開きました
2022/05/25 11:48:02.092	OrderManager	情報	一覧を更新しました
2022/05/25 11:48:02.094	OrderManager	情報	一覧を更新しました
2022/05/25 11:48:02.119	OrderManager	情報	一覧を更新しました
2022/05/25 11:48:02.135	OrderManager	情報	一覧を更新しました
2022/05/25 11:48:02.150	OrderManager	情報	一覧を更新しました
2022/05/25 11:48:02.159	OrderManager	情報	主画面の初期化を完了しました
2022/05/25 11:48:02.173	OrderManager	情報	一覧の行を選択しました
2022/05/25 11:48:02.176	OrderManager	情報	一覧の行を選択しました
2022/05/25 11:48:02.197	OrderManager	情報	一覧の行を選択しました
2022/05/25 11:48:02.201	OrderManager	情報	一覧を更新しました
2022/05/25 11:48:02.229	OrderManager	情報	一覧の行を選択しました
2022/05/25 11:48:02.242	OrderManager	情報	一覧の行を選択しました
2022/05/25 11:48:05.363	OrderManager	情報	一覧を更新しました
2022/05/25 11:48:05.365	OrderManager	情報	一覧を更新しました
2022/05/25 11:48:05.367	OrderManager	情報	一覧を更新しました
2022/05/25 11:48:05.370	OrderManager	情報	一覧を更新しました
2022/05/25 11:48:05.410	OrderManager	情報	主画面を開きました
2022/05/25 16:17:36.218	OrderManager	情報	一覧を更新しました
2022/05/25 16:17:36.221	OrderManager	情報	一覧を更新しました
2022/05/25 16:17:36.241	OrderManager	情報	一覧を更新しました
2022/05/25 16:17:36.260	OrderManager	情報	一覧を更新しました
2022/05/25 16:17:36.275	OrderManager	情報	一覧を更新しました
2022/05/25 16:17:36.287	OrderManager	情報	主画面の初期化を完了しました
2022/05/25 16:17:36.316	OrderManager	情報	一覧の行を選択しました
2022/05/25 16:17:36.325	OrderManager	情報	一覧の行を選択しました
2022/05/25 16:17:36.341	OrderManager	情報	一覧の行を選択しました
2022/05/25 16:17:36.342	OrderManager	情報	一覧を更新しました
2022/05/25 16:17:36.357	OrderManager	情報	一覧の行を選択しました
2022/05/25 16:17:36.371	OrderManager	情報	一覧の行を選択しました
2022/05/25 16:17:39.941	OrderManager	情報	一覧を更新しました
2022/05/25 16:17:39.943	OrderManager	情報	一覧を更新しました
2022/05/25 16:17:39.945	OrderManager	情報	一覧を更新しました
2022/05/25 16:17:39.947	OrderManager	情報	一覧を更新しました
2022/05/25 16:17:39.987	OrderManager	情報	主画面を開きました
2022/05/25 16:18:23.860	OrderManager	情報	一覧を更新しました
2022/05/25 16:18:23.863	OrderManager	情報	一覧を更新しました
2022/05/25 16:18:23.882	OrderManager	情報	一覧を更新しました
2022/05/25 16:18:23.899	OrderManager	情報	一覧を更新しました
2022/05/25 16:18:23.924	OrderManager	情報	一覧を更新しました
2022/05/25 16:18:23.934	OrderManager	情報	主画面の初期化を完了しました
2022/05/25 16:18:23.954	OrderManager	情報	一覧の行を選択しました
2022/05/25 16:18:23.961	OrderManager	情報	一覧の行を選択しました
2022/05/25 16:18:23.996	OrderManager	情報	一覧の行を選択しました
2022/05/25 16:18:24.004	OrderManager	情報	一覧を更新しました
2022/05/25 16:18:24.038	OrderManager	情報	一覧の行を選択しました
2022/05/25 16:18:24.066	OrderManager	情報	一覧の行を選択しました
2022/05/25 16:18:27.164	OrderManager	情報	一覧を更新しました
2022/05/25 16:18:27.168	OrderManager	情報	一覧を更新しました
2022/05/25 16:18:27.170	OrderManager	情報	一覧を更新しました
2022/05/25 16:18:27.172	OrderManager	情報	一覧を更新しました
2022/05/25 16:18:27.208	OrderManager	情報	主画面を開きました
2022/05/25 16:19:22.055	OrderManager	情報	一覧を更新しました
2022/05/25 16:19:22.063	OrderManager	情報	一覧を更新しました
2022/05/25 16:19:22.084	OrderManager	情報	一覧を更新しました
2022/05/25 16:19:22.108	OrderManager	情報	一覧を更新しました
2022/05/25 16:19:22.129	OrderManager	情報	一覧を更新しました
2022/05/25 16:19:22.139	OrderManager	情報	主画面の初期化を完了しました
2022/05/25 16:19:22.156	OrderManager	情報	一覧の行を選択しました
2022/05/25 16:19:22.161	OrderManager	情報	一覧の行を選択しました
2022/05/25 16:19:22.193	OrderManager	情報	一覧の行を選択しました
2022/05/25 16:19:22.196	OrderManager	情報	一覧を更新しました
2022/05/25 16:19:22.216	OrderManager	情報	一覧の行を選択しました
2022/05/25 16:19:22.234	OrderManager	情報	一覧の行を選択しました
2022/05/25 16:19:25.470	OrderManager	情報	一覧を更新しました
2022/05/25 16:19:25.473	OrderManager	情報	一覧を更新しました
2022/05/25 16:19:25.474	OrderManager	情報	一覧を更新しました
2022/05/25 16:19:25.476	OrderManager	情報	一覧を更新しました
2022/05/25 16:19:25.514	OrderManager	情報	主画面を開きました
2022/05/25 16:20:50.570	OrderManager	情報	一覧を更新しました
2022/05/25 16:20:50.574	OrderManager	情報	一覧を更新しました
2022/05/25 16:20:50.617	OrderManager	情報	一覧を更新しました
2022/05/25 16:20:50.768	OrderManager	情報	一覧を更新しました
2022/05/25 16:20:50.919	OrderManager	情報	一覧を更新しました
2022/05/25 16:20:50.945	OrderManager	情報	主画面の初期化を完了しました
2022/05/25 16:20:50.980	OrderManager	情報	一覧の行を選択しました
2022/05/25 16:20:51.003	OrderManager	情報	一覧の行を選択しました
2022/05/25 16:20:51.024	OrderManager	情報	一覧の行を選択しました
2022/05/25 16:20:51.030	OrderManager	情報	一覧を更新しました
2022/05/25 16:20:51.068	OrderManager	情報	一覧の行を選択しました
2022/05/25 16:20:51.088	OrderManager	情報	一覧の行を選択しました
2022/05/25 16:20:54.591	OrderManager	情報	一覧を更新しました
2022/05/25 16:20:54.593	OrderManager	情報	一覧を更新しました
2022/05/25 16:20:54.596	OrderManager	情報	一覧を更新しました
2022/05/25 16:20:54.598	OrderManager	情報	一覧を更新しました
2022/05/25 16:20:54.634	OrderManager	情報	主画面を開きました
2022/05/25 16:21:21.467	OrderManager	情報	一覧を更新しました
2022/05/25 16:21:21.470	OrderManager	情報	一覧を更新しました
2022/05/25 16:21:21.490	OrderManager	情報	一覧を更新しました
2022/05/25 16:21:21.506	OrderManager	情報	一覧を更新しました
2022/05/25 16:21:21.526	OrderManager	情報	一覧を更新しました
2022/05/25 16:21:21.533	OrderManager	情報	主画面の初期化を完了しました
2022/05/25 16:21:21.544	OrderManager	情報	一覧の行を選択しました
2022/05/25 16:21:21.546	OrderManager	情報	一覧の行を選択しました
2022/05/25 16:21:21.561	OrderManager	情報	一覧の行を選択しました
2022/05/25 16:21:21.564	OrderManager	情報	一覧を更新しました
2022/05/25 16:21:21.579	OrderManager	情報	一覧の行を選択しました
2022/05/25 16:21:21.594	OrderManager	情報	一覧の行を選択しました
2022/05/25 16:21:24.406	OrderManager	情報	一覧を更新しました
2022/05/25 16:21:24.408	OrderManager	情報	一覧を更新しました
2022/05/25 16:21:24.412	OrderManager	情報	一覧を更新しました
2022/05/25 16:21:24.414	OrderManager	情報	一覧を更新しました
2022/05/25 16:21:24.458	OrderManager	情報	主画面を開きました
2022/05/25 16:22:15.700	OrderManager	クリティカル	例外が発生しました（内容：キーワード 'case' 付近に不適切な構文があります。
キーワード 'AS' 付近に不適切な構文があります。）
2022/05/25 16:22:18.106	OrderManager	情報	一覧の行を選択しました
2022/05/25 16:22:22.189	OrderManager	クリティカル	例外が発生しました（内容：列名 'Formula_Release' があいまいです。）
2022/05/25 16:22:24.474	OrderManager	情報	一覧を更新しました
2022/05/25 16:22:27.055	OrderManager	情報	一覧の行を選択しました
2022/05/25 16:22:27.120	OrderManager	情報	一覧の行を選択しました
2022/05/25 16:22:27.147	OrderManager	情報	一覧の行を選択しました
2022/05/25 16:22:27.150	OrderManager	情報	一覧を更新しました
2022/05/25 16:22:27.151	OrderManager	情報	一覧の行を選択しました
2022/05/25 16:22:27.178	OrderManager	情報	一覧の行を選択しました
2022/05/25 16:22:29.719	OrderManager	情報	一覧を更新しました
2022/05/25 16:22:44.056	OrderManager	情報	一覧を更新しました
2022/05/25 16:22:44.059	OrderManager	情報	一覧を更新しました
2022/05/25 16:22:44.077	OrderManager	情報	一覧を更新しました
2022/05/25 16:22:44.092	OrderManager	情報	一覧を更新しました
2022/05/25 16:22:44.106	OrderManager	情報	一覧を更新しました
2022/05/25 16:22:44.114	OrderManager	情報	主画面の初期化を完了しました
2022/05/25 16:22:44.124	OrderManager	情報	一覧の行を選択しました
2022/05/25 16:22:44.129	OrderManager	情報	一覧の行を選択しました
2022/05/25 16:22:44.147	OrderManager	情報	一覧の行を選択しました
2022/05/25 16:22:44.150	OrderManager	情報	一覧を更新しました
2022/05/25 16:22:44.169	OrderManager	情報	一覧の行を選択しました
2022/05/25 16:22:44.186	OrderManager	情報	一覧の行を選択しました
2022/05/25 16:22:47.298	OrderManager	情報	一覧を更新しました
2022/05/25 16:22:47.300	OrderManager	情報	一覧を更新しました
2022/05/25 16:22:47.302	OrderManager	情報	一覧を更新しました
2022/05/25 16:22:47.304	OrderManager	情報	一覧を更新しました
2022/05/25 16:22:47.335	OrderManager	情報	主画面を開きました
2022/05/25 16:23:12.006	OrderManager	情報	一覧を更新しました
2022/05/25 16:23:12.008	OrderManager	情報	一覧を更新しました
2022/05/25 16:23:12.029	OrderManager	情報	一覧を更新しました
2022/05/25 16:23:12.087	OrderManager	情報	一覧を更新しました
2022/05/25 16:23:12.162	OrderManager	情報	一覧を更新しました
2022/05/25 16:23:12.304	OrderManager	情報	主画面の初期化を完了しました
2022/05/25 16:23:12.433	OrderManager	情報	一覧の行を選択しました
2022/05/25 16:23:12.447	OrderManager	情報	一覧の行を選択しました
2022/05/25 16:23:12.511	OrderManager	情報	一覧の行を選択しました
2022/05/25 16:23:12.522	OrderManager	情報	一覧を更新しました
2022/05/25 16:23:12.551	OrderManager	情報	一覧の行を選択しました
2022/05/25 16:23:12.572	OrderManager	情報	一覧の行を選択しました
2022/05/25 16:23:15.646	OrderManager	情報	一覧を更新しました
2022/05/25 16:23:15.649	OrderManager	情報	一覧を更新しました
2022/05/25 16:23:15.651	OrderManager	情報	一覧を更新しました
2022/05/25 16:23:15.653	OrderManager	情報	一覧を更新しました
2022/05/25 16:23:15.691	OrderManager	情報	主画面を開きました
2022/05/25 16:23:21.082	OrderManager	クリティカル	例外が発生しました（内容：インデックスが範囲を超えています。負でない値で、コレクションのサイズよりも小さくなければなりません。
パラメーター名:index）
2022/05/25 16:23:28.219	OrderManager	情報	一覧を更新しました
2022/05/25 16:23:28.223	OrderManager	情報	一覧の行を選択しました
2022/05/25 16:23:28.225	OrderManager	情報	一覧の行を選択しました
2022/05/25 16:23:28.242	OrderManager	クリティカル	例外が発生しました（内容：インデックスが範囲を超えています。負でない値で、コレクションのサイズよりも小さくなければなりません。
パラメーター名:index）
2022/05/25 16:23:28.771	OrderManager	情報	一覧を更新しました
2022/05/25 16:23:28.772	OrderManager	情報	一覧の行を選択しました
2022/05/25 16:23:50.948	OrderManager	情報	一覧を更新しました
2022/05/25 16:23:50.950	OrderManager	情報	一覧を更新しました
2022/05/25 16:23:50.969	OrderManager	情報	一覧を更新しました
2022/05/25 16:23:50.990	OrderManager	情報	一覧を更新しました
2022/05/25 16:23:51.010	OrderManager	情報	一覧を更新しました
2022/05/25 16:23:51.017	OrderManager	情報	主画面の初期化を完了しました
2022/05/25 16:23:51.033	OrderManager	情報	一覧の行を選択しました
2022/05/25 16:23:51.041	OrderManager	情報	一覧の行を選択しました
2022/05/25 16:23:51.073	OrderManager	情報	一覧の行を選択しました
2022/05/25 16:23:51.091	OrderManager	情報	一覧を更新しました
2022/05/25 16:23:51.126	OrderManager	情報	一覧の行を選択しました
2022/05/25 16:23:51.150	OrderManager	情報	一覧の行を選択しました
2022/05/25 16:23:54.234	OrderManager	情報	一覧を更新しました
2022/05/25 16:23:54.236	OrderManager	情報	一覧を更新しました
2022/05/25 16:23:54.238	OrderManager	情報	一覧を更新しました
2022/05/25 16:23:54.240	OrderManager	情報	一覧を更新しました
2022/05/25 16:23:54.283	OrderManager	情報	主画面を開きました
2022/05/25 16:25:25.651	OrderManager	情報	一覧を更新しました
2022/05/25 16:25:25.653	OrderManager	情報	一覧を更新しました
2022/05/25 16:25:25.685	OrderManager	情報	一覧を更新しました
2022/05/25 16:25:25.711	OrderManager	情報	一覧を更新しました
2022/05/25 16:25:25.727	OrderManager	情報	一覧を更新しました
2022/05/25 16:25:25.737	OrderManager	情報	主画面の初期化を完了しました
2022/05/25 16:25:25.788	OrderManager	情報	一覧の行を選択しました
2022/05/25 16:25:25.803	OrderManager	情報	一覧の行を選択しました
2022/05/25 16:25:25.842	OrderManager	情報	一覧の行を選択しました
2022/05/25 16:25:25.857	OrderManager	情報	一覧を更新しました
2022/05/25 16:25:25.914	OrderManager	情報	一覧の行を選択しました
2022/05/25 16:25:26.056	OrderManager	情報	一覧の行を選択しました
2022/05/25 16:25:29.176	OrderManager	情報	一覧を更新しました
2022/05/25 16:25:29.178	OrderManager	情報	一覧を更新しました
2022/05/25 16:25:29.181	OrderManager	情報	一覧を更新しました
2022/05/25 16:25:29.184	OrderManager	情報	一覧を更新しました
2022/05/25 16:25:29.236	OrderManager	情報	主画面を開きました
2022/05/25 16:26:35.051	OrderManager	情報	一覧を更新しました
2022/05/25 16:26:35.053	OrderManager	情報	一覧を更新しました
2022/05/25 16:26:35.075	OrderManager	情報	一覧を更新しました
2022/05/25 16:26:35.095	OrderManager	情報	一覧を更新しました
2022/05/25 16:26:35.110	OrderManager	情報	一覧を更新しました
2022/05/25 16:26:35.117	OrderManager	情報	主画面の初期化を完了しました
2022/05/25 16:26:35.128	OrderManager	情報	一覧の行を選択しました
2022/05/25 16:26:35.131	OrderManager	情報	一覧の行を選択しました
2022/05/25 16:26:35.158	OrderManager	情報	一覧の行を選択しました
2022/05/25 16:26:35.188	OrderManager	情報	一覧を更新しました
2022/05/25 16:26:35.246	OrderManager	情報	一覧の行を選択しました
2022/05/25 16:26:35.289	OrderManager	情報	一覧の行を選択しました
2022/05/25 16:26:38.446	OrderManager	情報	一覧を更新しました
2022/05/25 16:26:38.448	OrderManager	情報	一覧を更新しました
2022/05/25 16:26:38.450	OrderManager	情報	一覧を更新しました
2022/05/25 16:26:38.452	OrderManager	情報	一覧を更新しました
2022/05/25 16:26:38.486	OrderManager	情報	主画面を開きました
2022/05/25 16:30:12.438	OrderManager	情報	一覧を更新しました
2022/05/25 16:30:12.440	OrderManager	情報	一覧を更新しました
2022/05/25 16:30:12.458	OrderManager	情報	一覧を更新しました
2022/05/25 16:30:12.476	OrderManager	情報	一覧を更新しました
2022/05/25 16:30:12.491	OrderManager	情報	一覧を更新しました
2022/05/25 16:30:12.497	OrderManager	情報	主画面の初期化を完了しました
2022/05/25 16:30:12.507	OrderManager	情報	一覧の行を選択しました
2022/05/25 16:30:12.509	OrderManager	情報	一覧の行を選択しました
2022/05/25 16:30:12.524	OrderManager	情報	一覧の行を選択しました
2022/05/25 16:30:12.526	OrderManager	情報	一覧を更新しました
2022/05/25 16:30:12.541	OrderManager	情報	一覧の行を選択しました
2022/05/25 16:30:12.555	OrderManager	情報	一覧の行を選択しました
2022/05/25 16:30:15.231	OrderManager	情報	一覧を更新しました
2022/05/25 16:30:15.233	OrderManager	情報	一覧を更新しました
2022/05/25 16:30:15.235	OrderManager	情報	一覧を更新しました
2022/05/25 16:30:15.236	OrderManager	情報	一覧を更新しました
2022/05/25 16:30:15.273	OrderManager	情報	主画面を開きました
2022/05/25 16:30:31.115	OrderManager	情報	一覧を更新しました
2022/05/25 16:30:31.130	OrderManager	情報	一覧を更新しました
2022/05/25 16:30:31.154	OrderManager	情報	一覧を更新しました
2022/05/25 16:30:31.170	OrderManager	情報	一覧を更新しました
2022/05/25 16:30:31.189	OrderManager	情報	一覧を更新しました
2022/05/25 16:30:31.196	OrderManager	情報	主画面の初期化を完了しました
2022/05/25 16:30:31.216	OrderManager	情報	一覧の行を選択しました
2022/05/25 16:30:31.222	OrderManager	情報	一覧の行を選択しました
2022/05/25 16:30:31.246	OrderManager	情報	一覧の行を選択しました
2022/05/25 16:30:31.262	OrderManager	情報	一覧を更新しました
2022/05/25 16:30:31.291	OrderManager	情報	一覧の行を選択しました
2022/05/25 16:30:31.316	OrderManager	情報	一覧の行を選択しました
2022/05/25 16:30:35.601	OrderManager	情報	一覧を更新しました
2022/05/25 16:30:35.603	OrderManager	情報	一覧を更新しました
2022/05/25 16:30:35.619	OrderManager	情報	一覧を更新しました
2022/05/25 16:30:35.641	OrderManager	情報	一覧を更新しました
2022/05/25 16:30:35.654	OrderManager	情報	一覧を更新しました
2022/05/25 16:30:35.665	OrderManager	情報	主画面の初期化を完了しました
2022/05/25 16:30:35.676	OrderManager	情報	一覧の行を選択しました
2022/05/25 16:30:35.681	OrderManager	情報	一覧の行を選択しました
2022/05/25 16:30:35.705	OrderManager	情報	一覧の行を選択しました
2022/05/25 16:30:35.711	OrderManager	情報	一覧を更新しました
2022/05/25 16:30:35.753	OrderManager	情報	一覧の行を選択しました
2022/05/25 16:30:35.779	OrderManager	情報	一覧の行を選択しました
2022/05/25 16:30:39.001	OrderManager	情報	一覧を更新しました
2022/05/25 16:30:39.004	OrderManager	情報	一覧を更新しました
2022/05/25 16:30:39.006	OrderManager	情報	一覧を更新しました
2022/05/25 16:30:39.008	OrderManager	情報	一覧を更新しました
2022/05/25 16:30:39.054	OrderManager	情報	主画面を開きました
2022/05/25 16:32:41.740	OrderManager	情報	一覧を更新しました
2022/05/25 16:32:41.745	OrderManager	情報	一覧を更新しました
2022/05/25 16:32:41.769	OrderManager	情報	一覧を更新しました
2022/05/25 16:32:41.786	OrderManager	情報	一覧を更新しました
2022/05/25 16:32:41.803	OrderManager	情報	一覧を更新しました
2022/05/25 16:32:41.813	OrderManager	情報	主画面の初期化を完了しました
2022/05/25 16:32:41.823	OrderManager	情報	一覧の行を選択しました
2022/05/25 16:32:41.827	OrderManager	情報	一覧の行を選択しました
2022/05/25 16:32:41.840	OrderManager	情報	一覧の行を選択しました
2022/05/25 16:32:41.843	OrderManager	情報	一覧を更新しました
2022/05/25 16:32:41.856	OrderManager	情報	一覧の行を選択しました
2022/05/25 16:32:41.872	OrderManager	情報	一覧の行を選択しました
2022/05/25 16:32:45.231	OrderManager	情報	一覧を更新しました
2022/05/25 16:32:45.233	OrderManager	情報	一覧を更新しました
2022/05/25 16:32:45.237	OrderManager	情報	一覧を更新しました
2022/05/25 16:32:45.240	OrderManager	情報	一覧を更新しました
2022/05/25 16:32:45.278	OrderManager	情報	主画面を開きました
2022/05/25 16:33:29.304	OrderManager	情報	一覧を更新しました
2022/05/25 16:33:29.340	OrderManager	情報	一覧を更新しました
2022/05/25 16:33:29.381	OrderManager	情報	一覧を更新しました
2022/05/25 16:33:29.453	OrderManager	情報	一覧を更新しました
2022/05/25 16:33:29.491	OrderManager	情報	一覧を更新しました
2022/05/25 16:33:29.507	OrderManager	情報	主画面の初期化を完了しました
2022/05/25 16:33:29.531	OrderManager	情報	一覧の行を選択しました
2022/05/25 16:33:29.538	OrderManager	情報	一覧の行を選択しました
2022/05/25 16:33:29.572	OrderManager	情報	一覧の行を選択しました
2022/05/25 16:33:29.577	OrderManager	情報	一覧を更新しました
2022/05/25 16:33:29.601	OrderManager	情報	一覧の行を選択しました
2022/05/25 16:33:29.621	OrderManager	情報	一覧の行を選択しました
2022/05/25 16:33:32.543	OrderManager	情報	一覧を更新しました
2022/05/25 16:33:32.546	OrderManager	情報	一覧を更新しました
2022/05/25 16:33:32.548	OrderManager	情報	一覧を更新しました
2022/05/25 16:33:32.550	OrderManager	情報	一覧を更新しました
2022/05/25 16:33:32.582	OrderManager	情報	主画面を開きました
2022/05/25 16:34:33.581	OrderManager	情報	一覧を更新しました
2022/05/25 16:34:33.590	OrderManager	情報	一覧を更新しました
2022/05/25 16:34:33.631	OrderManager	情報	一覧を更新しました
2022/05/25 16:34:33.761	OrderManager	情報	一覧を更新しました
2022/05/25 16:34:33.801	OrderManager	情報	一覧を更新しました
2022/05/25 16:34:33.817	OrderManager	情報	主画面の初期化を完了しました
2022/05/25 16:34:33.836	OrderManager	情報	一覧の行を選択しました
2022/05/25 16:34:33.843	OrderManager	情報	一覧の行を選択しました
2022/05/25 16:34:33.869	OrderManager	情報	一覧の行を選択しました
2022/05/25 16:34:33.871	OrderManager	情報	一覧を更新しました
2022/05/25 16:34:33.909	OrderManager	情報	一覧の行を選択しました
2022/05/25 16:34:33.957	OrderManager	情報	一覧の行を選択しました
2022/05/25 16:34:37.059	OrderManager	情報	一覧を更新しました
2022/05/25 16:34:37.061	OrderManager	情報	一覧を更新しました
2022/05/25 16:34:37.064	OrderManager	情報	一覧を更新しました
2022/05/25 16:34:37.067	OrderManager	情報	一覧を更新しました
2022/05/25 16:34:37.101	OrderManager	情報	主画面を開きました
2022/05/25 16:34:41.852	OrderManager	情報	一覧の行を選択しました
2022/05/25 16:34:41.854	OrderManager	情報	一覧を更新しました
2022/05/25 16:34:41.860	OrderManager	情報	一覧の行を選択しました
2022/05/25 16:34:41.866	OrderManager	情報	一覧の行を選択しました
2022/05/25 16:34:44.140	OrderManager	情報	一覧の行を選択しました
2022/05/25 16:34:44.142	OrderManager	情報	一覧を更新しました
2022/05/25 16:34:44.143	OrderManager	情報	一覧の行を選択しました
2022/05/25 16:34:44.178	OrderManager	情報	一覧の行を選択しました
2022/05/25 16:34:48.114	OrderManager	情報	一覧の行を選択しました
2022/05/25 16:34:48.116	OrderManager	情報	一覧を更新しました
2022/05/25 16:34:48.117	OrderManager	情報	一覧の行を選択しました
2022/05/25 16:34:48.124	OrderManager	情報	一覧を更新しました
2022/05/25 16:35:18.280	OrderManager	情報	一覧を更新しました
2022/05/25 16:35:18.283	OrderManager	情報	一覧を更新しました
2022/05/25 16:35:18.301	OrderManager	情報	一覧を更新しました
2022/05/25 16:35:18.316	OrderManager	情報	一覧を更新しました
2022/05/25 16:35:18.328	OrderManager	情報	一覧を更新しました
2022/05/25 16:35:18.337	OrderManager	情報	主画面の初期化を完了しました
2022/05/25 16:35:18.361	OrderManager	情報	一覧の行を選択しました
2022/05/25 16:35:18.367	OrderManager	情報	一覧の行を選択しました
2022/05/25 16:35:18.383	OrderManager	情報	一覧の行を選択しました
2022/05/25 16:35:18.386	OrderManager	情報	一覧を更新しました
2022/05/25 16:35:18.405	OrderManager	情報	一覧の行を選択しました
2022/05/25 16:35:18.425	OrderManager	情報	一覧の行を選択しました
2022/05/25 16:35:21.683	OrderManager	情報	一覧を更新しました
2022/05/25 16:35:21.686	OrderManager	情報	一覧を更新しました
2022/05/25 16:35:21.688	OrderManager	情報	一覧を更新しました
2022/05/25 16:35:21.691	OrderManager	情報	一覧を更新しました
2022/05/25 16:35:21.734	OrderManager	情報	主画面を開きました
2022/05/25 16:36:36.700	OrderManager	情報	一覧の行を選択しました
2022/05/25 16:36:36.706	OrderManager	情報	一覧を更新しました
2022/05/25 16:36:36.711	OrderManager	情報	一覧の行を選択しました
2022/05/25 16:36:36.717	OrderManager	情報	一覧の行を選択しました
2022/05/25 16:36:37.886	OrderManager	情報	一覧の行を選択しました
2022/05/25 16:36:37.889	OrderManager	情報	一覧を更新しました
2022/05/25 16:36:37.890	OrderManager	情報	一覧の行を選択しました
2022/05/25 16:36:37.926	OrderManager	情報	一覧の行を選択しました
2022/05/25 16:36:39.106	OrderManager	情報	一覧の行を選択しました
2022/05/25 16:36:39.108	OrderManager	情報	一覧を更新しました
2022/05/25 16:36:39.109	OrderManager	情報	一覧の行を選択しました
2022/05/25 16:36:39.116	OrderManager	情報	一覧を更新しました
2022/05/25 16:36:42.841	OrderManager	情報	一覧の行を選択しました
2022/05/25 16:36:46.563	OrderManager	情報	一覧の行を選択しました
2022/05/25 16:36:46.565	OrderManager	情報	一覧を更新しました
2022/05/25 16:36:46.570	OrderManager	情報	一覧の行を選択しました
2022/05/25 16:37:20.044	OrderManager	情報	一覧の行を選択しました
2022/05/25 16:37:20.231	OrderManager	情報	一覧の行を選択しました
2022/05/25 16:37:20.233	OrderManager	情報	一覧を更新しました
2022/05/25 16:37:20.233	OrderManager	情報	一覧の行を選択しました
2022/05/25 16:37:21.079	OrderManager	情報	一覧の行を選択しました
2022/05/25 16:37:21.263	OrderManager	情報	一覧の行を選択しました
2022/05/25 16:37:21.265	OrderManager	情報	一覧を更新しました
2022/05/25 16:37:21.265	OrderManager	情報	一覧の行を選択しました
2022/05/25 16:37:23.312	OrderManager	情報	一覧の行を選択しました
2022/05/25 16:37:23.489	OrderManager	情報	一覧の行を選択しました
2022/05/25 16:37:23.490	OrderManager	情報	一覧を更新しました
2022/05/25 16:37:23.492	OrderManager	情報	一覧の行を選択しました
2022/05/25 16:37:24.383	OrderManager	情報	一覧の行を選択しました
2022/05/25 16:37:24.556	OrderManager	情報	一覧の行を選択しました
2022/05/25 16:37:24.559	OrderManager	情報	一覧を更新しました
2022/05/25 16:37:24.562	OrderManager	情報	一覧の行を選択しました
2022/05/25 16:37:46.612	OrderManager	情報	一覧の行を選択しました
2022/05/25 16:37:47.460	OrderManager	情報	一覧の行を選択しました
2022/05/25 16:37:47.461	OrderManager	情報	一覧を更新しました
2022/05/25 16:37:47.465	OrderManager	情報	一覧の行を選択しました
2022/05/25 16:39:06.688	OrderManager	情報	一覧の行を選択しました
2022/05/25 16:39:06.870	OrderManager	情報	一覧の行を選択しました
2022/05/25 16:39:06.872	OrderManager	情報	一覧を更新しました
2022/05/25 16:39:06.874	OrderManager	情報	一覧の行を選択しました
2022/05/25 16:39:12.475	OrderManager	情報	一覧の行を選択しました
2022/05/25 16:39:49.313	OrderManager	情報	一覧の行を選択しました
2022/05/25 16:39:49.315	OrderManager	情報	一覧を更新しました
2022/05/25 16:39:49.318	OrderManager	情報	一覧の行を選択しました
2022/05/25 16:43:32.034	OrderManager	情報	一覧を更新しました
2022/05/25 16:43:32.037	OrderManager	情報	一覧を更新しました
2022/05/25 16:43:32.056	OrderManager	情報	一覧を更新しました
2022/05/25 16:43:32.098	OrderManager	情報	一覧を更新しました
2022/05/25 16:43:32.149	OrderManager	情報	一覧を更新しました
2022/05/25 16:45:28.629	OrderManager	情報	一覧を更新しました
2022/05/25 16:45:28.631	OrderManager	情報	一覧を更新しました
2022/05/25 16:45:28.671	OrderManager	情報	一覧を更新しました
2022/05/25 16:45:28.729	OrderManager	情報	一覧を更新しました
2022/05/25 16:45:28.750	OrderManager	情報	一覧を更新しました
2022/05/25 16:45:28.761	OrderManager	情報	主画面の初期化を完了しました
2022/05/25 16:45:28.833	OrderManager	情報	一覧の行を選択しました
2022/05/25 16:45:28.865	OrderManager	情報	一覧の行を選択しました
2022/05/25 16:45:28.957	OrderManager	情報	一覧の行を選択しました
2022/05/25 16:45:29.091	OrderManager	情報	一覧を更新しました
2022/05/25 16:45:29.161	OrderManager	情報	一覧の行を選択しました
2022/05/25 16:45:29.236	OrderManager	情報	一覧の行を選択しました
2022/05/25 16:45:32.323	OrderManager	情報	一覧を更新しました
2022/05/25 16:45:32.325	OrderManager	情報	一覧を更新しました
2022/05/25 16:45:32.326	OrderManager	情報	一覧を更新しました
2022/05/25 16:45:32.329	OrderManager	情報	一覧を更新しました
2022/05/25 16:45:32.368	OrderManager	情報	主画面を開きました
2022/05/25 16:45:37.038	OrderManager	情報	一覧の行を選択しました
2022/05/25 16:45:37.041	OrderManager	情報	一覧を更新しました
2022/05/25 16:45:37.045	OrderManager	情報	一覧の行を選択しました
2022/05/25 16:45:37.048	OrderManager	情報	一覧の行を選択しました
2022/05/25 16:45:47.005	OrderManager	情報	一覧の行を選択しました
2022/05/25 16:45:47.007	OrderManager	情報	一覧を更新しました
2022/05/25 16:45:47.008	OrderManager	情報	一覧の行を選択しました
2022/05/25 16:45:47.047	OrderManager	情報	一覧の行を選択しました
2022/05/25 16:45:47.940	OrderManager	情報	一覧の行を選択しました
2022/05/25 16:45:47.942	OrderManager	情報	一覧を更新しました
2022/05/25 16:45:47.942	OrderManager	情報	一覧の行を選択しました
2022/05/25 16:45:47.950	OrderManager	情報	一覧を更新しました
2022/05/25 16:45:51.887	OrderManager	情報	一覧の行を選択しました
2022/05/25 16:45:53.495	OrderManager	情報	一覧の行を選択しました
2022/05/25 16:45:53.497	OrderManager	情報	一覧を更新しました
2022/05/25 16:45:53.501	OrderManager	情報	一覧の行を選択しました
2022/05/25 16:46:43.021	OrderManager	情報	一覧の行を選択しました
2022/05/25 16:47:04.122	OrderManager	情報	一覧の行を選択しました
2022/05/25 16:47:04.124	OrderManager	情報	一覧を更新しました
2022/05/25 16:47:04.124	OrderManager	情報	一覧の行を選択しました
2022/05/25 16:47:06.850	OrderManager	情報	一覧の行を選択しました
2022/05/25 16:47:20.506	OrderManager	情報	一覧の行を選択しました
2022/05/25 16:47:20.508	OrderManager	情報	一覧を更新しました
2022/05/25 16:47:20.508	OrderManager	情報	一覧の行を選択しました
2022/05/25 16:47:26.583	OrderManager	情報	一覧の行を選択しました
2022/05/25 16:47:31.351	OrderManager	情報	一覧の行を選択しました
2022/05/25 16:47:31.352	OrderManager	情報	一覧を更新しました
2022/05/25 16:47:31.353	OrderManager	情報	一覧の行を選択しました
2022/05/25 16:47:34.588	OrderManager	情報	一覧の行を選択しました
2022/05/25 16:47:37.615	OrderManager	情報	一覧の行を選択しました
2022/05/25 16:47:37.617	OrderManager	情報	一覧を更新しました
2022/05/25 16:47:37.617	OrderManager	情報	一覧の行を選択しました
2022/05/25 16:47:41.686	OrderManager	情報	一覧の行を選択しました
2022/05/25 16:47:56.015	OrderManager	情報	一覧の行を選択しました
2022/05/25 16:47:56.017	OrderManager	情報	一覧を更新しました
2022/05/25 16:47:56.017	OrderManager	情報	一覧の行を選択しました
2022/05/25 16:47:57.808	OrderManager	情報	一覧の行を選択しました
2022/05/25 16:48:59.847	OrderManager	情報	一覧の行を選択しました
2022/05/25 16:48:59.849	OrderManager	情報	一覧を更新しました
2022/05/25 16:48:59.850	OrderManager	情報	一覧の行を選択しました
2022/05/25 16:57:22.154	OrderManager	情報	一覧の行を選択しました
2022/05/25 16:59:58.297	OrderManager	情報	一覧の行を選択しました
2022/05/25 16:59:58.299	OrderManager	情報	一覧を更新しました
2022/05/25 16:59:58.299	OrderManager	情報	一覧の行を選択しました
2022/05/25 17:00:05.393	OrderManager	情報	一覧の行を選択しました
2022/05/25 17:00:09.168	OrderManager	情報	一覧の行を選択しました
2022/05/25 17:00:09.170	OrderManager	情報	一覧を更新しました
2022/05/25 17:00:09.171	OrderManager	情報	一覧の行を選択しました
2022/05/25 17:00:14.253	OrderManager	情報	一覧の行を選択しました
2022/05/25 17:00:17.905	OrderManager	情報	一覧の行を選択しました
2022/05/25 17:00:17.906	OrderManager	情報	一覧を更新しました
2022/05/25 17:00:17.907	OrderManager	情報	一覧の行を選択しました
2022/05/25 17:00:24.331	OrderManager	情報	一覧の行を選択しました
2022/05/25 17:00:27.553	OrderManager	情報	一覧の行を選択しました
2022/05/25 17:00:27.554	OrderManager	情報	一覧を更新しました
2022/05/25 17:00:27.555	OrderManager	情報	一覧の行を選択しました
2022/05/25 17:00:30.515	OrderManager	情報	一覧の行を選択しました
2022/05/25 17:00:37.745	OrderManager	情報	一覧の行を選択しました
2022/05/25 17:00:37.747	OrderManager	情報	一覧を更新しました
2022/05/25 17:00:37.748	OrderManager	情報	一覧の行を選択しました
2022/05/25 17:00:40.992	OrderManager	情報	一覧の行を選択しました
2022/05/25 17:45:17.781	OrderManager	情報	一覧の行を選択しました
2022/05/25 17:45:17.784	OrderManager	情報	一覧を更新しました
2022/05/25 17:45:17.784	OrderManager	情報	一覧の行を選択しました
2022/05/25 17:45:23.732	OrderManager	情報	ボタンをクリックしました（機能：ステータス一括変更(F11)）
2022/05/25 17:45:53.283	OrderManager	情報	ボタンをクリックしました（機能：閉じる）
2022/05/25 17:46:09.147	OrderManager	情報	ボタンをクリックしました（機能：ステータス一括変更(F11)）
2022/05/25 17:46:27.339	OrderManager	情報	ボタンをクリックしました（機能：ステータスを変更する）
2022/05/25 18:11:35.159	OrderManager	情報	一覧を更新しました
2022/05/25 18:11:35.162	OrderManager	情報	一覧を更新しました
2022/05/25 18:11:35.180	OrderManager	情報	一覧を更新しました
2022/05/25 18:11:35.196	OrderManager	情報	一覧を更新しました
2022/05/25 18:11:35.216	OrderManager	情報	一覧を更新しました
2022/05/25 18:11:35.224	OrderManager	情報	主画面の初期化を完了しました
2022/05/25 18:11:35.299	OrderManager	情報	一覧の行を選択しました
2022/05/25 18:11:35.316	OrderManager	情報	一覧の行を選択しました
2022/05/25 18:11:35.348	OrderManager	情報	一覧の行を選択しました
2022/05/25 18:11:35.351	OrderManager	情報	一覧を更新しました
2022/05/25 18:11:35.394	OrderManager	情報	一覧の行を選択しました
2022/05/25 18:11:35.446	OrderManager	情報	一覧の行を選択しました
2022/05/25 18:11:38.752	OrderManager	情報	一覧を更新しました
2022/05/25 18:11:38.755	OrderManager	情報	一覧を更新しました
2022/05/25 18:11:38.757	OrderManager	情報	一覧を更新しました
2022/05/25 18:11:38.759	OrderManager	情報	一覧を更新しました
2022/05/25 18:11:38.801	OrderManager	情報	主画面を開きました
2022/05/25 18:11:46.120	OrderManager	情報	一覧の行を選択しました
2022/05/25 18:11:46.122	OrderManager	情報	一覧を更新しました
2022/05/25 18:11:46.125	OrderManager	情報	一覧の行を選択しました
2022/05/25 18:11:46.128	OrderManager	情報	一覧の行を選択しました
2022/05/25 18:11:46.337	OrderManager	情報	一覧の行を選択しました
2022/05/25 18:11:46.339	OrderManager	情報	一覧を更新しました
2022/05/25 18:11:46.340	OrderManager	情報	一覧の行を選択しました
2022/05/25 18:11:46.410	OrderManager	情報	一覧の行を選択しました
2022/05/25 18:11:46.615	OrderManager	情報	一覧の行を選択しました
2022/05/25 18:11:46.617	OrderManager	情報	一覧を更新しました
2022/05/25 18:11:46.618	OrderManager	情報	一覧の行を選択しました
2022/05/25 18:11:46.625	OrderManager	情報	一覧を更新しました
2022/05/25 18:11:49.542	OrderManager	情報	一覧の行を選択しました
2022/05/25 18:11:49.871	OrderManager	情報	一覧の行を選択しました
2022/05/25 18:11:49.873	OrderManager	情報	一覧を更新しました
2022/05/25 18:11:49.876	OrderManager	情報	一覧の行を選択しました
2022/05/25 18:11:53.616	OrderManager	情報	一覧の行を選択しました
2022/05/25 18:11:53.805	OrderManager	情報	一覧の行を選択しました
2022/05/25 18:11:53.806	OrderManager	情報	一覧を更新しました
2022/05/25 18:11:53.807	OrderManager	情報	一覧の行を選択しました
2022/05/25 18:11:54.803	OrderManager	情報	一覧の行を選択しました
2022/05/25 18:11:54.984	OrderManager	情報	一覧の行を選択しました
2022/05/25 18:11:54.986	OrderManager	情報	一覧を更新しました
2022/05/25 18:11:54.986	OrderManager	情報	一覧の行を選択しました
2022/05/25 18:11:55.653	OrderManager	情報	一覧の行を選択しました
2022/05/25 18:11:55.835	OrderManager	情報	一覧の行を選択しました
2022/05/25 18:11:55.837	OrderManager	情報	一覧を更新しました
2022/05/25 18:11:55.837	OrderManager	情報	一覧の行を選択しました
2022/05/25 18:11:57.517	OrderManager	情報	一覧の行を選択しました
2022/05/25 18:11:57.693	OrderManager	情報	一覧の行を選択しました
2022/05/25 18:11:57.695	OrderManager	情報	一覧を更新しました
2022/05/25 18:11:57.695	OrderManager	情報	一覧の行を選択しました
2022/05/25 18:11:58.859	OrderManager	情報	一覧の行を選択しました
2022/05/25 18:11:59.056	OrderManager	情報	一覧の行を選択しました
2022/05/25 18:11:59.057	OrderManager	情報	一覧を更新しました
2022/05/25 18:11:59.057	OrderManager	情報	一覧の行を選択しました
2022/05/25 18:12:00.051	OrderManager	情報	一覧の行を選択しました
2022/05/25 18:12:00.257	OrderManager	情報	一覧の行を選択しました
2022/05/25 18:12:00.259	OrderManager	情報	一覧を更新しました
2022/05/25 18:12:00.259	OrderManager	情報	一覧の行を選択しました
2022/05/25 18:13:49.132	OrderManager	情報	一覧の行を選択しました
2022/05/25 18:13:50.910	OrderManager	情報	一覧の行を選択しました
2022/05/25 18:13:52.120	OrderManager	情報	一覧の行を選択しました
2022/05/25 18:13:52.926	OrderManager	情報	一覧の行を選択しました
2022/05/25 18:13:54.431	OrderManager	情報	一覧の行を選択しました
2022/05/25 18:13:55.131	OrderManager	情報	一覧の行を選択しました
2022/05/25 18:13:56.088	OrderManager	情報	一覧の行を選択しました
2022/05/25 18:13:56.731	OrderManager	情報	一覧の行を選択しました
2022/05/25 18:22:26.316	OrderManager	情報	一覧を更新しました
2022/05/25 18:22:26.321	OrderManager	情報	一覧を更新しました
2022/05/25 18:22:26.344	OrderManager	情報	一覧を更新しました
2022/05/25 18:22:26.414	OrderManager	情報	一覧を更新しました
2022/05/25 18:22:26.524	OrderManager	情報	一覧を更新しました
2022/05/25 18:22:26.553	OrderManager	情報	主画面の初期化を完了しました
2022/05/25 18:22:26.576	OrderManager	情報	一覧の行を選択しました
2022/05/25 18:22:26.580	OrderManager	情報	一覧の行を選択しました
2022/05/25 18:22:26.605	OrderManager	情報	一覧の行を選択しました
2022/05/25 18:22:26.612	OrderManager	情報	一覧を更新しました
2022/05/25 18:22:26.644	OrderManager	情報	一覧の行を選択しました
2022/05/25 18:22:26.669	OrderManager	情報	一覧の行を選択しました
2022/05/25 18:22:29.681	OrderManager	情報	一覧を更新しました
2022/05/25 18:22:29.683	OrderManager	情報	一覧を更新しました
2022/05/25 18:22:29.685	OrderManager	情報	一覧を更新しました
2022/05/25 18:22:29.690	OrderManager	情報	一覧を更新しました
2022/05/25 18:22:29.729	OrderManager	情報	主画面を開きました
2022/05/25 18:22:34.816	OrderManager	情報	一覧の行を選択しました
2022/05/25 18:22:34.818	OrderManager	情報	一覧を更新しました
2022/05/25 18:22:34.822	OrderManager	情報	一覧の行を選択しました
2022/05/25 18:22:34.827	OrderManager	情報	一覧の行を選択しました
2022/05/25 18:22:34.914	OrderManager	情報	一覧の行を選択しました
2022/05/25 18:22:34.915	OrderManager	情報	一覧を更新しました
2022/05/25 18:22:34.916	OrderManager	情報	一覧の行を選択しました
2022/05/25 18:22:34.950	OrderManager	情報	一覧の行を選択しました
2022/05/25 18:22:35.029	OrderManager	情報	一覧の行を選択しました
2022/05/25 18:22:35.031	OrderManager	情報	一覧を更新しました
2022/05/25 18:22:35.031	OrderManager	情報	一覧の行を選択しました
2022/05/25 18:22:35.039	OrderManager	情報	一覧を更新しました
2022/05/25 18:22:36.741	OrderManager	情報	一覧の行を選択しました
2022/05/25 18:22:36.829	OrderManager	情報	一覧の行を選択しました
2022/05/25 18:22:36.831	OrderManager	情報	一覧を更新しました
2022/05/25 18:22:36.834	OrderManager	情報	一覧の行を選択しました
2022/05/25 18:22:37.799	OrderManager	情報	一覧の行を選択しました
2022/05/25 18:22:38.038	OrderManager	情報	一覧の行を選択しました
2022/05/25 18:22:38.039	OrderManager	情報	一覧を更新しました
2022/05/25 18:22:38.039	OrderManager	情報	一覧の行を選択しました
2022/05/25 18:22:39.022	OrderManager	情報	一覧の行を選択しました
2022/05/25 18:22:39.242	OrderManager	情報	一覧の行を選択しました
2022/05/25 18:22:39.244	OrderManager	情報	一覧を更新しました
2022/05/25 18:22:39.244	OrderManager	情報	一覧の行を選択しました
2022/05/25 18:22:40.184	OrderManager	情報	一覧の行を選択しました
2022/05/25 18:22:40.354	OrderManager	情報	一覧の行を選択しました
2022/05/25 18:22:40.355	OrderManager	情報	一覧を更新しました
2022/05/25 18:22:40.356	OrderManager	情報	一覧の行を選択しました
2022/05/25 18:22:43.864	OrderManager	情報	一覧の行を選択しました
2022/05/25 18:22:44.029	OrderManager	情報	一覧の行を選択しました
2022/05/25 18:22:44.031	OrderManager	情報	一覧を更新しました
2022/05/25 18:22:44.032	OrderManager	情報	一覧の行を選択しました
2022/05/25 18:22:45.100	OrderManager	情報	一覧の行を選択しました
2022/05/25 18:22:45.261	OrderManager	情報	一覧の行を選択しました
2022/05/25 18:22:45.262	OrderManager	情報	一覧を更新しました
2022/05/25 18:22:45.263	OrderManager	情報	一覧の行を選択しました
2022/05/25 18:22:46.172	OrderManager	情報	一覧の行を選択しました
2022/05/25 18:22:46.347	OrderManager	情報	一覧の行を選択しました
2022/05/25 18:22:46.348	OrderManager	情報	一覧を更新しました
2022/05/25 18:22:46.349	OrderManager	情報	一覧の行を選択しました
2022/05/25 18:22:46.742	OrderManager	情報	一覧の行を選択しました
2022/05/25 18:22:46.819	OrderManager	情報	一覧の行を選択しました
2022/05/25 18:22:46.823	OrderManager	情報	一覧を更新しました
2022/05/25 18:22:46.823	OrderManager	情報	一覧の行を選択しました
2022/05/25 18:22:47.500	OrderManager	情報	一覧の行を選択しました
2022/05/25 18:22:47.679	OrderManager	情報	一覧の行を選択しました
2022/05/25 18:22:47.682	OrderManager	情報	一覧を更新しました
2022/05/25 18:22:47.682	OrderManager	情報	一覧の行を選択しました
2022/05/25 18:22:52.606	OrderManager	情報	一覧の行を選択しました
2022/05/25 18:22:53.612	OrderManager	情報	一覧の行を選択しました
2022/05/25 18:22:54.579	OrderManager	情報	一覧の行を選択しました
2022/05/25 18:22:55.093	OrderManager	情報	一覧の行を選択しました
2022/05/25 18:22:55.817	OrderManager	情報	一覧の行を選択しました
2022/05/25 18:22:57.121	OrderManager	情報	一覧の行を選択しました
2022/05/25 18:22:57.935	OrderManager	情報	一覧の行を選択しました
2022/05/25 18:22:58.837	OrderManager	情報	一覧の行を選択しました
2022/05/25 18:23:00.087	OrderManager	情報	一覧の行を選択しました
2022/05/25 18:23:00.582	OrderManager	情報	一覧の行を選択しました
2022/05/25 18:38:28.588	OrderManager	情報	一覧を更新しました
2022/05/25 18:38:28.625	OrderManager	情報	一覧を更新しました
2022/05/25 18:38:28.770	OrderManager	情報	一覧を更新しました
2022/05/25 18:38:28.846	OrderManager	情報	一覧を更新しました
2022/05/25 18:38:28.915	OrderManager	情報	一覧を更新しました
2022/05/25 18:38:28.924	OrderManager	情報	主画面の初期化を完了しました
2022/05/25 18:38:28.938	OrderManager	情報	一覧の行を選択しました
2022/05/25 18:38:28.944	OrderManager	情報	一覧の行を選択しました
2022/05/25 18:38:28.976	OrderManager	情報	一覧の行を選択しました
2022/05/25 18:38:28.986	OrderManager	情報	一覧を更新しました
2022/05/25 18:38:29.028	OrderManager	情報	一覧の行を選択しました
2022/05/25 18:38:29.047	OrderManager	情報	一覧の行を選択しました
2022/05/25 18:38:32.032	OrderManager	情報	一覧を更新しました
2022/05/25 18:38:32.034	OrderManager	情報	一覧を更新しました
2022/05/25 18:38:32.038	OrderManager	情報	一覧を更新しました
2022/05/25 18:38:32.039	OrderManager	情報	一覧を更新しました
2022/05/25 18:38:32.077	OrderManager	情報	主画面を開きました
2022/05/25 18:38:39.749	OrderManager	情報	一覧の行を選択しました
2022/05/25 18:38:39.752	OrderManager	情報	一覧を更新しました
2022/05/25 18:38:39.757	OrderManager	情報	一覧の行を選択しました
2022/05/25 18:38:39.762	OrderManager	情報	一覧の行を選択しました
2022/05/25 18:38:40.067	OrderManager	情報	一覧の行を選択しました
2022/05/25 18:38:40.069	OrderManager	情報	一覧を更新しました
2022/05/25 18:38:40.070	OrderManager	情報	一覧の行を選択しました
2022/05/25 18:38:40.105	OrderManager	情報	一覧の行を選択しました
2022/05/25 18:38:40.390	OrderManager	情報	一覧の行を選択しました
2022/05/25 18:38:40.391	OrderManager	情報	一覧を更新しました
2022/05/25 18:38:40.392	OrderManager	情報	一覧の行を選択しました
2022/05/25 18:38:40.401	OrderManager	情報	一覧を更新しました
2022/05/25 18:38:53.198	OrderManager	情報	一覧の行を選択しました
2022/05/25 18:38:54.079	OrderManager	情報	一覧の行を選択しました
2022/05/25 18:38:54.081	OrderManager	情報	一覧を更新しました
2022/05/25 18:38:54.085	OrderManager	情報	一覧の行を選択しました
2022/05/25 18:38:54.110	OrderManager	情報	一覧の行を選択しました
2022/05/25 18:38:54.414	OrderManager	情報	一覧の行を選択しました
2022/05/25 18:38:54.416	OrderManager	情報	一覧を更新しました
2022/05/25 18:38:54.416	OrderManager	情報	一覧の行を選択しました
2022/05/25 18:38:58.654	OrderManager	情報	一覧の行を選択しました
2022/05/25 18:38:58.954	OrderManager	情報	一覧の行を選択しました
2022/05/25 18:38:58.956	OrderManager	情報	一覧を更新しました
2022/05/25 18:38:58.956	OrderManager	情報	一覧の行を選択しました
2022/05/25 18:39:37.303	OrderManager	情報	一覧の行を選択しました
2022/05/25 18:39:37.586	OrderManager	情報	一覧の行を選択しました
2022/05/25 18:39:37.587	OrderManager	情報	一覧を更新しました
2022/05/25 18:39:37.588	OrderManager	情報	一覧の行を選択しました
2022/05/25 18:39:38.336	OrderManager	情報	一覧の行を選択しました
2022/05/25 18:39:38.633	OrderManager	情報	一覧の行を選択しました
2022/05/25 18:39:38.635	OrderManager	情報	一覧を更新しました
2022/05/25 18:39:38.635	OrderManager	情報	一覧の行を選択しました
2022/05/25 18:39:39.197	OrderManager	情報	一覧の行を選択しました
2022/05/25 18:39:39.491	OrderManager	情報	一覧の行を選択しました
2022/05/25 18:39:39.492	OrderManager	情報	一覧を更新しました
2022/05/25 18:39:39.493	OrderManager	情報	一覧の行を選択しました
2022/05/25 18:39:40.186	OrderManager	情報	一覧の行を選択しました
2022/05/25 18:39:40.485	OrderManager	情報	一覧の行を選択しました
2022/05/25 18:39:40.487	OrderManager	情報	一覧を更新しました
2022/05/25 18:39:40.487	OrderManager	情報	一覧の行を選択しました
2022/05/25 18:39:41.016	OrderManager	情報	一覧の行を選択しました
2022/05/25 18:39:41.303	OrderManager	情報	一覧の行を選択しました
2022/05/25 18:39:41.305	OrderManager	情報	一覧を更新しました
2022/05/25 18:39:41.305	OrderManager	情報	一覧の行を選択しました
2022/05/25 18:39:42.081	OrderManager	情報	一覧の行を選択しました
2022/05/25 18:39:42.410	OrderManager	情報	一覧の行を選択しました
2022/05/25 18:39:42.411	OrderManager	情報	一覧を更新しました
2022/05/25 18:39:42.411	OrderManager	情報	一覧の行を選択しました
2022/05/25 18:39:43.245	OrderManager	情報	一覧の行を選択しました
2022/05/25 18:39:43.538	OrderManager	情報	一覧の行を選択しました
2022/05/25 18:39:43.540	OrderManager	情報	一覧を更新しました
2022/05/25 18:39:43.540	OrderManager	情報	一覧の行を選択しました
2022/05/25 18:39:44.654	OrderManager	情報	一覧の行を選択しました
2022/05/25 18:39:46.189	OrderManager	情報	一覧の行を選択しました
2022/05/25 18:41:57.935	OrderManager	情報	一覧の行を選択しました
2022/05/25 18:49:54.047	OrderManager	情報	一覧を更新しました
2022/05/25 18:49:54.049	OrderManager	情報	一覧を更新しました
2022/05/25 18:49:54.068	OrderManager	情報	一覧を更新しました
2022/05/25 18:49:54.087	OrderManager	情報	一覧を更新しました
2022/05/25 18:49:54.117	OrderManager	情報	一覧を更新しました
2022/05/25 18:49:54.127	OrderManager	情報	主画面の初期化を完了しました
2022/05/25 18:49:54.140	OrderManager	情報	一覧の行を選択しました
2022/05/25 18:49:54.143	OrderManager	情報	一覧の行を選択しました
2022/05/25 18:49:54.157	OrderManager	情報	一覧の行を選択しました
2022/05/25 18:49:54.159	OrderManager	情報	一覧を更新しました
2022/05/25 18:49:54.172	OrderManager	情報	一覧の行を選択しました
2022/05/25 18:49:54.186	OrderManager	情報	一覧の行を選択しました
2022/05/25 18:49:57.190	OrderManager	情報	一覧を更新しました
2022/05/25 18:49:57.193	OrderManager	情報	一覧を更新しました
2022/05/25 18:49:57.195	OrderManager	情報	一覧を更新しました
2022/05/25 18:49:57.197	OrderManager	情報	一覧を更新しました
2022/05/25 18:49:57.249	OrderManager	情報	主画面を開きました
2022/05/25 18:50:16.213	OrderManager	情報	一覧の行を選択しました
2022/05/25 18:50:16.215	OrderManager	情報	一覧を更新しました
2022/05/25 18:50:16.219	OrderManager	情報	一覧の行を選択しました
2022/05/25 18:50:16.224	OrderManager	情報	一覧の行を選択しました
2022/05/25 18:50:21.570	OrderManager	情報	一覧の行を選択しました
2022/05/25 18:50:21.572	OrderManager	情報	一覧を更新しました
2022/05/25 18:50:21.573	OrderManager	情報	一覧の行を選択しました
2022/05/25 18:50:21.608	OrderManager	情報	一覧の行を選択しました
2022/05/25 18:50:35.437	OrderManager	情報	一覧の行を選択しました
2022/05/25 18:50:35.439	OrderManager	情報	一覧を更新しました
2022/05/25 18:50:35.439	OrderManager	情報	一覧の行を選択しました
2022/05/25 18:50:35.449	OrderManager	情報	一覧を更新しました
2022/05/25 18:50:39.832	OrderManager	情報	一覧の行を選択しました
2022/05/25 18:50:40.126	OrderManager	情報	一覧の行を選択しました
2022/05/25 18:50:40.128	OrderManager	情報	一覧を更新しました
2022/05/25 18:50:40.131	OrderManager	情報	一覧の行を選択しました
2022/05/25 18:51:35.251	OrderManager	情報	一覧の行を選択しました
2022/05/25 18:53:29.898	OrderManager	情報	一覧の行を選択しました
2022/05/25 18:53:29.900	OrderManager	情報	一覧を更新しました
2022/05/25 18:53:29.901	OrderManager	情報	一覧の行を選択しました
2022/05/25 18:58:59.598	OrderManager	情報	一覧を更新しました
2022/05/25 18:58:59.600	OrderManager	情報	一覧を更新しました
2022/05/25 18:58:59.623	OrderManager	情報	一覧を更新しました
2022/05/25 18:58:59.640	OrderManager	情報	一覧を更新しました
2022/05/25 18:58:59.657	OrderManager	情報	一覧を更新しました
2022/05/25 18:58:59.674	OrderManager	情報	主画面の初期化を完了しました
2022/05/25 18:58:59.706	OrderManager	情報	一覧の行を選択しました
2022/05/25 18:58:59.733	OrderManager	情報	一覧の行を選択しました
2022/05/25 18:58:59.788	OrderManager	情報	一覧の行を選択しました
2022/05/25 18:58:59.793	OrderManager	情報	一覧を更新しました
2022/05/25 18:58:59.827	OrderManager	情報	一覧の行を選択しました
2022/05/25 18:58:59.862	OrderManager	情報	一覧の行を選択しました
2022/05/25 18:59:03.261	OrderManager	情報	一覧を更新しました
2022/05/25 18:59:03.263	OrderManager	情報	一覧を更新しました
2022/05/25 18:59:03.265	OrderManager	情報	一覧を更新しました
2022/05/25 18:59:03.267	OrderManager	情報	一覧を更新しました
2022/05/25 18:59:03.304	OrderManager	情報	主画面を開きました
2022/05/25 18:59:13.725	OrderManager	情報	一覧の行を選択しました
2022/05/25 18:59:13.729	OrderManager	情報	一覧を更新しました
2022/05/25 18:59:13.733	OrderManager	情報	一覧の行を選択しました
2022/05/25 18:59:13.739	OrderManager	情報	一覧の行を選択しました
2022/05/25 18:59:14.036	OrderManager	情報	一覧の行を選択しました
2022/05/25 18:59:14.038	OrderManager	情報	一覧を更新しました
2022/05/25 18:59:14.039	OrderManager	情報	一覧の行を選択しました
2022/05/25 18:59:14.075	OrderManager	情報	一覧の行を選択しました
2022/05/25 18:59:14.373	OrderManager	情報	一覧の行を選択しました
2022/05/25 18:59:14.375	OrderManager	情報	一覧を更新しました
2022/05/25 18:59:14.376	OrderManager	情報	一覧の行を選択しました
2022/05/25 18:59:14.384	OrderManager	情報	一覧を更新しました
2022/05/25 18:59:16.335	OrderManager	情報	一覧の行を選択しました
2022/05/25 18:59:16.651	OrderManager	情報	一覧の行を選択しました
2022/05/25 18:59:16.653	OrderManager	情報	一覧を更新しました
2022/05/25 18:59:16.657	OrderManager	情報	一覧の行を選択しました
2022/05/25 18:59:18.121	OrderManager	情報	一覧の行を選択しました
2022/05/25 18:59:18.856	OrderManager	情報	一覧の行を選択しました
2022/05/25 18:59:20.009	OrderManager	情報	一覧の行を選択しました
2022/05/25 18:59:20.657	OrderManager	情報	一覧の行を選択しました
2022/05/25 18:59:21.909	OrderManager	情報	一覧の行を選択しました
2022/05/25 18:59:22.943	OrderManager	情報	一覧の行を選択しました
2022/05/25 18:59:25.838	OrderManager	情報	一覧の行を選択しました
2022/05/25 18:59:26.144	OrderManager	情報	一覧の行を選択しました
2022/05/25 18:59:26.145	OrderManager	情報	一覧を更新しました
2022/05/25 18:59:26.146	OrderManager	情報	一覧の行を選択しました
2022/05/25 18:59:26.519	OrderManager	情報	一覧の行を選択しました
2022/05/25 18:59:26.817	OrderManager	情報	一覧の行を選択しました
2022/05/25 18:59:26.819	OrderManager	情報	一覧を更新しました
2022/05/25 18:59:26.820	OrderManager	情報	一覧の行を選択しました
2022/05/25 18:59:27.133	OrderManager	情報	一覧の行を選択しました
2022/05/25 18:59:27.459	OrderManager	情報	一覧の行を選択しました
2022/05/25 18:59:27.461	OrderManager	情報	一覧を更新しました
2022/05/25 18:59:27.462	OrderManager	情報	一覧の行を選択しました
2022/05/25 18:59:27.873	OrderManager	情報	一覧の行を選択しました
2022/05/25 18:59:28.320	OrderManager	情報	一覧の行を選択しました
2022/05/25 18:59:28.321	OrderManager	情報	一覧を更新しました
2022/05/25 18:59:28.321	OrderManager	情報	一覧の行を選択しました
2022/05/25 18:59:28.427	OrderManager	情報	一覧の行を選択しました
2022/05/25 18:59:28.878	OrderManager	情報	一覧の行を選択しました
2022/05/25 18:59:28.880	OrderManager	情報	一覧を更新しました
2022/05/25 18:59:28.881	OrderManager	情報	一覧の行を選択しました
2022/05/25 18:59:28.904	OrderManager	情報	一覧の行を選択しました
2022/05/25 18:59:29.308	OrderManager	情報	一覧の行を選択しました
2022/05/25 18:59:29.311	OrderManager	情報	一覧を更新しました
2022/05/25 18:59:29.311	OrderManager	情報	一覧の行を選択しました
2022/05/25 18:59:29.376	OrderManager	情報	一覧の行を選択しました
2022/05/25 18:59:29.796	OrderManager	情報	一覧の行を選択しました
2022/05/25 18:59:29.797	OrderManager	情報	一覧を更新しました
2022/05/25 18:59:29.798	OrderManager	情報	一覧の行を選択しました
2022/05/25 18:59:29.887	OrderManager	情報	一覧の行を選択しました
2022/05/25 18:59:30.188	OrderManager	情報	一覧の行を選択しました
2022/05/25 18:59:30.189	OrderManager	情報	一覧を更新しました
2022/05/25 18:59:30.189	OrderManager	情報	一覧の行を選択しました
2022/05/25 18:59:30.216	OrderManager	情報	一覧の行を選択しました
2022/05/25 18:59:30.523	OrderManager	情報	一覧の行を選択しました
2022/05/25 18:59:30.525	OrderManager	情報	一覧を更新しました
2022/05/25 18:59:30.525	OrderManager	情報	一覧の行を選択しました
2022/05/25 18:59:30.553	OrderManager	情報	一覧の行を選択しました
2022/05/25 18:59:30.851	OrderManager	情報	一覧の行を選択しました
2022/05/25 18:59:30.853	OrderManager	情報	一覧を更新しました
2022/05/25 18:59:30.854	OrderManager	情報	一覧の行を選択しました
2022/05/25 18:59:30.897	OrderManager	情報	一覧の行を選択しました
2022/05/25 18:59:31.199	OrderManager	情報	一覧の行を選択しました
2022/05/25 18:59:31.202	OrderManager	情報	一覧を更新しました
2022/05/25 18:59:31.202	OrderManager	情報	一覧の行を選択しました
2022/05/25 18:59:31.223	OrderManager	情報	一覧の行を選択しました
2022/05/25 18:59:31.520	OrderManager	情報	一覧の行を選択しました
2022/05/25 18:59:31.521	OrderManager	情報	一覧を更新しました
2022/05/25 18:59:31.522	OrderManager	情報	一覧の行を選択しました
2022/05/25 18:59:31.547	OrderManager	情報	一覧の行を選択しました
2022/05/25 18:59:31.847	OrderManager	情報	一覧の行を選択しました
2022/05/25 18:59:31.849	OrderManager	情報	一覧を更新しました
2022/05/25 18:59:31.849	OrderManager	情報	一覧の行を選択しました
2022/05/25 18:59:32.310	OrderManager	情報	一覧の行を選択しました
2022/05/25 18:59:32.621	OrderManager	情報	一覧の行を選択しました
2022/05/25 18:59:32.622	OrderManager	情報	一覧を更新しました
2022/05/25 18:59:32.622	OrderManager	情報	一覧の行を選択しました
2022/05/25 18:59:33.393	OrderManager	情報	一覧の行を選択しました
2022/05/25 18:59:33.701	OrderManager	情報	一覧の行を選択しました
2022/05/25 18:59:33.703	OrderManager	情報	一覧を更新しました
2022/05/25 18:59:33.703	OrderManager	情報	一覧の行を選択しました
2022/05/25 18:59:34.282	OrderManager	情報	一覧の行を選択しました
2022/05/25 18:59:34.585	OrderManager	情報	一覧の行を選択しました
2022/05/25 18:59:34.586	OrderManager	情報	一覧を更新しました
2022/05/25 18:59:34.587	OrderManager	情報	一覧の行を選択しました
2022/05/25 18:59:35.150	OrderManager	情報	一覧の行を選択しました
2022/05/25 18:59:35.458	OrderManager	情報	一覧の行を選択しました
2022/05/25 18:59:35.460	OrderManager	情報	一覧を更新しました
2022/05/25 18:59:35.460	OrderManager	情報	一覧の行を選択しました
2022/05/25 18:59:35.736	OrderManager	情報	一覧の行を選択しました
2022/05/25 18:59:36.042	OrderManager	情報	一覧の行を選択しました
2022/05/25 18:59:36.044	OrderManager	情報	一覧を更新しました
2022/05/25 18:59:36.044	OrderManager	情報	一覧の行を選択しました
2022/05/25 18:59:36.068	OrderManager	情報	一覧の行を選択しました
2022/05/25 18:59:36.396	OrderManager	情報	一覧の行を選択しました
2022/05/25 18:59:36.398	OrderManager	情報	一覧を更新しました
2022/05/25 18:59:36.398	OrderManager	情報	一覧の行を選択しました
2022/05/25 18:59:36.416	OrderManager	情報	一覧の行を選択しました
2022/05/25 18:59:36.711	OrderManager	情報	一覧の行を選択しました
2022/05/25 18:59:36.712	OrderManager	情報	一覧を更新しました
2022/05/25 18:59:36.713	OrderManager	情報	一覧の行を選択しました
2022/05/25 18:59:36.736	OrderManager	情報	一覧の行を選択しました
2022/05/25 18:59:37.040	OrderManager	情報	一覧の行を選択しました
2022/05/25 18:59:37.042	OrderManager	情報	一覧を更新しました
2022/05/25 18:59:37.042	OrderManager	情報	一覧の行を選択しました
2022/05/25 18:59:37.064	OrderManager	情報	一覧の行を選択しました
2022/05/25 18:59:37.367	OrderManager	情報	一覧の行を選択しました
2022/05/25 18:59:37.369	OrderManager	情報	一覧を更新しました
2022/05/25 18:59:37.369	OrderManager	情報	一覧の行を選択しました
2022/05/25 18:59:37.393	OrderManager	情報	一覧の行を選択しました
2022/05/25 18:59:37.694	OrderManager	情報	一覧の行を選択しました
2022/05/25 18:59:37.695	OrderManager	情報	一覧を更新しました
2022/05/25 18:59:37.696	OrderManager	情報	一覧の行を選択しました
2022/05/25 18:59:37.715	OrderManager	情報	一覧の行を選択しました
2022/05/25 18:59:38.023	OrderManager	情報	一覧の行を選択しました
2022/05/25 18:59:38.025	OrderManager	情報	一覧を更新しました
2022/05/25 18:59:38.025	OrderManager	情報	一覧の行を選択しました
2022/05/25 18:59:38.046	OrderManager	情報	一覧の行を選択しました
2022/05/25 18:59:38.357	OrderManager	情報	一覧の行を選択しました
2022/05/25 18:59:38.358	OrderManager	情報	一覧を更新しました
2022/05/25 18:59:38.358	OrderManager	情報	一覧の行を選択しました
2022/05/25 18:59:38.382	OrderManager	情報	一覧の行を選択しました
2022/05/25 18:59:38.683	OrderManager	情報	一覧の行を選択しました
2022/05/25 18:59:38.685	OrderManager	情報	一覧を更新しました
2022/05/25 18:59:38.685	OrderManager	情報	一覧の行を選択しました
2022/05/25 18:59:38.708	OrderManager	情報	一覧の行を選択しました
2022/05/25 18:59:39.012	OrderManager	情報	一覧の行を選択しました
2022/05/25 18:59:39.014	OrderManager	情報	一覧を更新しました
2022/05/25 18:59:39.014	OrderManager	情報	一覧の行を選択しました
2022/05/25 18:59:39.033	OrderManager	情報	一覧の行を選択しました
2022/05/25 18:59:39.340	OrderManager	情報	一覧の行を選択しました
2022/05/25 18:59:39.341	OrderManager	情報	一覧を更新しました
2022/05/25 18:59:39.342	OrderManager	情報	一覧の行を選択しました
2022/05/25 18:59:39.365	OrderManager	情報	一覧の行を選択しました
2022/05/25 18:59:39.672	OrderManager	情報	一覧の行を選択しました
2022/05/25 18:59:39.674	OrderManager	情報	一覧を更新しました
2022/05/25 18:59:39.674	OrderManager	情報	一覧の行を選択しました
2022/05/25 18:59:39.700	OrderManager	情報	一覧の行を選択しました
2022/05/25 18:59:40.007	OrderManager	情報	一覧の行を選択しました
2022/05/25 18:59:40.009	OrderManager	情報	一覧を更新しました
2022/05/25 18:59:40.009	OrderManager	情報	一覧の行を選択しました
2022/05/25 18:59:41.484	OrderManager	情報	一覧の行を選択しました
2022/05/25 18:59:41.782	OrderManager	情報	一覧の行を選択しました
2022/05/25 18:59:41.784	OrderManager	情報	一覧を更新しました
2022/05/25 18:59:41.784	OrderManager	情報	一覧の行を選択しました
2022/05/25 18:59:42.847	OrderManager	情報	一覧の行を選択しました
2022/05/25 18:59:43.146	OrderManager	情報	一覧の行を選択しました
2022/05/25 18:59:43.148	OrderManager	情報	一覧を更新しました
2022/05/25 18:59:43.148	OrderManager	情報	一覧の行を選択しました
2022/05/25 18:59:43.503	OrderManager	情報	一覧の行を選択しました
2022/05/25 18:59:43.832	OrderManager	情報	一覧の行を選択しました
2022/05/25 18:59:43.834	OrderManager	情報	一覧を更新しました
2022/05/25 18:59:43.834	OrderManager	情報	一覧の行を選択しました
2022/05/25 18:59:44.110	OrderManager	情報	一覧の行を選択しました
2022/05/25 18:59:44.420	OrderManager	情報	一覧の行を選択しました
2022/05/25 18:59:44.422	OrderManager	情報	一覧を更新しました
2022/05/25 18:59:44.422	OrderManager	情報	一覧の行を選択しました
2022/05/25 18:59:44.701	OrderManager	情報	一覧の行を選択しました
2022/05/25 18:59:45.029	OrderManager	情報	一覧の行を選択しました
2022/05/25 18:59:45.030	OrderManager	情報	一覧を更新しました
2022/05/25 18:59:45.030	OrderManager	情報	一覧の行を選択しました
2022/05/25 18:59:53.384	OrderManager	情報	一覧の行を選択しました
2022/05/25 18:59:54.008	OrderManager	情報	一覧の行を選択しました
2022/05/25 18:59:54.010	OrderManager	情報	一覧を更新しました
2022/05/25 18:59:54.010	OrderManager	情報	一覧の行を選択しました
2022/05/25 18:59:54.032	OrderManager	情報	一覧の行を選択しました
2022/05/25 18:59:54.342	OrderManager	情報	一覧の行を選択しました
2022/05/25 18:59:54.344	OrderManager	情報	一覧を更新しました
2022/05/25 18:59:54.344	OrderManager	情報	一覧の行を選択しました
2022/05/25 18:59:54.368	OrderManager	情報	一覧の行を選択しました
2022/05/25 18:59:54.669	OrderManager	情報	一覧の行を選択しました
2022/05/25 18:59:54.671	OrderManager	情報	一覧を更新しました
2022/05/25 18:59:54.671	OrderManager	情報	一覧の行を選択しました
2022/05/25 18:59:54.691	OrderManager	情報	一覧の行を選択しました
2022/05/25 18:59:54.994	OrderManager	情報	一覧の行を選択しました
2022/05/25 18:59:54.995	OrderManager	情報	一覧を更新しました
2022/05/25 18:59:54.996	OrderManager	情報	一覧の行を選択しました
2022/05/25 18:59:55.023	OrderManager	情報	一覧の行を選択しました
2022/05/25 18:59:55.319	OrderManager	情報	一覧の行を選択しました
2022/05/25 18:59:55.322	OrderManager	情報	一覧を更新しました
2022/05/25 18:59:55.322	OrderManager	情報	一覧の行を選択しました
2022/05/25 18:59:55.342	OrderManager	情報	一覧の行を選択しました
2022/05/25 18:59:55.648	OrderManager	情報	一覧の行を選択しました
2022/05/25 18:59:55.650	OrderManager	情報	一覧を更新しました
2022/05/25 18:59:55.650	OrderManager	情報	一覧の行を選択しました
2022/05/25 18:59:55.680	OrderManager	情報	一覧の行を選択しました
2022/05/25 18:59:55.979	OrderManager	情報	一覧の行を選択しました
2022/05/25 18:59:55.981	OrderManager	情報	一覧を更新しました
2022/05/25 18:59:55.981	OrderManager	情報	一覧の行を選択しました
2022/05/25 18:59:56.005	OrderManager	情報	一覧の行を選択しました
2022/05/25 18:59:56.306	OrderManager	情報	一覧の行を選択しました
2022/05/25 18:59:56.308	OrderManager	情報	一覧を更新しました
2022/05/25 18:59:56.308	OrderManager	情報	一覧の行を選択しました
2022/05/25 18:59:56.334	OrderManager	情報	一覧の行を選択しました
2022/05/25 18:59:56.642	OrderManager	情報	一覧の行を選択しました
2022/05/25 18:59:56.644	OrderManager	情報	一覧を更新しました
2022/05/25 18:59:56.645	OrderManager	情報	一覧の行を選択しました
2022/05/25 18:59:57.498	OrderManager	情報	一覧の行を選択しました
2022/05/25 18:59:57.797	OrderManager	情報	一覧の行を選択しました
2022/05/25 18:59:57.798	OrderManager	情報	一覧を更新しました
2022/05/25 18:59:57.798	OrderManager	情報	一覧の行を選択しました
2022/05/25 18:59:58.326	OrderManager	情報	一覧の行を選択しました
2022/05/25 18:59:58.648	OrderManager	情報	一覧の行を選択しました
2022/05/25 18:59:58.650	OrderManager	情報	一覧を更新しました
2022/05/25 18:59:58.651	OrderManager	情報	一覧の行を選択しました
2022/05/25 18:59:58.930	OrderManager	情報	一覧の行を選択しました
2022/05/25 18:59:59.245	OrderManager	情報	一覧の行を選択しました
2022/05/25 18:59:59.247	OrderManager	情報	一覧を更新しました
2022/05/25 18:59:59.247	OrderManager	情報	一覧の行を選択しました
2022/05/25 18:59:59.529	OrderManager	情報	一覧の行を選択しました
2022/05/25 18:59:59.830	OrderManager	情報	一覧の行を選択しました
2022/05/25 18:59:59.832	OrderManager	情報	一覧を更新しました
2022/05/25 18:59:59.832	OrderManager	情報	一覧の行を選択しました
2022/05/25 19:00:00.083	OrderManager	情報	一覧の行を選択しました
2022/05/25 19:00:00.383	OrderManager	情報	一覧の行を選択しました
2022/05/25 19:00:00.385	OrderManager	情報	一覧を更新しました
2022/05/25 19:00:00.386	OrderManager	情報	一覧の行を選択しました
2022/05/25 19:00:00.682	OrderManager	情報	一覧の行を選択しました
2022/05/25 19:00:00.997	OrderManager	情報	一覧の行を選択しました
2022/05/25 19:00:00.999	OrderManager	情報	一覧を更新しました
2022/05/25 19:00:01.000	OrderManager	情報	一覧の行を選択しました
2022/05/25 19:00:01.416	OrderManager	情報	一覧の行を選択しました
2022/05/25 19:00:01.752	OrderManager	情報	一覧の行を選択しました
2022/05/25 19:00:01.753	OrderManager	情報	一覧を更新しました
2022/05/25 19:00:01.754	OrderManager	情報	一覧の行を選択しました
2022/05/25 19:00:02.047	OrderManager	情報	一覧の行を選択しました
2022/05/25 19:00:02.362	OrderManager	情報	一覧の行を選択しました
2022/05/25 19:00:02.366	OrderManager	情報	一覧を更新しました
2022/05/25 19:00:02.366	OrderManager	情報	一覧の行を選択しました
2022/05/25 19:07:08.033	OrderManager	情報	一覧を更新しました
2022/05/25 19:07:08.036	OrderManager	情報	一覧を更新しました
2022/05/25 19:07:08.056	OrderManager	情報	一覧を更新しました
2022/05/25 19:07:08.074	OrderManager	情報	一覧を更新しました
2022/05/25 19:07:08.104	OrderManager	情報	一覧を更新しました
2022/05/25 19:07:08.122	OrderManager	情報	主画面の初期化を完了しました
2022/05/25 19:07:08.140	OrderManager	情報	一覧の行を選択しました
2022/05/25 19:07:08.145	OrderManager	情報	一覧の行を選択しました
2022/05/25 19:07:08.181	OrderManager	情報	一覧の行を選択しました
2022/05/25 19:07:08.196	OrderManager	情報	一覧を更新しました
2022/05/25 19:07:08.326	OrderManager	情報	一覧の行を選択しました
2022/05/25 19:07:08.405	OrderManager	情報	一覧の行を選択しました
2022/05/25 19:07:11.795	OrderManager	情報	一覧を更新しました
2022/05/25 19:07:11.797	OrderManager	情報	一覧を更新しました
2022/05/25 19:07:11.799	OrderManager	情報	一覧を更新しました
2022/05/25 19:07:11.801	OrderManager	情報	一覧を更新しました
2022/05/25 19:07:11.838	OrderManager	情報	主画面を開きました
2022/05/25 19:07:16.498	OrderManager	情報	一覧の行を選択しました
2022/05/25 19:07:16.500	OrderManager	情報	一覧を更新しました
2022/05/25 19:07:16.503	OrderManager	情報	一覧の行を選択しました
2022/05/25 19:07:16.507	OrderManager	情報	一覧の行を選択しました
2022/05/25 19:07:16.815	OrderManager	情報	一覧の行を選択しました
2022/05/25 19:07:16.817	OrderManager	情報	一覧を更新しました
2022/05/25 19:07:16.818	OrderManager	情報	一覧の行を選択しました
2022/05/25 19:07:16.850	OrderManager	情報	一覧の行を選択しました
2022/05/25 19:07:17.146	OrderManager	情報	一覧の行を選択しました
2022/05/25 19:07:17.149	OrderManager	情報	一覧を更新しました
2022/05/25 19:07:17.150	OrderManager	情報	一覧の行を選択しました
2022/05/25 19:07:17.158	OrderManager	情報	一覧を更新しました
2022/05/25 19:07:22.050	OrderManager	情報	一覧の行を選択しました
2022/05/25 19:07:22.354	OrderManager	情報	一覧の行を選択しました
2022/05/25 19:07:22.356	OrderManager	情報	一覧を更新しました
2022/05/25 19:07:22.359	OrderManager	情報	一覧の行を選択しました
2022/05/25 19:07:34.752	OrderManager	情報	一覧の行を選択しました
2022/05/25 19:07:35.442	OrderManager	情報	一覧の行を選択しました
2022/05/25 19:07:35.444	OrderManager	情報	一覧を更新しました
2022/05/25 19:07:35.444	OrderManager	情報	一覧の行を選択しました
2022/05/25 19:07:35.494	OrderManager	情報	一覧の行を選択しました
2022/05/25 19:07:35.839	OrderManager	情報	一覧の行を選択しました
2022/05/25 19:07:35.841	OrderManager	情報	一覧を更新しました
2022/05/25 19:07:35.846	OrderManager	情報	一覧の行を選択しました
2022/05/25 19:07:37.623	OrderManager	情報	一覧の行を選択しました
2022/05/25 19:07:37.953	OrderManager	情報	一覧の行を選択しました
2022/05/25 19:07:37.954	OrderManager	情報	一覧を更新しました
2022/05/25 19:07:37.958	OrderManager	情報	一覧の行を選択しました
2022/05/25 19:07:40.465	OrderManager	情報	一覧の行を選択しました
2022/05/25 19:07:40.823	OrderManager	情報	一覧の行を選択しました
2022/05/25 19:07:40.824	OrderManager	情報	一覧を更新しました
2022/05/25 19:07:40.828	OrderManager	情報	一覧の行を選択しました
2022/05/25 19:07:41.716	OrderManager	情報	一覧の行を選択しました
2022/05/25 19:07:42.018	OrderManager	情報	一覧の行を選択しました
2022/05/25 19:07:42.020	OrderManager	情報	一覧を更新しました
2022/05/25 19:07:42.021	OrderManager	情報	一覧の行を選択しました
2022/05/25 19:07:42.593	OrderManager	情報	一覧の行を選択しました
2022/05/25 19:07:42.938	OrderManager	情報	一覧の行を選択しました
2022/05/25 19:07:42.940	OrderManager	情報	一覧を更新しました
2022/05/25 19:07:42.941	OrderManager	情報	一覧の行を選択しました
2022/05/25 19:07:43.400	OrderManager	情報	一覧の行を選択しました
2022/05/25 19:07:43.700	OrderManager	情報	一覧の行を選択しました
2022/05/25 19:07:43.701	OrderManager	情報	一覧を更新しました
2022/05/25 19:07:43.701	OrderManager	情報	一覧の行を選択しました
2022/05/25 19:07:44.021	OrderManager	情報	一覧の行を選択しました
2022/05/25 19:07:44.326	OrderManager	情報	一覧の行を選択しました
2022/05/25 19:07:44.328	OrderManager	情報	一覧を更新しました
2022/05/25 19:07:44.328	OrderManager	情報	一覧の行を選択しました
2022/05/25 19:07:44.728	OrderManager	情報	一覧の行を選択しました
2022/05/25 19:07:45.040	OrderManager	情報	一覧の行を選択しました
2022/05/25 19:07:45.041	OrderManager	情報	一覧を更新しました
2022/05/25 19:07:45.041	OrderManager	情報	一覧の行を選択しました
2022/05/25 19:07:45.354	OrderManager	情報	一覧の行を選択しました
2022/05/25 19:07:45.662	OrderManager	情報	一覧の行を選択しました
2022/05/25 19:07:45.663	OrderManager	情報	一覧を更新しました
2022/05/25 19:07:45.664	OrderManager	情報	一覧の行を選択しました
2022/05/25 19:07:45.973	OrderManager	情報	一覧の行を選択しました
2022/05/25 19:07:46.281	OrderManager	情報	一覧の行を選択しました
2022/05/25 19:07:46.283	OrderManager	情報	一覧を更新しました
2022/05/25 19:07:46.284	OrderManager	情報	一覧の行を選択しました
2022/05/25 19:07:47.022	OrderManager	情報	一覧の行を選択しました
2022/05/25 19:07:47.321	OrderManager	情報	一覧の行を選択しました
2022/05/25 19:07:47.323	OrderManager	情報	一覧を更新しました
2022/05/25 19:07:47.323	OrderManager	情報	一覧の行を選択しました
2022/05/25 19:07:47.985	OrderManager	情報	一覧の行を選択しました
2022/05/25 19:07:48.285	OrderManager	情報	一覧の行を選択しました
2022/05/25 19:07:48.287	OrderManager	情報	一覧を更新しました
2022/05/25 19:07:48.287	OrderManager	情報	一覧の行を選択しました
2022/05/25 19:07:48.995	OrderManager	情報	一覧の行を選択しました
2022/05/25 19:07:49.299	OrderManager	情報	一覧の行を選択しました
2022/05/25 19:07:49.302	OrderManager	情報	一覧を更新しました
2022/05/25 19:07:49.303	OrderManager	情報	一覧の行を選択しました
2022/05/25 19:07:49.641	OrderManager	情報	一覧の行を選択しました
2022/05/25 19:07:49.966	OrderManager	情報	一覧の行を選択しました
2022/05/25 19:07:49.968	OrderManager	情報	一覧を更新しました
2022/05/25 19:07:49.968	OrderManager	情報	一覧の行を選択しました
2022/05/25 19:07:50.283	OrderManager	情報	一覧の行を選択しました
2022/05/25 19:07:50.596	OrderManager	情報	一覧の行を選択しました
2022/05/25 19:07:50.597	OrderManager	情報	一覧を更新しました
2022/05/25 19:07:50.598	OrderManager	情報	一覧の行を選択しました
2022/05/25 19:07:50.619	OrderManager	情報	一覧の行を選択しました
2022/05/25 19:07:50.965	OrderManager	情報	一覧の行を選択しました
2022/05/25 19:07:50.966	OrderManager	情報	一覧を更新しました
2022/05/25 19:07:50.966	OrderManager	情報	一覧の行を選択しました
2022/05/25 19:07:51.113	OrderManager	情報	一覧の行を選択しました
2022/05/25 19:07:51.446	OrderManager	情報	一覧の行を選択しました
2022/05/25 19:07:51.448	OrderManager	情報	一覧を更新しました
2022/05/25 19:07:51.450	OrderManager	情報	一覧の行を選択しました
2022/05/25 19:07:52.046	OrderManager	情報	一覧の行を選択しました
2022/05/25 19:07:52.347	OrderManager	情報	一覧の行を選択しました
2022/05/25 19:07:52.349	OrderManager	情報	一覧を更新しました
2022/05/25 19:07:52.351	OrderManager	情報	一覧の行を選択しました
2022/05/25 19:07:52.642	OrderManager	情報	一覧の行を選択しました
2022/05/25 19:07:53.008	OrderManager	情報	一覧の行を選択しました
2022/05/25 19:07:53.012	OrderManager	情報	一覧を更新しました
2022/05/25 19:07:53.015	OrderManager	情報	一覧の行を選択しました
2022/05/25 19:07:53.062	OrderManager	情報	一覧の行を選択しました
2022/05/25 19:07:53.367	OrderManager	情報	一覧の行を選択しました
2022/05/25 19:07:53.369	OrderManager	情報	一覧を更新しました
2022/05/25 19:07:53.369	OrderManager	情報	一覧の行を選択しました
2022/05/25 19:07:53.395	OrderManager	情報	一覧の行を選択しました
2022/05/25 19:07:53.703	OrderManager	情報	一覧の行を選択しました
2022/05/25 19:07:53.704	OrderManager	情報	一覧を更新しました
2022/05/25 19:07:53.705	OrderManager	情報	一覧の行を選択しました
2022/05/25 19:07:53.725	OrderManager	情報	一覧の行を選択しました
2022/05/25 19:07:54.036	OrderManager	情報	一覧の行を選択しました
2022/05/25 19:07:54.037	OrderManager	情報	一覧を更新しました
2022/05/25 19:07:54.038	OrderManager	情報	一覧の行を選択しました
2022/05/25 19:07:56.254	OrderManager	情報	一覧の行を選択しました
2022/05/25 19:07:56.581	OrderManager	情報	一覧の行を選択しました
2022/05/25 19:07:56.582	OrderManager	情報	一覧を更新しました
2022/05/25 19:07:56.583	OrderManager	情報	一覧の行を選択しました
2022/05/25 19:08:29.199	OrderManager	情報	一覧を更新しました
2022/05/25 19:08:29.224	OrderManager	情報	一覧を更新しました
2022/05/25 19:08:29.301	OrderManager	情報	一覧を更新しました
2022/05/25 19:08:29.372	OrderManager	情報	一覧を更新しました
2022/05/25 19:08:29.456	OrderManager	情報	一覧を更新しました
2022/05/25 19:08:29.476	OrderManager	情報	主画面の初期化を完了しました
2022/05/25 19:08:29.524	OrderManager	情報	一覧の行を選択しました
2022/05/25 19:08:29.563	OrderManager	情報	一覧の行を選択しました
2022/05/25 19:08:29.677	OrderManager	情報	一覧の行を選択しました
2022/05/25 19:08:29.682	OrderManager	情報	一覧を更新しました
2022/05/25 19:08:29.713	OrderManager	情報	一覧の行を選択しました
2022/05/25 19:08:29.748	OrderManager	情報	一覧の行を選択しました
2022/05/25 19:08:32.768	OrderManager	情報	一覧を更新しました
2022/05/25 19:08:32.771	OrderManager	情報	一覧を更新しました
2022/05/25 19:08:32.774	OrderManager	情報	一覧を更新しました
2022/05/25 19:08:32.775	OrderManager	情報	一覧を更新しました
2022/05/25 19:08:32.823	OrderManager	情報	主画面を開きました
2022/05/25 19:08:42.850	OrderManager	情報	一覧の行を選択しました
2022/05/25 19:08:42.852	OrderManager	情報	一覧を更新しました
2022/05/25 19:08:42.855	OrderManager	情報	一覧の行を選択しました
2022/05/25 19:08:42.859	OrderManager	情報	一覧の行を選択しました
2022/05/25 19:08:43.184	OrderManager	情報	一覧の行を選択しました
2022/05/25 19:08:43.187	OrderManager	情報	一覧を更新しました
2022/05/25 19:08:43.187	OrderManager	情報	一覧の行を選択しました
2022/05/25 19:08:43.232	OrderManager	情報	一覧の行を選択しました
2022/05/25 19:08:43.563	OrderManager	情報	一覧の行を選択しました
2022/05/25 19:08:43.564	OrderManager	情報	一覧を更新しました
2022/05/25 19:08:43.565	OrderManager	情報	一覧の行を選択しました
2022/05/25 19:08:43.575	OrderManager	情報	一覧を更新しました
2022/05/25 19:08:46.262	OrderManager	情報	一覧の行を選択しました
2022/05/25 19:08:46.572	OrderManager	情報	一覧の行を選択しました
2022/05/25 19:08:46.573	OrderManager	情報	一覧を更新しました
2022/05/25 19:08:46.577	OrderManager	情報	一覧の行を選択しました
2022/05/25 19:08:48.888	OrderManager	情報	一覧の行を選択しました
2022/05/25 19:08:49.194	OrderManager	情報	一覧の行を選択しました
2022/05/25 19:08:49.196	OrderManager	情報	一覧を更新しました
2022/05/25 19:08:49.196	OrderManager	情報	一覧の行を選択しました
2022/05/25 19:08:51.443	OrderManager	情報	一覧の行を選択しました
2022/05/25 19:08:51.742	OrderManager	情報	一覧の行を選択しました
2022/05/25 19:08:51.745	OrderManager	情報	一覧を更新しました
2022/05/25 19:08:51.745	OrderManager	情報	一覧の行を選択しました
2022/05/25 19:08:52.307	OrderManager	情報	一覧の行を選択しました
2022/05/25 19:08:52.613	OrderManager	情報	一覧の行を選択しました
2022/05/25 19:08:52.614	OrderManager	情報	一覧を更新しました
2022/05/25 19:08:52.615	OrderManager	情報	一覧の行を選択しました
2022/05/25 19:08:53.285	OrderManager	情報	一覧の行を選択しました
2022/05/25 19:08:53.589	OrderManager	情報	一覧の行を選択しました
2022/05/25 19:08:53.591	OrderManager	情報	一覧を更新しました
2022/05/25 19:08:53.591	OrderManager	情報	一覧の行を選択しました
2022/05/25 19:08:54.376	OrderManager	情報	一覧の行を選択しました
2022/05/25 19:08:54.691	OrderManager	情報	一覧の行を選択しました
2022/05/25 19:08:54.693	OrderManager	情報	一覧を更新しました
2022/05/25 19:08:54.693	OrderManager	情報	一覧の行を選択しました
2022/05/25 19:08:55.996	OrderManager	情報	一覧の行を選択しました
2022/05/25 19:08:56.749	OrderManager	情報	一覧の行を選択しました
2022/05/25 19:08:57.283	OrderManager	情報	一覧の行を選択しました
2022/05/25 19:08:57.922	OrderManager	情報	一覧の行を選択しました
2022/05/25 19:08:58.533	OrderManager	情報	一覧の行を選択しました
2022/05/25 19:08:59.067	OrderManager	情報	一覧の行を選択しました
2022/05/25 19:08:59.860	OrderManager	情報	一覧の行を選択しました
2022/05/25 19:09:00.388	OrderManager	情報	一覧の行を選択しました
2022/05/25 19:09:01.425	OrderManager	情報	一覧の行を選択しました
2022/05/25 19:09:02.021	OrderManager	情報	一覧の行を選択しました
2022/05/25 19:09:02.607	OrderManager	情報	一覧の行を選択しました
2022/05/25 19:09:03.089	OrderManager	情報	一覧の行を選択しました
2022/05/25 19:09:03.752	OrderManager	情報	一覧の行を選択しました
2022/05/25 19:09:04.273	OrderManager	情報	一覧の行を選択しました
2022/05/25 19:09:04.757	OrderManager	情報	一覧の行を選択しました
2022/05/25 19:09:05.374	OrderManager	情報	一覧の行を選択しました
2022/05/25 19:09:05.788	OrderManager	情報	一覧の行を選択しました
2022/05/25 19:09:06.330	OrderManager	情報	一覧の行を選択しました
2022/05/25 19:09:08.173	OrderManager	情報	一覧の行を選択しました
2022/05/25 19:09:08.476	OrderManager	情報	一覧の行を選択しました
2022/05/25 19:09:08.478	OrderManager	情報	一覧を更新しました
2022/05/25 19:09:08.478	OrderManager	情報	一覧の行を選択しました
2022/05/25 19:09:09.465	OrderManager	情報	一覧の行を選択しました
2022/05/25 19:09:09.772	OrderManager	情報	一覧の行を選択しました
2022/05/25 19:09:09.775	OrderManager	情報	一覧を更新しました
2022/05/25 19:09:09.775	OrderManager	情報	一覧の行を選択しました
2022/05/25 19:09:12.331	OrderManager	情報	一覧の行を選択しました
2022/05/25 19:09:12.383	OrderManager	情報	一覧の行を選択しました
2022/05/25 19:09:12.408	OrderManager	情報	一覧の行を選択しました
2022/05/25 19:09:12.410	OrderManager	情報	一覧を更新しました
2022/05/25 19:09:12.411	OrderManager	情報	一覧の行を選択しました
2022/05/25 19:09:12.438	OrderManager	情報	一覧の行を選択しました
2022/05/25 19:09:15.003	OrderManager	情報	一覧を更新しました
2022/05/25 19:09:15.025	OrderManager	情報	一覧の行を選択しました
2022/05/25 19:09:16.074	OrderManager	情報	一覧の行を選択しました
2022/05/25 19:09:16.186	OrderManager	情報	一覧の行を選択しました
2022/05/25 19:09:16.210	OrderManager	情報	一覧の行を選択しました
2022/05/25 19:09:16.212	OrderManager	情報	一覧を更新しました
2022/05/25 19:09:16.213	OrderManager	情報	一覧の行を選択しました
2022/05/25 19:09:16.234	OrderManager	情報	一覧の行を選択しました
2022/05/25 19:09:18.771	OrderManager	情報	一覧を更新しました
2022/05/25 19:09:18.793	OrderManager	情報	一覧の行を選択しました
2022/05/25 19:09:19.414	OrderManager	情報	一覧の行を選択しました
2022/05/25 19:09:25.218	OrderManager	情報	一覧の行を選択しました
2022/05/25 19:09:26.313	OrderManager	情報	一覧の行を選択しました
2022/05/25 19:09:26.495	OrderManager	情報	一覧の行を選択しました
2022/05/25 19:09:26.683	OrderManager	情報	一覧の行を選択しました
2022/05/25 19:09:26.871	OrderManager	情報	一覧の行を選択しました
2022/05/25 19:09:27.001	OrderManager	情報	一覧の行を選択しました
2022/05/25 19:09:27.132	OrderManager	情報	一覧の行を選択しました
2022/05/25 19:09:27.332	OrderManager	情報	一覧の行を選択しました
2022/05/25 19:09:27.514	OrderManager	情報	一覧の行を選択しました
2022/05/25 19:09:27.652	OrderManager	情報	一覧の行を選択しました
2022/05/25 19:09:27.857	OrderManager	情報	一覧の行を選択しました
2022/05/25 19:09:28.048	OrderManager	情報	一覧の行を選択しました
2022/05/25 19:09:28.185	OrderManager	情報	一覧の行を選択しました
2022/05/25 19:09:28.788	OrderManager	情報	一覧の行を選択しました
2022/05/25 19:09:29.460	OrderManager	情報	一覧の行を選択しました
2022/05/25 19:09:29.800	OrderManager	情報	一覧の行を選択しました
2022/05/25 19:09:30.248	OrderManager	情報	一覧の行を選択しました
2022/05/25 19:09:30.452	OrderManager	情報	一覧の行を選択しました
2022/05/25 19:09:30.651	OrderManager	情報	一覧の行を選択しました
2022/05/25 19:09:30.854	OrderManager	情報	一覧の行を選択しました
2022/05/25 19:09:30.985	OrderManager	情報	一覧の行を選択しました
2022/05/25 19:09:31.180	OrderManager	情報	一覧の行を選択しました
2022/05/25 19:09:31.311	OrderManager	情報	一覧の行を選択しました
2022/05/25 19:09:31.505	OrderManager	情報	一覧の行を選択しました
2022/05/25 19:09:31.698	OrderManager	情報	一覧の行を選択しました
2022/05/25 19:09:31.886	OrderManager	情報	一覧の行を選択しました
2022/05/25 19:09:32.021	OrderManager	情報	一覧の行を選択しました
2022/05/25 19:09:32.152	OrderManager	情報	一覧の行を選択しました
2022/05/25 19:09:32.348	OrderManager	情報	一覧の行を選択しました
2022/05/25 19:09:32.583	OrderManager	情報	一覧の行を選択しました
2022/05/25 19:09:33.092	OrderManager	情報	一覧の行を選択しました
2022/05/25 19:09:33.200	OrderManager	情報	一覧の行を選択しました
2022/05/25 19:09:33.217	OrderManager	情報	一覧の行を選択しました
2022/05/25 19:09:33.319	OrderManager	情報	一覧の行を選択しました
2022/05/25 19:09:33.337	OrderManager	情報	一覧の行を選択しました
2022/05/25 19:09:33.353	OrderManager	情報	一覧の行を選択しました
2022/05/25 19:09:33.445	OrderManager	情報	一覧の行を選択しました
2022/05/25 19:09:33.463	OrderManager	情報	一覧の行を選択しました
2022/05/25 19:09:33.482	OrderManager	情報	一覧の行を選択しました
2022/05/25 19:09:33.579	OrderManager	情報	一覧の行を選択しました
2022/05/25 19:09:33.597	OrderManager	情報	一覧の行を選択しました
2022/05/25 19:09:33.682	OrderManager	情報	一覧の行を選択しました
2022/05/25 19:09:33.699	OrderManager	情報	一覧の行を選択しました
2022/05/25 19:09:33.717	OrderManager	情報	一覧の行を選択しました
2022/05/25 19:09:33.814	OrderManager	情報	一覧の行を選択しました
2022/05/25 19:09:33.832	OrderManager	情報	一覧の行を選択しました
2022/05/25 19:09:33.851	OrderManager	情報	一覧の行を選択しました
2022/05/25 19:09:34.034	OrderManager	情報	一覧の行を選択しました
2022/05/25 19:09:34.553	OrderManager	情報	一覧の行を選択しました
2022/05/25 19:09:34.632	OrderManager	情報	一覧の行を選択しました
2022/05/25 19:09:34.647	OrderManager	情報	一覧の行を選択しました
2022/05/25 19:09:34.755	OrderManager	情報	一覧の行を選択しました
2022/05/25 19:09:34.773	OrderManager	情報	一覧の行を選択しました
2022/05/25 19:09:34.905	OrderManager	情報	一覧の行を選択しました
2022/05/25 19:09:34.925	OrderManager	情報	一覧の行を選択しました
2022/05/25 19:09:34.944	OrderManager	情報	一覧の行を選択しました
2022/05/25 19:09:35.075	OrderManager	情報	一覧の行を選択しました
2022/05/25 19:09:35.092	OrderManager	情報	一覧の行を選択しました
2022/05/25 19:09:35.219	OrderManager	情報	一覧の行を選択しました
2022/05/25 19:09:35.235	OrderManager	情報	一覧の行を選択しました
2022/05/25 19:09:35.358	OrderManager	情報	一覧の行を選択しました
2022/05/25 19:09:35.374	OrderManager	情報	一覧の行を選択しました
2022/05/25 19:09:35.507	OrderManager	情報	一覧の行を選択しました
2022/05/25 19:09:35.636	OrderManager	情報	一覧の行を選択しました
2022/05/25 19:09:35.763	OrderManager	情報	一覧の行を選択しました
2022/05/25 19:09:35.781	OrderManager	情報	一覧の行を選択しました
2022/05/25 19:09:35.802	OrderManager	情報	一覧の行を選択しました
2022/05/25 19:09:35.928	OrderManager	情報	一覧の行を選択しました
2022/05/25 19:09:36.055	OrderManager	情報	一覧の行を選択しました
2022/05/25 19:09:36.073	OrderManager	情報	一覧の行を選択しました
2022/05/25 19:09:36.662	OrderManager	情報	一覧の行を選択しました
2022/05/25 19:09:37.191	OrderManager	情報	一覧の行を選択しました
2022/05/25 19:09:37.637	OrderManager	情報	一覧の行を選択しました
2022/05/25 19:09:38.121	OrderManager	情報	一覧の行を選択しました
2022/05/25 19:09:38.444	OrderManager	情報	一覧の行を選択しました
2022/05/25 19:09:38.724	OrderManager	情報	一覧の行を選択しました
2022/05/25 19:09:38.909	OrderManager	情報	一覧の行を選択しました
2022/05/25 19:09:39.090	OrderManager	情報	一覧の行を選択しました
2022/05/25 19:09:39.224	OrderManager	情報	一覧の行を選択しました
2022/05/25 19:09:39.417	OrderManager	情報	一覧の行を選択しました
2022/05/25 19:09:39.547	OrderManager	情報	一覧の行を選択しました
2022/05/25 19:09:39.735	OrderManager	情報	一覧の行を選択しました
2022/05/25 19:09:39.863	OrderManager	情報	一覧の行を選択しました
2022/05/25 19:09:40.058	OrderManager	情報	一覧の行を選択しました
2022/05/25 19:09:40.200	OrderManager	情報	一覧の行を選択しました
2022/05/25 19:09:40.330	OrderManager	情報	一覧の行を選択しました
2022/05/25 19:09:46.439	OrderManager	情報	一覧の行を選択しました
2022/05/25 19:09:46.487	OrderManager	情報	一覧の行を選択しました
2022/05/25 19:09:46.502	OrderManager	情報	一覧の行を選択しました
2022/05/25 19:09:46.518	OrderManager	情報	一覧の行を選択しました
2022/05/25 19:09:46.536	OrderManager	情報	一覧の行を選択しました
2022/05/25 19:09:46.554	OrderManager	情報	一覧の行を選択しました
2022/05/25 19:09:46.569	OrderManager	情報	一覧の行を選択しました
2022/05/25 19:09:46.585	OrderManager	情報	一覧の行を選択しました
2022/05/25 19:09:46.603	OrderManager	情報	一覧の行を選択しました
2022/05/25 19:09:46.620	OrderManager	情報	一覧の行を選択しました
2022/05/25 19:09:46.982	OrderManager	情報	一覧の行を選択しました
2022/05/25 19:09:47.158	OrderManager	情報	一覧の行を選択しました
2022/05/25 19:09:47.335	OrderManager	情報	一覧の行を選択しました
2022/05/25 19:09:47.509	OrderManager	情報	一覧の行を選択しました
2022/05/25 19:09:47.669	OrderManager	情報	一覧の行を選択しました
2022/05/25 19:09:47.941	OrderManager	情報	一覧の行を選択しました
2022/05/25 19:09:48.134	OrderManager	情報	一覧の行を選択しました
2022/05/25 19:09:48.453	OrderManager	情報	一覧の行を選択しました
2022/05/25 19:09:48.650	OrderManager	情報	一覧の行を選択しました
2022/05/25 19:09:48.822	OrderManager	情報	一覧の行を選択しました
2022/05/25 19:09:48.994	OrderManager	情報	一覧の行を選択しました
2022/05/25 19:09:49.171	OrderManager	情報	一覧の行を選択しました
2022/05/25 19:09:49.449	OrderManager	情報	一覧の行を選択しました
2022/05/25 19:09:49.638	OrderManager	情報	一覧の行を選択しました
2022/05/25 19:09:49.832	OrderManager	情報	一覧の行を選択しました
2022/05/25 19:09:51.869	OrderManager	情報	一覧の行を選択しました
2022/05/25 19:09:55.144	OrderManager	情報	一覧の行を選択しました
2022/05/25 19:09:55.842	OrderManager	情報	一覧の行を選択しました
2022/05/25 19:09:55.843	OrderManager	情報	一覧を更新しました
2022/05/25 19:09:55.844	OrderManager	情報	一覧の行を選択しました
2022/05/25 19:10:13.808	OrderManager	情報	一覧の行を選択しました
2022/05/25 19:10:14.124	OrderManager	情報	一覧の行を選択しました
2022/05/25 19:10:14.125	OrderManager	情報	一覧を更新しました
2022/05/25 19:10:14.125	OrderManager	情報	一覧の行を選択しました
2022/05/25 19:10:15.695	OrderManager	情報	一覧の行を選択しました
2022/05/25 19:10:16.287	OrderManager	情報	一覧の行を選択しました
2022/05/25 19:10:16.288	OrderManager	情報	一覧を更新しました
2022/05/25 19:10:16.289	OrderManager	情報	一覧の行を選択しました
2022/05/25 19:10:16.889	OrderManager	情報	一覧の行を選択しました
2022/05/25 19:10:17.210	OrderManager	情報	一覧の行を選択しました
2022/05/25 19:10:17.211	OrderManager	情報	一覧を更新しました
2022/05/25 19:10:17.211	OrderManager	情報	一覧の行を選択しました
2022/05/25 19:10:17.695	OrderManager	情報	一覧の行を選択しました
2022/05/25 19:10:18.013	OrderManager	情報	一覧の行を選択しました
2022/05/25 19:10:18.014	OrderManager	情報	一覧を更新しました
2022/05/25 19:10:18.014	OrderManager	情報	一覧の行を選択しました
2022/05/25 19:10:18.385	OrderManager	情報	一覧の行を選択しました
2022/05/25 19:10:18.696	OrderManager	情報	一覧の行を選択しました
2022/05/25 19:10:18.699	OrderManager	情報	一覧を更新しました
2022/05/25 19:10:18.699	OrderManager	情報	一覧の行を選択しました
2022/05/25 19:10:19.184	OrderManager	情報	一覧の行を選択しました
2022/05/25 19:10:19.657	OrderManager	情報	一覧の行を選択しました
2022/05/25 19:10:19.665	OrderManager	情報	一覧を更新しました
2022/05/25 19:10:19.665	OrderManager	情報	一覧の行を選択しました
2022/05/25 19:10:19.699	OrderManager	情報	一覧の行を選択しました
2022/05/25 19:10:20.005	OrderManager	情報	一覧の行を選択しました
2022/05/25 19:10:20.007	OrderManager	情報	一覧を更新しました
2022/05/25 19:10:20.007	OrderManager	情報	一覧の行を選択しました
2022/05/25 19:10:20.204	OrderManager	情報	一覧の行を選択しました
2022/05/25 19:10:20.607	OrderManager	情報	一覧の行を選択しました
2022/05/25 19:10:20.609	OrderManager	情報	一覧を更新しました
2022/05/25 19:10:20.609	OrderManager	情報	一覧の行を選択しました
2022/05/25 19:10:20.640	OrderManager	情報	一覧の行を選択しました
2022/05/25 19:10:20.940	OrderManager	情報	一覧の行を選択しました
2022/05/25 19:10:20.942	OrderManager	情報	一覧を更新しました
2022/05/25 19:10:20.942	OrderManager	情報	一覧の行を選択しました
2022/05/25 19:10:21.345	OrderManager	情報	一覧の行を選択しました
2022/05/25 19:10:21.798	OrderManager	情報	一覧の行を選択しました
2022/05/25 19:10:21.799	OrderManager	情報	一覧を更新しました
2022/05/25 19:10:21.799	OrderManager	情報	一覧の行を選択しました
2022/05/25 19:10:22.081	OrderManager	情報	一覧の行を選択しました
2022/05/25 19:10:22.422	OrderManager	情報	一覧の行を選択しました
2022/05/25 19:10:22.424	OrderManager	情報	一覧を更新しました
2022/05/25 19:10:22.424	OrderManager	情報	一覧の行を選択しました
2022/05/25 19:10:22.865	OrderManager	情報	一覧の行を選択しました
2022/05/25 19:10:23.216	OrderManager	情報	一覧の行を選択しました
2022/05/25 19:10:23.218	OrderManager	情報	一覧を更新しました
2022/05/25 19:10:23.218	OrderManager	情報	一覧の行を選択しました
2022/05/25 19:10:23.611	OrderManager	情報	一覧の行を選択しました
2022/05/25 19:10:24.023	OrderManager	情報	一覧の行を選択しました
2022/05/25 19:10:24.024	OrderManager	情報	一覧を更新しました
2022/05/25 19:10:24.024	OrderManager	情報	一覧の行を選択しました
2022/05/25 19:10:24.177	OrderManager	情報	一覧の行を選択しました
2022/05/25 19:10:24.502	OrderManager	情報	一覧の行を選択しました
2022/05/25 19:10:24.503	OrderManager	情報	一覧を更新しました
2022/05/25 19:10:24.503	OrderManager	情報	一覧の行を選択しました
2022/05/25 19:10:24.885	OrderManager	情報	一覧の行を選択しました
2022/05/25 19:10:25.253	OrderManager	情報	一覧の行を選択しました
2022/05/25 19:10:25.254	OrderManager	情報	一覧を更新しました
2022/05/25 19:10:25.255	OrderManager	情報	一覧の行を選択しました
2022/05/25 19:10:25.599	OrderManager	情報	一覧の行を選択しました
2022/05/25 19:10:25.934	OrderManager	情報	一覧の行を選択しました
2022/05/25 19:10:25.935	OrderManager	情報	一覧を更新しました
2022/05/25 19:10:25.935	OrderManager	情報	一覧の行を選択しました
2022/05/25 19:10:26.354	OrderManager	情報	一覧の行を選択しました
2022/05/25 19:10:26.659	OrderManager	情報	一覧の行を選択しました
2022/05/25 19:10:26.661	OrderManager	情報	一覧を更新しました
2022/05/25 19:10:26.661	OrderManager	情報	一覧の行を選択しました
2022/05/25 19:10:27.121	OrderManager	情報	一覧の行を選択しました
2022/05/25 19:10:27.423	OrderManager	情報	一覧の行を選択しました
2022/05/25 19:10:27.427	OrderManager	情報	一覧を更新しました
2022/05/25 19:10:27.427	OrderManager	情報	一覧の行を選択しました
2022/05/25 19:10:27.987	OrderManager	情報	一覧の行を選択しました
2022/05/25 19:10:28.291	OrderManager	情報	一覧の行を選択しました
2022/05/25 19:10:28.293	OrderManager	情報	一覧を更新しました
2022/05/25 19:10:28.293	OrderManager	情報	一覧の行を選択しました
2022/05/25 19:10:28.715	OrderManager	情報	一覧の行を選択しました
2022/05/25 19:10:29.025	OrderManager	情報	一覧の行を選択しました
2022/05/25 19:10:29.026	OrderManager	情報	一覧を更新しました
2022/05/25 19:10:29.027	OrderManager	情報	一覧の行を選択しました
2022/05/25 19:10:33.441	OrderManager	情報	主画面を閉じました
2022/05/25 19:15:32.422	OrderManager	情報	一覧を更新しました
2022/05/25 19:15:32.424	OrderManager	情報	一覧を更新しました
2022/05/25 19:15:32.444	OrderManager	情報	一覧を更新しました
2022/05/25 19:15:32.461	OrderManager	情報	一覧を更新しました
2022/05/25 19:15:32.495	OrderManager	情報	一覧を更新しました
2022/05/25 19:15:32.521	OrderManager	情報	主画面の初期化を完了しました
2022/05/25 19:15:32.548	OrderManager	情報	一覧の行を選択しました
2022/05/25 19:15:32.561	OrderManager	情報	一覧の行を選択しました
2022/05/25 19:15:32.578	OrderManager	情報	一覧の行を選択しました
2022/05/25 19:15:32.579	OrderManager	情報	一覧を更新しました
2022/05/25 19:15:32.593	OrderManager	情報	一覧の行を選択しました
2022/05/25 19:15:32.607	OrderManager	情報	一覧の行を選択しました
2022/05/25 19:16:10.827	OrderManager	情報	一覧を更新しました
2022/05/25 19:16:10.913	OrderManager	情報	一覧を更新しました
2022/05/25 19:16:11.176	OrderManager	情報	一覧を更新しました
2022/05/25 19:16:11.261	OrderManager	情報	一覧を更新しました
2022/05/25 19:16:11.334	OrderManager	情報	主画面を開きました
2022/05/25 19:16:25.266	OrderManager	情報	一覧の行を選択しました
2022/05/25 19:16:25.268	OrderManager	情報	一覧を更新しました
2022/05/25 19:16:25.273	OrderManager	情報	一覧の行を選択しました
2022/05/25 19:16:25.278	OrderManager	情報	一覧の行を選択しました
2022/05/25 19:16:25.576	OrderManager	情報	一覧の行を選択しました
2022/05/25 19:16:25.578	OrderManager	情報	一覧を更新しました
2022/05/25 19:16:25.580	OrderManager	情報	一覧の行を選択しました
2022/05/25 19:16:25.615	OrderManager	情報	一覧の行を選択しました
2022/05/25 19:16:25.927	OrderManager	情報	一覧の行を選択しました
2022/05/25 19:16:25.929	OrderManager	情報	一覧を更新しました
2022/05/25 19:16:25.929	OrderManager	情報	一覧の行を選択しました
2022/05/25 19:16:25.938	OrderManager	情報	一覧を更新しました
2022/05/25 19:16:32.872	OrderManager	情報	一覧の行を選択しました
2022/05/25 19:16:33.271	OrderManager	情報	一覧の行を選択しました
2022/05/25 19:16:33.273	OrderManager	情報	一覧を更新しました
2022/05/25 19:16:33.276	OrderManager	情報	一覧の行を選択しました
2022/05/25 19:16:34.124	OrderManager	情報	一覧の行を選択しました
2022/05/25 19:16:34.477	OrderManager	情報	一覧の行を選択しました
2022/05/25 19:16:34.479	OrderManager	情報	一覧を更新しました
2022/05/25 19:16:34.479	OrderManager	情報	一覧の行を選択しました
2022/05/25 19:16:35.054	OrderManager	情報	一覧の行を選択しました
2022/05/25 19:16:35.362	OrderManager	情報	一覧の行を選択しました
2022/05/25 19:16:35.365	OrderManager	情報	一覧を更新しました
2022/05/25 19:16:35.365	OrderManager	情報	一覧の行を選択しました
2022/05/25 19:16:36.091	OrderManager	情報	一覧の行を選択しました
2022/05/25 19:16:36.405	OrderManager	情報	一覧の行を選択しました
2022/05/25 19:16:36.408	OrderManager	情報	一覧を更新しました
2022/05/25 19:16:36.408	OrderManager	情報	一覧の行を選択しました
2022/05/25 19:16:36.910	OrderManager	情報	一覧の行を選択しました
2022/05/25 19:16:37.228	OrderManager	情報	一覧の行を選択しました
2022/05/25 19:16:37.230	OrderManager	情報	一覧を更新しました
2022/05/25 19:16:37.230	OrderManager	情報	一覧の行を選択しました
2022/05/25 19:16:37.584	OrderManager	情報	一覧の行を選択しました
2022/05/25 19:16:37.885	OrderManager	情報	一覧の行を選択しました
2022/05/25 19:16:37.886	OrderManager	情報	一覧を更新しました
2022/05/25 19:16:37.887	OrderManager	情報	一覧の行を選択しました
2022/05/25 19:16:38.835	OrderManager	情報	一覧の行を選択しました
2022/05/25 19:16:39.139	OrderManager	情報	一覧の行を選択しました
2022/05/25 19:16:39.140	OrderManager	情報	一覧を更新しました
2022/05/25 19:16:39.141	OrderManager	情報	一覧の行を選択しました
2022/05/25 19:16:39.749	OrderManager	情報	一覧の行を選択しました
2022/05/25 19:16:40.049	OrderManager	情報	一覧の行を選択しました
2022/05/25 19:16:40.050	OrderManager	情報	一覧を更新しました
2022/05/25 19:16:40.051	OrderManager	情報	一覧の行を選択しました
2022/05/25 19:16:40.366	OrderManager	情報	一覧の行を選択しました
2022/05/25 19:16:40.668	OrderManager	情報	一覧の行を選択しました
2022/05/25 19:16:40.671	OrderManager	情報	一覧を更新しました
2022/05/25 19:16:40.671	OrderManager	情報	一覧の行を選択しました
2022/05/25 19:16:40.917	OrderManager	情報	一覧の行を選択しました
2022/05/25 19:16:41.222	OrderManager	情報	一覧の行を選択しました
2022/05/25 19:16:41.224	OrderManager	情報	一覧を更新しました
2022/05/25 19:16:41.224	OrderManager	情報	一覧の行を選択しました
2022/05/25 19:16:41.478	OrderManager	情報	一覧の行を選択しました
2022/05/25 19:16:41.785	OrderManager	情報	一覧の行を選択しました
2022/05/25 19:16:41.787	OrderManager	情報	一覧を更新しました
2022/05/25 19:16:41.788	OrderManager	情報	一覧の行を選択しました
2022/05/25 19:16:42.199	OrderManager	情報	一覧の行を選択しました
2022/05/25 19:16:42.510	OrderManager	情報	一覧の行を選択しました
2022/05/25 19:16:42.511	OrderManager	情報	一覧を更新しました
2022/05/25 19:16:42.512	OrderManager	情報	一覧の行を選択しました
2022/05/25 19:16:42.788	OrderManager	情報	一覧の行を選択しました
2022/05/25 19:16:43.126	OrderManager	情報	一覧の行を選択しました
2022/05/25 19:16:43.127	OrderManager	情報	一覧を更新しました
2022/05/25 19:16:43.127	OrderManager	情報	一覧の行を選択しました
2022/05/25 19:16:43.912	OrderManager	情報	一覧の行を選択しました
2022/05/25 19:16:44.213	OrderManager	情報	一覧の行を選択しました
2022/05/25 19:16:44.215	OrderManager	情報	一覧を更新しました
2022/05/25 19:16:44.216	OrderManager	情報	一覧の行を選択しました
2022/05/25 19:16:44.497	OrderManager	情報	一覧の行を選択しました
2022/05/25 19:16:44.826	OrderManager	情報	一覧の行を選択しました
2022/05/25 19:16:44.827	OrderManager	情報	一覧を更新しました
2022/05/25 19:16:44.827	OrderManager	情報	一覧の行を選択しました
2022/05/25 19:16:45.077	OrderManager	情報	一覧の行を選択しました
2022/05/25 19:16:45.388	OrderManager	情報	一覧の行を選択しました
2022/05/25 19:16:45.390	OrderManager	情報	一覧を更新しました
2022/05/25 19:16:45.391	OrderManager	情報	一覧の行を選択しました
2022/05/25 19:16:45.636	OrderManager	情報	一覧の行を選択しました
2022/05/25 19:16:45.936	OrderManager	情報	一覧の行を選択しました
2022/05/25 19:16:45.938	OrderManager	情報	一覧を更新しました
2022/05/25 19:16:45.938	OrderManager	情報	一覧の行を選択しました
2022/05/25 19:16:46.118	OrderManager	情報	一覧の行を選択しました
2022/05/25 19:16:46.443	OrderManager	情報	一覧の行を選択しました
2022/05/25 19:16:46.444	OrderManager	情報	一覧を更新しました
2022/05/25 19:16:46.444	OrderManager	情報	一覧の行を選択しました
2022/05/25 19:16:46.592	OrderManager	情報	一覧の行を選択しました
2022/05/25 19:16:46.892	OrderManager	情報	一覧の行を選択しました
2022/05/25 19:16:46.895	OrderManager	情報	一覧を更新しました
2022/05/25 19:16:46.895	OrderManager	情報	一覧の行を選択しました
2022/05/25 19:16:47.244	OrderManager	情報	一覧の行を選択しました
2022/05/25 19:16:47.556	OrderManager	情報	一覧の行を選択しました
2022/05/25 19:16:47.558	OrderManager	情報	一覧を更新しました
2022/05/25 19:16:47.559	OrderManager	情報	一覧の行を選択しました
2022/05/25 19:16:47.897	OrderManager	情報	一覧の行を選択しました
2022/05/25 19:16:48.205	OrderManager	情報	一覧の行を選択しました
2022/05/25 19:16:48.207	OrderManager	情報	一覧を更新しました
2022/05/25 19:16:48.207	OrderManager	情報	一覧の行を選択しました
2022/05/25 19:16:48.746	OrderManager	情報	一覧の行を選択しました
2022/05/25 19:16:49.054	OrderManager	情報	一覧の行を選択しました
2022/05/25 19:16:49.056	OrderManager	情報	一覧を更新しました
2022/05/25 19:16:49.056	OrderManager	情報	一覧の行を選択しました
2022/05/25 19:16:49.398	OrderManager	情報	一覧の行を選択しました
2022/05/25 19:16:49.741	OrderManager	情報	一覧の行を選択しました
2022/05/25 19:16:49.743	OrderManager	情報	一覧を更新しました
2022/05/25 19:16:49.743	OrderManager	情報	一覧の行を選択しました
2022/05/25 19:16:50.484	OrderManager	情報	一覧の行を選択しました
2022/05/25 19:16:50.783	OrderManager	情報	一覧の行を選択しました
2022/05/25 19:16:50.785	OrderManager	情報	一覧を更新しました
2022/05/25 19:16:50.785	OrderManager	情報	一覧の行を選択しました
2022/05/25 19:16:51.216	OrderManager	情報	一覧の行を選択しました
2022/05/25 19:16:51.537	OrderManager	情報	一覧の行を選択しました
2022/05/25 19:16:51.539	OrderManager	情報	一覧を更新しました
2022/05/25 19:16:51.539	OrderManager	情報	一覧の行を選択しました
2022/05/25 19:16:51.908	OrderManager	情報	一覧の行を選択しました
2022/05/25 19:16:52.254	OrderManager	情報	一覧の行を選択しました
2022/05/25 19:16:52.256	OrderManager	情報	一覧を更新しました
2022/05/25 19:16:52.257	OrderManager	情報	一覧の行を選択しました
2022/05/25 19:16:52.634	OrderManager	情報	一覧の行を選択しました
2022/05/25 19:16:52.954	OrderManager	情報	一覧の行を選択しました
2022/05/25 19:16:52.956	OrderManager	情報	一覧を更新しました
2022/05/25 19:16:52.956	OrderManager	情報	一覧の行を選択しました
2022/05/25 19:16:53.007	OrderManager	情報	一覧の行を選択しました
2022/05/25 19:16:53.372	OrderManager	情報	一覧の行を選択しました
2022/05/25 19:16:53.374	OrderManager	情報	一覧を更新しました
2022/05/25 19:16:53.374	OrderManager	情報	一覧の行を選択しました
2022/05/25 19:16:53.414	OrderManager	情報	一覧の行を選択しました
2022/05/25 19:16:53.730	OrderManager	情報	一覧の行を選択しました
2022/05/25 19:16:53.732	OrderManager	情報	一覧を更新しました
2022/05/25 19:16:53.733	OrderManager	情報	一覧の行を選択しました
2022/05/25 19:16:53.759	OrderManager	情報	一覧の行を選択しました
2022/05/25 19:16:54.055	OrderManager	情報	一覧の行を選択しました
2022/05/25 19:16:54.057	OrderManager	情報	一覧を更新しました
2022/05/25 19:16:54.058	OrderManager	情報	一覧の行を選択しました
2022/05/25 19:16:54.080	OrderManager	情報	一覧の行を選択しました
2022/05/25 19:16:54.470	OrderManager	情報	一覧の行を選択しました
2022/05/25 19:16:54.471	OrderManager	情報	一覧を更新しました
2022/05/25 19:16:54.472	OrderManager	情報	一覧の行を選択しました
2022/05/25 19:16:54.495	OrderManager	情報	一覧の行を選択しました
2022/05/25 19:16:54.789	OrderManager	情報	一覧の行を選択しました
2022/05/25 19:16:54.791	OrderManager	情報	一覧を更新しました
2022/05/25 19:16:54.792	OrderManager	情報	一覧の行を選択しました
2022/05/25 19:16:54.830	OrderManager	情報	一覧の行を選択しました
2022/05/25 19:16:55.137	OrderManager	情報	一覧の行を選択しました
2022/05/25 19:16:55.138	OrderManager	情報	一覧を更新しました
2022/05/25 19:16:55.138	OrderManager	情報	一覧の行を選択しました
2022/05/25 19:16:55.164	OrderManager	情報	一覧の行を選択しました
2022/05/25 19:16:55.501	OrderManager	情報	一覧の行を選択しました
2022/05/25 19:16:55.502	OrderManager	情報	一覧を更新しました
2022/05/25 19:16:55.502	OrderManager	情報	一覧の行を選択しました
2022/05/25 19:16:55.529	OrderManager	情報	一覧の行を選択しました
2022/05/25 19:16:55.828	OrderManager	情報	一覧の行を選択しました
2022/05/25 19:16:55.829	OrderManager	情報	一覧を更新しました
2022/05/25 19:16:55.830	OrderManager	情報	一覧の行を選択しました
2022/05/25 19:16:55.852	OrderManager	情報	一覧の行を選択しました
2022/05/25 19:16:56.150	OrderManager	情報	一覧の行を選択しました
2022/05/25 19:16:56.151	OrderManager	情報	一覧を更新しました
2022/05/25 19:16:56.151	OrderManager	情報	一覧の行を選択しました
2022/05/25 19:16:56.180	OrderManager	情報	一覧の行を選択しました
2022/05/25 19:16:56.480	OrderManager	情報	一覧の行を選択しました
2022/05/25 19:16:56.482	OrderManager	情報	一覧を更新しました
2022/05/25 19:16:56.482	OrderManager	情報	一覧の行を選択しました
2022/05/25 19:16:56.505	OrderManager	情報	一覧の行を選択しました
2022/05/25 19:16:56.874	OrderManager	情報	一覧の行を選択しました
2022/05/25 19:16:56.876	OrderManager	情報	一覧を更新しました
2022/05/25 19:16:56.877	OrderManager	情報	一覧の行を選択しました
2022/05/25 19:19:33.106	OrderManager	情報	一覧の行を選択しました
2022/05/25 19:19:33.161	OrderManager	情報	一覧の行を選択しました
2022/05/25 19:19:33.188	OrderManager	情報	一覧の行を選択しました
2022/05/25 19:19:33.190	OrderManager	情報	一覧を更新しました
2022/05/25 19:19:33.190	OrderManager	情報	一覧の行を選択しました
2022/05/25 19:19:33.215	OrderManager	情報	一覧の行を選択しました
2022/05/25 19:19:35.772	OrderManager	情報	一覧を更新しました
2022/05/25 19:19:40.544	OrderManager	情報	一覧の行を選択しました
2022/05/25 19:19:42.365	OrderManager	情報	一覧の行を選択しました
2022/05/25 19:19:43.453	OrderManager	情報	一覧の行を選択しました
2022/05/25 19:19:43.823	OrderManager	情報	一覧の行を選択しました
2022/05/25 19:19:44.190	OrderManager	情報	一覧の行を選択しました
2022/05/25 19:19:44.607	OrderManager	情報	一覧の行を選択しました
2022/05/25 19:19:44.992	OrderManager	情報	一覧の行を選択しました
2022/05/25 19:19:45.277	OrderManager	情報	一覧の行を選択しました
2022/05/25 19:19:45.596	OrderManager	情報	一覧の行を選択しました
2022/05/25 19:19:45.822	OrderManager	情報	一覧の行を選択しました
2022/05/25 19:19:45.995	OrderManager	情報	一覧の行を選択しました
2022/05/25 19:19:46.352	OrderManager	情報	一覧の行を選択しました
2022/05/25 19:19:46.623	OrderManager	情報	一覧の行を選択しました
2022/05/25 19:19:46.861	OrderManager	情報	一覧の行を選択しました
2022/05/25 19:19:47.070	OrderManager	情報	一覧の行を選択しました
2022/05/25 19:19:47.295	OrderManager	情報	一覧の行を選択しました
2022/05/25 19:19:47.503	OrderManager	情報	一覧の行を選択しました
2022/05/25 19:19:47.696	OrderManager	情報	一覧の行を選択しました
2022/05/25 19:19:47.904	OrderManager	情報	一覧の行を選択しました
2022/05/25 19:19:48.095	OrderManager	情報	一覧の行を選択しました
2022/05/25 19:19:48.291	OrderManager	情報	一覧の行を選択しました
2022/05/25 19:19:48.478	OrderManager	情報	一覧の行を選択しました
2022/05/25 19:19:48.655	OrderManager	情報	一覧の行を選択しました
2022/05/25 19:19:48.829	OrderManager	情報	一覧の行を選択しました
2022/05/25 19:19:49.005	OrderManager	情報	一覧の行を選択しました
2022/05/25 19:19:49.311	OrderManager	情報	一覧の行を選択しました
2022/05/25 19:19:49.533	OrderManager	情報	一覧の行を選択しました
2022/05/25 19:19:49.791	OrderManager	情報	一覧の行を選択しました
2022/05/25 19:19:49.963	OrderManager	情報	一覧の行を選択しました
2022/05/25 19:19:50.073	OrderManager	情報	一覧の行を選択しました
2022/05/25 19:19:50.181	OrderManager	情報	一覧の行を選択しました
2022/05/25 19:19:50.397	OrderManager	情報	一覧の行を選択しました
2022/05/25 19:19:50.588	OrderManager	情報	一覧の行を選択しました
2022/05/25 19:19:50.814	OrderManager	情報	一覧の行を選択しました
2022/05/25 19:19:51.022	OrderManager	情報	一覧の行を選択しました
2022/05/25 19:19:51.280	OrderManager	情報	一覧の行を選択しました
2022/05/25 19:19:51.504	OrderManager	情報	一覧の行を選択しました
2022/05/25 19:19:51.774	OrderManager	情報	一覧の行を選択しました
2022/05/25 19:19:51.965	OrderManager	情報	一覧の行を選択しました
2022/05/25 19:19:52.149	OrderManager	情報	一覧の行を選択しました
2022/05/25 19:19:52.272	OrderManager	情報	一覧の行を選択しました
2022/05/25 19:19:52.443	OrderManager	情報	一覧の行を選択しました
2022/05/25 19:19:52.601	OrderManager	情報	一覧の行を選択しました
2022/05/25 19:19:52.847	OrderManager	情報	一覧の行を選択しました
2022/05/25 19:19:53.053	OrderManager	情報	一覧の行を選択しました
2022/05/25 19:19:53.296	OrderManager	情報	一覧の行を選択しました
2022/05/25 19:19:53.552	OrderManager	情報	一覧の行を選択しました
2022/05/25 19:19:53.788	OrderManager	情報	一覧の行を選択しました
2022/05/25 19:19:53.965	OrderManager	情報	一覧の行を選択しました
2022/05/25 19:19:54.148	OrderManager	情報	一覧の行を選択しました
2022/05/25 19:19:54.269	OrderManager	情報	一覧の行を選択しました
2022/05/25 19:19:54.442	OrderManager	情報	一覧の行を選択しました
2022/05/25 19:19:54.602	OrderManager	情報	一覧の行を選択しました
2022/05/25 19:19:54.744	OrderManager	情報	一覧の行を選択しました
2022/05/25 19:19:55.010	OrderManager	情報	一覧の行を選択しました
2022/05/25 19:19:55.229	OrderManager	情報	一覧の行を選択しました
2022/05/25 19:19:55.471	OrderManager	情報	一覧の行を選択しました
2022/05/25 19:19:55.655	OrderManager	情報	一覧の行を選択しました
2022/05/25 19:19:55.834	OrderManager	情報	一覧の行を選択しました
2022/05/25 19:19:56.030	OrderManager	情報	一覧の行を選択しました
2022/05/25 19:19:56.288	OrderManager	情報	一覧の行を選択しました
2022/05/25 19:19:56.574	OrderManager	情報	一覧の行を選択しました
2022/05/25 19:19:56.817	OrderManager	情報	一覧の行を選択しました
2022/05/25 19:19:57.074	OrderManager	情報	一覧の行を選択しました
2022/05/25 19:19:57.346	OrderManager	情報	一覧の行を選択しました
2022/05/25 19:19:57.632	OrderManager	情報	一覧の行を選択しました
2022/05/25 19:19:57.901	OrderManager	情報	一覧の行を選択しました
2022/05/25 19:19:58.097	OrderManager	情報	一覧の行を選択しました
2022/05/25 19:19:58.273	OrderManager	情報	一覧の行を選択しました
2022/05/25 19:19:58.526	OrderManager	情報	一覧の行を選択しました
2022/05/25 19:19:58.706	OrderManager	情報	一覧の行を選択しました
2022/05/25 19:19:58.886	OrderManager	情報	一覧の行を選択しました
2022/05/25 19:19:59.117	OrderManager	情報	一覧の行を選択しました
2022/05/25 19:19:59.360	OrderManager	情報	一覧の行を選択しました
2022/05/25 19:19:59.613	OrderManager	情報	一覧の行を選択しました
2022/05/25 19:19:59.904	OrderManager	情報	一覧の行を選択しました
2022/05/25 19:20:00.207	OrderManager	情報	一覧の行を選択しました
2022/05/25 19:20:00.446	OrderManager	情報	一覧の行を選択しました
2022/05/25 19:20:00.596	OrderManager	情報	一覧の行を選択しました
2022/05/25 19:20:00.721	OrderManager	情報	一覧の行を選択しました
2022/05/25 19:20:00.900	OrderManager	情報	一覧の行を選択しました
2022/05/25 19:20:01.025	OrderManager	情報	一覧の行を選択しました
2022/05/25 19:20:01.420	OrderManager	情報	一覧の行を選択しました
2022/05/25 19:20:01.967	OrderManager	情報	一覧の行を選択しました
2022/05/25 19:20:02.286	OrderManager	情報	一覧の行を選択しました
2022/05/25 19:20:02.623	OrderManager	情報	一覧の行を選択しました
2022/05/25 19:20:02.927	OrderManager	情報	一覧の行を選択しました
2022/05/25 19:20:03.229	OrderManager	情報	一覧の行を選択しました
2022/05/25 19:20:03.417	OrderManager	情報	一覧の行を選択しました
2022/05/25 19:20:03.886	OrderManager	情報	一覧の行を選択しました
2022/05/25 19:20:04.412	OrderManager	情報	一覧の行を選択しました
2022/05/25 19:20:04.702	OrderManager	情報	一覧の行を選択しました
2022/05/25 19:20:04.990	OrderManager	情報	一覧の行を選択しました
2022/05/25 19:20:05.173	OrderManager	情報	一覧の行を選択しました
2022/05/25 19:20:05.297	OrderManager	情報	一覧の行を選択しました
2022/05/25 19:20:05.936	OrderManager	情報	一覧の行を選択しました
2022/05/25 19:20:06.207	OrderManager	情報	一覧の行を選択しました
2022/05/25 19:20:06.494	OrderManager	情報	一覧の行を選択しました
2022/05/25 19:20:06.764	OrderManager	情報	一覧の行を選択しました
2022/05/25 19:20:07.038	OrderManager	情報	一覧の行を選択しました
2022/05/25 19:20:07.231	OrderManager	情報	一覧の行を選択しました
2022/05/25 19:20:07.373	OrderManager	情報	一覧の行を選択しました
2022/05/25 19:20:07.534	OrderManager	情報	一覧の行を選択しました
2022/05/25 19:20:07.653	OrderManager	情報	一覧の行を選択しました
2022/05/25 19:20:07.932	OrderManager	情報	一覧の行を選択しました
2022/05/25 19:20:08.062	OrderManager	情報	一覧の行を選択しました
2022/05/25 19:20:08.364	OrderManager	情報	一覧の行を選択しました
2022/05/25 19:20:08.524	OrderManager	情報	一覧の行を選択しました
2022/05/25 19:20:08.797	OrderManager	情報	一覧の行を選択しました
2022/05/25 19:20:09.067	OrderManager	情報	一覧の行を選択しました
2022/05/25 19:20:09.341	OrderManager	情報	一覧の行を選択しました
2022/05/25 19:20:09.618	OrderManager	情報	一覧の行を選択しました
2022/05/25 19:20:09.934	OrderManager	情報	一覧の行を選択しました
2022/05/25 19:20:10.301	OrderManager	情報	一覧の行を選択しました
2022/05/25 19:20:10.639	OrderManager	情報	一覧の行を選択しました
2022/05/25 19:20:10.782	OrderManager	情報	一覧の行を選択しました
2022/05/25 19:20:11.068	OrderManager	情報	一覧の行を選択しました
2022/05/25 19:20:11.341	OrderManager	情報	一覧の行を選択しました
2022/05/25 19:20:11.564	OrderManager	情報	一覧の行を選択しました
2022/05/25 19:20:11.806	OrderManager	情報	一覧の行を選択しました
2022/05/25 19:20:12.126	OrderManager	情報	一覧の行を選択しました
2022/05/25 19:20:12.397	OrderManager	情報	一覧の行を選択しました
2022/05/25 19:20:12.589	OrderManager	情報	一覧の行を選択しました
2022/05/25 19:20:12.799	OrderManager	情報	一覧の行を選択しました
2022/05/25 19:20:12.976	OrderManager	情報	一覧の行を選択しました
2022/05/25 19:20:13.199	OrderManager	情報	一覧の行を選択しました
2022/05/25 19:20:13.422	OrderManager	情報	一覧の行を選択しました
2022/05/25 19:20:14.044	OrderManager	情報	一覧の行を選択しました
2022/05/25 19:20:14.237	OrderManager	情報	一覧の行を選択しました
2022/05/25 19:20:14.348	OrderManager	情報	一覧の行を選択しました
2022/05/25 19:20:14.523	OrderManager	情報	一覧の行を選択しました
2022/05/25 19:20:14.644	OrderManager	情報	一覧の行を選択しました
2022/05/25 19:20:14.824	OrderManager	情報	一覧の行を選択しました
2022/05/25 19:20:14.932	OrderManager	情報	一覧の行を選択しました
2022/05/25 19:20:15.052	OrderManager	情報	一覧の行を選択しました
2022/05/25 19:20:15.161	OrderManager	情報	一覧の行を選択しました
2022/05/25 19:20:15.405	OrderManager	情報	一覧の行を選択しました
2022/05/25 19:20:15.646	OrderManager	情報	一覧の行を選択しました
2022/05/25 19:20:15.871	OrderManager	情報	一覧の行を選択しました
2022/05/25 19:21:41.702	OrderManager	情報	一覧の行を選択しました
2022/05/25 19:21:52.973	OrderManager	情報	一覧の行を選択しました
2022/05/25 19:21:52.975	OrderManager	情報	一覧を更新しました
2022/05/25 19:21:52.975	OrderManager	情報	一覧の行を選択しました
2022/05/25 19:21:59.044	OrderManager	情報	一覧の行を選択しました
2022/05/25 19:21:59.773	OrderManager	情報	一覧の行を選択しました
2022/05/25 19:21:59.774	OrderManager	情報	一覧を更新しました
2022/05/25 19:21:59.774	OrderManager	情報	一覧の行を選択しました
2022/05/25 19:22:03.108	OrderManager	情報	一覧の行を選択しました
2022/05/25 19:22:03.408	OrderManager	情報	一覧の行を選択しました
2022/05/25 19:22:03.410	OrderManager	情報	一覧を更新しました
2022/05/25 19:22:03.411	OrderManager	情報	一覧の行を選択しました
2022/05/25 19:22:05.118	OrderManager	情報	一覧の行を選択しました
2022/05/25 19:22:05.414	OrderManager	情報	一覧の行を選択しました
2022/05/25 19:22:05.415	OrderManager	情報	一覧を更新しました
2022/05/25 19:22:05.416	OrderManager	情報	一覧の行を選択しました
2022/05/25 19:22:05.912	OrderManager	情報	一覧の行を選択しました
2022/05/25 19:22:06.585	OrderManager	情報	一覧の行を選択しました
2022/05/25 19:22:06.586	OrderManager	情報	一覧を更新しました
2022/05/25 19:22:06.587	OrderManager	情報	一覧の行を選択しました
2022/05/25 19:22:06.975	OrderManager	情報	一覧の行を選択しました
2022/05/25 19:22:07.287	OrderManager	情報	一覧の行を選択しました
2022/05/25 19:22:07.289	OrderManager	情報	一覧を更新しました
2022/05/25 19:22:07.289	OrderManager	情報	一覧の行を選択しました
2022/05/25 19:22:07.708	OrderManager	情報	一覧の行を選択しました
2022/05/25 19:22:08.007	OrderManager	情報	一覧の行を選択しました
2022/05/25 19:22:08.009	OrderManager	情報	一覧を更新しました
2022/05/25 19:22:08.009	OrderManager	情報	一覧の行を選択しました
2022/05/25 19:22:08.960	OrderManager	情報	一覧の行を選択しました
2022/05/25 19:22:09.305	OrderManager	情報	一覧の行を選択しました
2022/05/25 19:22:09.306	OrderManager	情報	一覧を更新しました
2022/05/25 19:22:09.307	OrderManager	情報	一覧の行を選択しました
2022/05/25 19:22:09.483	OrderManager	情報	一覧の行を選択しました
2022/05/25 19:22:09.814	OrderManager	情報	一覧の行を選択しました
2022/05/25 19:22:09.815	OrderManager	情報	一覧を更新しました
2022/05/25 19:22:09.815	OrderManager	情報	一覧の行を選択しました
2022/05/25 19:22:10.153	OrderManager	情報	一覧の行を選択しました
2022/05/25 19:22:10.468	OrderManager	情報	一覧の行を選択しました
2022/05/25 19:22:10.470	OrderManager	情報	一覧を更新しました
2022/05/25 19:22:10.470	OrderManager	情報	一覧の行を選択しました
2022/05/25 19:22:16.982	OrderManager	情報	一覧の行を選択しました
2022/05/25 19:24:17.762	OrderManager	情報	一覧の行を選択しました
2022/05/25 19:24:17.873	OrderManager	情報	一覧の行を選択しました
2022/05/25 19:24:17.897	OrderManager	情報	一覧の行を選択しました
2022/05/25 19:24:17.899	OrderManager	情報	一覧を更新しました
2022/05/25 19:24:17.900	OrderManager	情報	一覧の行を選択しました
2022/05/25 19:24:17.924	OrderManager	情報	一覧の行を選択しました
2022/05/25 19:24:20.527	OrderManager	情報	一覧を更新しました
2022/05/25 19:24:20.550	OrderManager	情報	一覧の行を選択しました
