c:\share\share\nipponpaint\3.pg\serialdll\serialdll\serialdll\serialdll\x64\debug\serialdll.pch
c:\share\share\nipponpaint\3.pg\serialdll\serialdll\serialdll\serialdll\x64\debug\vc143.pdb
c:\share\share\nipponpaint\3.pg\serialdll\serialdll\serialdll\serialdll\x64\debug\vc143.idb
c:\share\share\nipponpaint\3.pg\serialdll\serialdll\serialdll\serialdll\x64\debug\pch.obj
c:\share\share\nipponpaint\3.pg\serialdll\serialdll\serialdll\serialdll\x64\debug\winec.obj
c:\share\share\nipponpaint\3.pg\serialdll\serialdll\serialdll\serialdll\x64\debug\util_strtok.obj
c:\share\share\nipponpaint\3.pg\serialdll\serialdll\serialdll\serialdll\x64\debug\util_file.obj
c:\share\share\nipponpaint\3.pg\serialdll\serialdll\serialdll\serialdll\x64\debug\util_ccmstr.obj
c:\share\share\nipponpaint\3.pg\serialdll\serialdll\serialdll\serialdll\x64\debug\thr_semaphore.obj
c:\share\share\nipponpaint\3.pg\serialdll\serialdll\serialdll\serialdll\x64\debug\serialparams.obj
c:\share\share\nipponpaint\3.pg\serialdll\serialdll\serialdll\serialdll\x64\debug\params.obj
c:\share\share\nipponpaint\3.pg\serialdll\serialdll\serialdll\serialdll\x64\debug\ecode.obj
c:\share\share\nipponpaint\3.pg\serialdll\serialdll\serialdll\serialdll\x64\debug\dllmain.obj
c:\share\share\nipponpaint\3.pg\serialdll\serialdll\serialdll\serialdll\x64\debug\dbglog.obj
c:\share\share\nipponpaint\3.pg\serialdll\serialdll\serialdll\serialdll\x64\debug\comport.obj
c:\share\share\nipponpaint\3.pg\serialdll\serialdll\serialdll\serialdll\x64\debug\ccm.obj
c:\share\share\nipponpaint\3.pg\serialdll\serialdll\serialdll\serialdll\x64\debug\ccmmsg.obj
c:\share\share\nipponpaint\3.pg\serialdll\serialdll\serialdll\serialdll\x64\debug\serialdll.ilk
c:\share\share\nipponpaint\3.pg\serialdll\serialdll\serialdll\x64\debug\serialdll.dll
c:\share\share\nipponpaint\3.pg\serialdll\serialdll\serialdll\x64\debug\serialdll.pdb
c:\share\share\nipponpaint\3.pg\serialdll\serialdll\serialdll\x64\debug\serialdll.lib
c:\share\share\nipponpaint\3.pg\serialdll\serialdll\serialdll\x64\debug\serialdll.exp
c:\share\share\nipponpaint\3.pg\serialdll\serialdll\serialdll\serialdll\x64\debug\serialdll.tlog\cl.command.1.tlog
c:\share\share\nipponpaint\3.pg\serialdll\serialdll\serialdll\serialdll\x64\debug\serialdll.tlog\cl.read.1.tlog
c:\share\share\nipponpaint\3.pg\serialdll\serialdll\serialdll\serialdll\x64\debug\serialdll.tlog\cl.write.1.tlog
c:\share\share\nipponpaint\3.pg\serialdll\serialdll\serialdll\serialdll\x64\debug\serialdll.tlog\link.command.1.tlog
c:\share\share\nipponpaint\3.pg\serialdll\serialdll\serialdll\serialdll\x64\debug\serialdll.tlog\link.read.1.tlog
c:\share\share\nipponpaint\3.pg\serialdll\serialdll\serialdll\serialdll\x64\debug\serialdll.tlog\link.write.1.tlog
c:\share\share\nipponpaint\3.pg\serialdll\serialdll\serialdll\serialdll\x64\debug\serialdll.tlog\serialdll.write.1u.tlog
