2022/06/22 11:07:37.209	DatabaseManager	情報	ボタンをクリックしました（機能：設定）
2022/06/22 11:07:45.016	DatabaseManager	情報	ボタンをクリックしました（機能：閉じる）
2022/06/22 11:10:48.737	DatabaseManager	情報	ボタンをクリックしました（機能：閉じる）
2022/06/22 11:14:25.306	DatabaseManager	情報	ボタンをクリックしました（機能：設定）
2022/06/22 11:14:44.528	DatabaseManager	情報	ボタンをクリックしました（機能：設定を元に戻す）
2022/06/22 11:14:45.104	DatabaseManager	情報	ボタンをクリックしました（機能：閉じる）
2022/06/22 11:14:46.594	DatabaseManager	情報	ボタンをクリックしました（機能：閉じる）
2022/06/22 11:56:20.253	DatabaseManager	情報	ボタンをクリックしました（機能：設定）
2022/06/22 11:57:10.676	DatabaseManager	情報	ボタンをクリックしました（機能：設定を元に戻す）
2022/06/22 11:57:11.450	DatabaseManager	情報	ボタンをクリックしました（機能：閉じる）
2022/06/22 11:57:14.411	DatabaseManager	情報	ボタンをクリックしました（機能：閉じる）
2022/06/22 11:59:23.860	DatabaseManager	情報	ボタンをクリックしました（機能：設定）
2022/06/22 11:59:44.779	DatabaseManager	情報	ボタンをクリックしました（機能：設定を元に戻す）
2022/06/22 11:59:45.899	DatabaseManager	情報	ボタンをクリックしました（機能：閉じる）
2022/06/22 11:59:47.370	DatabaseManager	情報	ボタンをクリックしました（機能：閉じる）
2022/06/22 13:48:34.688	DatabaseManager	情報	ボタンをクリックしました（機能：設定）
2022/06/22 14:03:10.422	DatabaseManager	情報	ボタンをクリックしました（機能：設定を元に戻す）
2022/06/22 14:04:21.433	DatabaseManager	情報	ボタンをクリックしました（機能：設定）
2022/06/22 14:05:12.569	DatabaseManager	情報	ボタンをクリックしました（機能：設定）
2022/06/22 14:05:29.353	DatabaseManager	情報	ボタンをクリックしました（機能：設定を保存）
2022/06/22 14:12:33.450	DatabaseManager	情報	ボタンをクリックしました（機能：データベースメンテナンス）
2022/06/22 14:13:11.433	DatabaseManager	情報	ボタンをクリックしました（機能：閉じる）
2022/06/22 14:13:12.457	DatabaseManager	情報	ボタンをクリックしました（機能：閉じる）
2022/06/22 14:13:42.210	DatabaseManager	情報	ボタンをクリックしました（機能：データベースメンテナンス）
2022/06/22 14:15:19.090	DatabaseManager	情報	ボタンをクリックしました（機能：閉じる）
2022/06/22 14:17:50.184	DatabaseManager	情報	ボタンをクリックしました（機能：設定）
2022/06/22 14:18:31.241	DatabaseManager	情報	ボタンをクリックしました（機能：閉じる）
2022/06/22 14:18:38.409	DatabaseManager	情報	ボタンをクリックしました（機能：設定）
2022/06/22 14:18:41.835	DatabaseManager	情報	ボタンをクリックしました（機能：調色担当）
2022/06/22 14:19:37.553	DatabaseManager	情報	ボタンをクリックしました（機能：閉じる）
2022/06/22 14:19:38.817	DatabaseManager	情報	ボタンをクリックしました（機能：表示色）
2022/06/22 14:20:39.577	DatabaseManager	情報	ボタンをクリックしました（機能：閉じる）
2022/06/22 14:20:43.107	DatabaseManager	情報	ボタンをクリックしました（機能：配送設定）
2022/06/22 15:28:48.308	DatabaseManager	情報	ボタンをクリックしました（機能：データベースメンテナンス）
2022/06/22 15:31:05.343	DatabaseManager	情報	ボタンをクリックしました（機能：設定）
2022/06/22 15:31:09.324	DatabaseManager	情報	ボタンをクリックしました（機能：閉じる）
2022/06/22 15:31:10.060	DatabaseManager	情報	ボタンをクリックしました（機能：データベースメンテナンス）
2022/06/22 16:01:10.886	DatabaseManager	情報	ボタンをクリックしました（機能：設定）
2022/06/22 16:01:19.695	DatabaseManager	情報	ボタンをクリックしました（機能：閉じる）
2022/06/22 16:02:42.933	DatabaseManager	情報	ボタンをクリックしました（機能：設定）
2022/06/22 16:03:04.814	DatabaseManager	情報	ボタンをクリックしました（機能：設定を元に戻す）
2022/06/22 16:03:05.486	DatabaseManager	情報	ボタンをクリックしました（機能：閉じる）
2022/06/22 16:03:06.959	DatabaseManager	情報	ボタンをクリックしました（機能：閉じる）
